player initial finish
Episode starts from:  1
episode: 500
=> Save ./models/logs_m_2/q_2/t_2/l_0/latency_Nones/model-500.pth
Episode: 500 Reward: -679.053 Loss: 79.995
episode: 1000
=> Save ./models/logs_m_2/q_2/t_2/l_0/latency_Nones/model-1000.pth
Episode: 1000 Reward: -910.496 Loss: 83.733
episode: 1500
=> Save ./models/logs_m_2/q_2/t_2/l_0/latency_Nones/model-1500.pth
Episode: 1500 Reward: -3534.376 Loss: 60.318
episode: 2000
=> Save ./models/logs_m_2/q_2/t_2/l_0/latency_Nones/model-2000.pth
Episode: 2000 Reward: -538.151 Loss: 118.173
episode: 2500
=> Save ./models/logs_m_2/q_2/t_2/l_0/latency_Nones/model-2500.pth
Episode: 2500 Reward: -534.016 Loss: 34.903
episode: 3000
=> Save ./models/logs_m_2/q_2/t_2/l_0/latency_Nones/model-3000.pth
Episode: 3000 Reward: -846.901 Loss: 45.484
episode: 3500
=> Save ./models/logs_m_2/q_2/t_2/l_0/latency_Nones/model-3500.pth
Episode: 3500 Reward: -392.238 Loss: 27.087
episode: 4000
=> Save ./models/logs_m_2/q_2/t_2/l_0/latency_Nones/model-4000.pth
Episode: 4000 Reward: -402.235 Loss: 51.716
episode: 4500
=> Save ./models/logs_m_2/q_2/t_2/l_0/latency_Nones/model-4500.pth
Episode: 4500 Reward: -429.635 Loss: 58.852
episode: 5000
=> Save ./models/logs_m_2/q_2/t_2/l_0/latency_Nones/model-5000.pth
Episode: 5000 Reward: -452.892 Loss: 71.165
episode: 5500
=> Save ./models/logs_m_2/q_2/t_2/l_0/latency_Nones/model-5500.pth
Episode: 5500 Reward: -1039.420 Loss: 127.905
episode: 6000
=> Save ./models/logs_m_2/q_2/t_2/l_0/latency_Nones/model-6000.pth
Episode: 6000 Reward: -3367.939 Loss: 66.681
episode: 6500
=> Save ./models/logs_m_2/q_2/t_2/l_0/latency_Nones/model-6500.pth
Episode: 6500 Reward: -404.641 Loss: 36.108
episode: 7000
=> Save ./models/logs_m_2/q_2/t_2/l_0/latency_Nones/model-7000.pth
Episode: 7000 Reward: -1103.000 Loss: 42.343
episode: 7500
=> Save ./models/logs_m_2/q_2/t_2/l_0/latency_Nones/model-7500.pth
Episode: 7500 Reward: -344.037 Loss: 72.321
episode: 8000
=> Save ./models/logs_m_2/q_2/t_2/l_0/latency_Nones/model-8000.pth
Episode: 8000 Reward: -2212.549 Loss: 107.617
episode: 8500
=> Save ./models/logs_m_2/q_2/t_2/l_0/latency_Nones/model-8500.pth
Episode: 8500 Reward: -449.704 Loss: 25.705
episode: 9000
=> Save ./models/logs_m_2/q_2/t_2/l_0/latency_Nones/model-9000.pth
Episode: 9000 Reward: -441.795 Loss: 37.815
episode: 9500
=> Save ./models/logs_m_2/q_2/t_2/l_0/latency_Nones/model-9500.pth
Episode: 9500 Reward: -3232.399 Loss: 70.081
episode: 10000
=> Save ./models/logs_m_2/q_2/t_2/l_0/latency_Nones/model-10000.pth
Episode: 10000 Reward: -833.833 Loss: 50.787
episode: 10500
=> Save ./models/logs_m_2/q_2/t_2/l_0/latency_Nones/model-10500.pth
Episode: 10500 Reward: -543.330 Loss: 71.138
episode: 11000
=> Save ./models/logs_m_2/q_2/t_2/l_0/latency_Nones/model-11000.pth
Episode: 11000 Reward: -270.876 Loss: 48.252
episode: 11500
=> Save ./models/logs_m_2/q_2/t_2/l_0/latency_Nones/model-11500.pth
Episode: 11500 Reward: -139.461 Loss: 74.020
episode: 12000
=> Save ./models/logs_m_2/q_2/t_2/l_0/latency_Nones/model-12000.pth
Episode: 12000 Reward: -394.958 Loss: 33.361
episode: 12500
=> Save ./models/logs_m_2/q_2/t_2/l_0/latency_Nones/model-12500.pth
Episode: 12500 Reward: -140.285 Loss: 132.073
episode: 13000
=> Save ./models/logs_m_2/q_2/t_2/l_0/latency_Nones/model-13000.pth
Episode: 13000 Reward: -1780.563 Loss: 38.790
episode: 13500
=> Save ./models/logs_m_2/q_2/t_2/l_0/latency_Nones/model-13500.pth
Episode: 13500 Reward: -692.250 Loss: 42.137
episode: 14000
=> Save ./models/logs_m_2/q_2/t_2/l_0/latency_Nones/model-14000.pth
Episode: 14000 Reward: -245.916 Loss: 25.179
episode: 14500
=> Save ./models/logs_m_2/q_2/t_2/l_0/latency_Nones/model-14500.pth
Episode: 14500 Reward: -369.369 Loss: 31.960
episode: 15000
=> Save ./models/logs_m_2/q_2/t_2/l_0/latency_Nones/model-15000.pth
Episode: 15000 Reward: -239.062 Loss: 37.731
episode: 15500
=> Save ./models/logs_m_2/q_2/t_2/l_0/latency_Nones/model-15500.pth
Episode: 15500 Reward: -131.514 Loss: 28.873
episode: 16000
=> Save ./models/logs_m_2/q_2/t_2/l_0/latency_Nones/model-16000.pth
Episode: 16000 Reward: -1648.038 Loss: 38.541
episode: 16500
=> Save ./models/logs_m_2/q_2/t_2/l_0/latency_Nones/model-16500.pth
Episode: 16500 Reward: -924.849 Loss: 46.096
episode: 17000
=> Save ./models/logs_m_2/q_2/t_2/l_0/latency_Nones/model-17000.pth
Episode: 17000 Reward: -135.638 Loss: 30.180
episode: 17500
=> Save ./models/logs_m_2/q_2/t_2/l_0/latency_Nones/model-17500.pth
Episode: 17500 Reward: -341.805 Loss: 82.100
episode: 18000
=> Save ./models/logs_m_2/q_2/t_2/l_0/latency_Nones/model-18000.pth
Episode: 18000 Reward: -249.429 Loss: 45.706
episode: 18500
=> Save ./models/logs_m_2/q_2/t_2/l_0/latency_Nones/model-18500.pth
Episode: 18500 Reward: -705.188 Loss: 38.761
episode: 19000
=> Save ./models/logs_m_2/q_2/t_2/l_0/latency_Nones/model-19000.pth
Episode: 19000 Reward: -1536.780 Loss: 85.611
episode: 19500
=> Save ./models/logs_m_2/q_2/t_2/l_0/latency_Nones/model-19500.pth
Episode: 19500 Reward: -1475.971 Loss: 63.560
episode: 20000
=> Save ./models/logs_m_2/q_2/t_2/l_0/latency_Nones/model-20000.pth
Episode: 20000 Reward: -303.272 Loss: 33.461
episode: 20500
=> Save ./models/logs_m_2/q_2/t_2/l_0/latency_Nones/model-20500.pth
Episode: 20500 Reward: -883.286 Loss: 69.730
episode: 21000
=> Save ./models/logs_m_2/q_2/t_2/l_0/latency_Nones/model-21000.pth
Episode: 21000 Reward: 94.915 Loss: 53.563
episode: 21500
=> Save ./models/logs_m_2/q_2/t_2/l_0/latency_Nones/model-21500.pth
Episode: 21500 Reward: -1271.610 Loss: 64.959
episode: 22000
=> Save ./models/logs_m_2/q_2/t_2/l_0/latency_Nones/model-22000.pth
Episode: 22000 Reward: -260.183 Loss: 34.317
episode: 22500
=> Save ./models/logs_m_2/q_2/t_2/l_0/latency_Nones/model-22500.pth
Episode: 22500 Reward: -1438.399 Loss: 61.182
episode: 23000
=> Save ./models/logs_m_2/q_2/t_2/l_0/latency_Nones/model-23000.pth
Episode: 23000 Reward: -667.540 Loss: 35.845
episode: 23500
=> Save ./models/logs_m_2/q_2/t_2/l_0/latency_Nones/model-23500.pth
Episode: 23500 Reward: -151.016 Loss: 57.557
episode: 24000
=> Save ./models/logs_m_2/q_2/t_2/l_0/latency_Nones/model-24000.pth
Episode: 24000 Reward: -1010.707 Loss: 103.483
episode: 24500
=> Save ./models/logs_m_2/q_2/t_2/l_0/latency_Nones/model-24500.pth
Episode: 24500 Reward: 36.796 Loss: 69.152
episode: 25000
=> Save ./models/logs_m_2/q_2/t_2/l_0/latency_Nones/model-25000.pth
Episode: 25000 Reward: 75.190 Loss: 57.754
episode: 25500
=> Save ./models/logs_m_2/q_2/t_2/l_0/latency_Nones/model-25500.pth
Episode: 25500 Reward: 54.694 Loss: 34.157
episode: 26000
=> Save ./models/logs_m_2/q_2/t_2/l_0/latency_Nones/model-26000.pth
Episode: 26000 Reward: 6.031 Loss: 74.091
episode: 26500
=> Save ./models/logs_m_2/q_2/t_2/l_0/latency_Nones/model-26500.pth
Episode: 26500 Reward: 147.149 Loss: 48.446
episode: 27000
=> Save ./models/logs_m_2/q_2/t_2/l_0/latency_Nones/model-27000.pth
Episode: 27000 Reward: -1123.565 Loss: 55.044
episode: 27500
=> Save ./models/logs_m_2/q_2/t_2/l_0/latency_Nones/model-27500.pth
Episode: 27500 Reward: -1018.558 Loss: 77.949
episode: 28000
=> Save ./models/logs_m_2/q_2/t_2/l_0/latency_Nones/model-28000.pth
Episode: 28000 Reward: 96.345 Loss: 33.203
episode: 28500
=> Save ./models/logs_m_2/q_2/t_2/l_0/latency_Nones/model-28500.pth
Episode: 28500 Reward: 69.728 Loss: 19.065
episode: 29000
=> Save ./models/logs_m_2/q_2/t_2/l_0/latency_Nones/model-29000.pth
Episode: 29000 Reward: 192.623 Loss: 37.943
episode: 29500
=> Save ./models/logs_m_2/q_2/t_2/l_0/latency_Nones/model-29500.pth
Episode: 29500 Reward: 97.978 Loss: 25.456
episode: 30000
=> Save ./models/logs_m_2/q_2/t_2/l_0/latency_Nones/model-30000.pth
Episode: 30000 Reward: 169.943 Loss: 20.475
episode: 30500
=> Save ./models/logs_m_2/q_2/t_2/l_0/latency_Nones/model-30500.pth
Episode: 30500 Reward: 70.961 Loss: 90.158
episode: 31000
=> Save ./models/logs_m_2/q_2/t_2/l_0/latency_Nones/model-31000.pth
Episode: 31000 Reward: 173.593 Loss: 96.037
episode: 31500
=> Save ./models/logs_m_2/q_2/t_2/l_0/latency_Nones/model-31500.pth
Episode: 31500 Reward: -213.460 Loss: 32.478
episode: 32000
=> Save ./models/logs_m_2/q_2/t_2/l_0/latency_Nones/model-32000.pth
Episode: 32000 Reward: 261.077 Loss: 58.114
episode: 32500
=> Save ./models/logs_m_2/q_2/t_2/l_0/latency_Nones/model-32500.pth
Episode: 32500 Reward: 220.529 Loss: 133.610
episode: 33000
=> Save ./models/logs_m_2/q_2/t_2/l_0/latency_Nones/model-33000.pth
Episode: 33000 Reward: 24.594 Loss: 78.914
episode: 33500
=> Save ./models/logs_m_2/q_2/t_2/l_0/latency_Nones/model-33500.pth
Episode: 33500 Reward: 83.272 Loss: 32.874
episode: 34000
=> Save ./models/logs_m_2/q_2/t_2/l_0/latency_Nones/model-34000.pth
Episode: 34000 Reward: 172.100 Loss: 63.841
episode: 34500
=> Save ./models/logs_m_2/q_2/t_2/l_0/latency_Nones/model-34500.pth
Episode: 34500 Reward: 116.751 Loss: 50.194
episode: 35000
=> Save ./models/logs_m_2/q_2/t_2/l_0/latency_Nones/model-35000.pth
Episode: 35000 Reward: -257.709 Loss: 53.288
episode: 35500
=> Save ./models/logs_m_2/q_2/t_2/l_0/latency_Nones/model-35500.pth
Episode: 35500 Reward: 77.445 Loss: 14.725
episode: 36000
=> Save ./models/logs_m_2/q_2/t_2/l_0/latency_Nones/model-36000.pth
Episode: 36000 Reward: 179.599 Loss: 66.066
episode: 36500
=> Save ./models/logs_m_2/q_2/t_2/l_0/latency_Nones/model-36500.pth
Episode: 36500 Reward: -934.071 Loss: 23.590
episode: 37000
=> Save ./models/logs_m_2/q_2/t_2/l_0/latency_Nones/model-37000.pth
Episode: 37000 Reward: 124.593 Loss: 16.867
episode: 37500
=> Save ./models/logs_m_2/q_2/t_2/l_0/latency_Nones/model-37500.pth
Episode: 37500 Reward: -172.602 Loss: 79.596
episode: 38000
=> Save ./models/logs_m_2/q_2/t_2/l_0/latency_Nones/model-38000.pth
Episode: 38000 Reward: 142.836 Loss: 21.280
episode: 38500
=> Save ./models/logs_m_2/q_2/t_2/l_0/latency_Nones/model-38500.pth
Episode: 38500 Reward: -740.394 Loss: 116.313
episode: 39000
=> Save ./models/logs_m_2/q_2/t_2/l_0/latency_Nones/model-39000.pth
Episode: 39000 Reward: -1013.827 Loss: 119.937
episode: 39500
=> Save ./models/logs_m_2/q_2/t_2/l_0/latency_Nones/model-39500.pth
Episode: 39500 Reward: -128.651 Loss: 64.553
episode: 40000
=> Save ./models/logs_m_2/q_2/t_2/l_0/latency_Nones/model-40000.pth
Episode: 40000 Reward: 237.438 Loss: 32.611
episode: 40500
=> Save ./models/logs_m_2/q_2/t_2/l_0/latency_Nones/model-40500.pth
Episode: 40500 Reward: 297.651 Loss: 14.736
episode: 41000
=> Save ./models/logs_m_2/q_2/t_2/l_0/latency_Nones/model-41000.pth
Episode: 41000 Reward: 285.982 Loss: 121.558
episode: 41500
=> Save ./models/logs_m_2/q_2/t_2/l_0/latency_Nones/model-41500.pth
Episode: 41500 Reward: -558.357 Loss: 51.485
episode: 42000
=> Save ./models/logs_m_2/q_2/t_2/l_0/latency_Nones/model-42000.pth
Episode: 42000 Reward: -49.187 Loss: 78.877
episode: 42500
=> Save ./models/logs_m_2/q_2/t_2/l_0/latency_Nones/model-42500.pth
Episode: 42500 Reward: -360.587 Loss: 68.019
episode: 43000
=> Save ./models/logs_m_2/q_2/t_2/l_0/latency_Nones/model-43000.pth
Episode: 43000 Reward: 196.523 Loss: 23.826
episode: 43500
=> Save ./models/logs_m_2/q_2/t_2/l_0/latency_Nones/model-43500.pth
Episode: 43500 Reward: -452.228 Loss: 66.973
episode: 44000
=> Save ./models/logs_m_2/q_2/t_2/l_0/latency_Nones/model-44000.pth
Episode: 44000 Reward: 229.482 Loss: 55.484
episode: 44500
=> Save ./models/logs_m_2/q_2/t_2/l_0/latency_Nones/model-44500.pth
Episode: 44500 Reward: 363.702 Loss: 78.496
episode: 45000
=> Save ./models/logs_m_2/q_2/t_2/l_0/latency_Nones/model-45000.pth
Episode: 45000 Reward: 129.085 Loss: 105.226
episode: 45500
=> Save ./models/logs_m_2/q_2/t_2/l_0/latency_Nones/model-45500.pth
Episode: 45500 Reward: -1075.702 Loss: 58.940
episode: 46000
=> Save ./models/logs_m_2/q_2/t_2/l_0/latency_Nones/model-46000.pth
Episode: 46000 Reward: 316.770 Loss: 114.001
episode: 46500
=> Save ./models/logs_m_2/q_2/t_2/l_0/latency_Nones/model-46500.pth
Episode: 46500 Reward: 272.620 Loss: 59.059
episode: 47000
=> Save ./models/logs_m_2/q_2/t_2/l_0/latency_Nones/model-47000.pth
Episode: 47000 Reward: 256.187 Loss: 46.427
episode: 47500
=> Save ./models/logs_m_2/q_2/t_2/l_0/latency_Nones/model-47500.pth
Episode: 47500 Reward: 272.882 Loss: 75.589
episode: 48000
=> Save ./models/logs_m_2/q_2/t_2/l_0/latency_Nones/model-48000.pth
Episode: 48000 Reward: -464.893 Loss: 35.684
episode: 48500
=> Save ./models/logs_m_2/q_2/t_2/l_0/latency_Nones/model-48500.pth
Episode: 48500 Reward: 256.344 Loss: 72.811
episode: 49000
=> Save ./models/logs_m_2/q_2/t_2/l_0/latency_Nones/model-49000.pth
Episode: 49000 Reward: -301.605 Loss: 20.011
episode: 49500
=> Save ./models/logs_m_2/q_2/t_2/l_0/latency_Nones/model-49500.pth
Episode: 49500 Reward: 310.028 Loss: 23.869
episode: 50000
=> Save ./models/logs_m_2/q_2/t_2/l_0/latency_Nones/model-50000.pth
Episode: 50000 Reward: -85.828 Loss: 119.700
episode: 50500
=> Save ./models/logs_m_2/q_2/t_2/l_0/latency_Nones/model-50500.pth
Episode: 50500 Reward: -598.883 Loss: 84.547
episode: 51000
=> Save ./models/logs_m_2/q_2/t_2/l_0/latency_Nones/model-51000.pth
Episode: 51000 Reward: 342.484 Loss: 92.376
episode: 51500
=> Save ./models/logs_m_2/q_2/t_2/l_0/latency_Nones/model-51500.pth
Episode: 51500 Reward: 357.082 Loss: 16.958
episode: 52000
=> Save ./models/logs_m_2/q_2/t_2/l_0/latency_Nones/model-52000.pth
Episode: 52000 Reward: 454.419 Loss: 8.163
episode: 52500
=> Save ./models/logs_m_2/q_2/t_2/l_0/latency_Nones/model-52500.pth
Episode: 52500 Reward: 372.052 Loss: 72.737
episode: 53000
=> Save ./models/logs_m_2/q_2/t_2/l_0/latency_Nones/model-53000.pth
Episode: 53000 Reward: 415.650 Loss: 70.962
episode: 53500
=> Save ./models/logs_m_2/q_2/t_2/l_0/latency_Nones/model-53500.pth
Episode: 53500 Reward: -519.872 Loss: 13.509
episode: 54000
=> Save ./models/logs_m_2/q_2/t_2/l_0/latency_Nones/model-54000.pth
Episode: 54000 Reward: 35.033 Loss: 165.252
episode: 54500
=> Save ./models/logs_m_2/q_2/t_2/l_0/latency_Nones/model-54500.pth
Episode: 54500 Reward: 301.106 Loss: 187.806
episode: 55000
=> Save ./models/logs_m_2/q_2/t_2/l_0/latency_Nones/model-55000.pth
Episode: 55000 Reward: 442.192 Loss: 22.547
episode: 55500
=> Save ./models/logs_m_2/q_2/t_2/l_0/latency_Nones/model-55500.pth
Episode: 55500 Reward: -231.691 Loss: 67.188
episode: 56000
=> Save ./models/logs_m_2/q_2/t_2/l_0/latency_Nones/model-56000.pth
Episode: 56000 Reward: 118.727 Loss: 150.424
episode: 56500
=> Save ./models/logs_m_2/q_2/t_2/l_0/latency_Nones/model-56500.pth
Episode: 56500 Reward: -525.731 Loss: 77.843
episode: 57000
=> Save ./models/logs_m_2/q_2/t_2/l_0/latency_Nones/model-57000.pth
Episode: 57000 Reward: 373.458 Loss: 83.483
episode: 57500
=> Save ./models/logs_m_2/q_2/t_2/l_0/latency_Nones/model-57500.pth
Episode: 57500 Reward: 266.214 Loss: 23.913
episode: 58000
=> Save ./models/logs_m_2/q_2/t_2/l_0/latency_Nones/model-58000.pth
Episode: 58000 Reward: 385.059 Loss: 11.925
episode: 58500
=> Save ./models/logs_m_2/q_2/t_2/l_0/latency_Nones/model-58500.pth
Episode: 58500 Reward: 135.587 Loss: 115.793
episode: 59000
=> Save ./models/logs_m_2/q_2/t_2/l_0/latency_Nones/model-59000.pth
Episode: 59000 Reward: 420.612 Loss: 16.038
episode: 59500
=> Save ./models/logs_m_2/q_2/t_2/l_0/latency_Nones/model-59500.pth
Episode: 59500 Reward: -332.348 Loss: 23.382
episode: 60000
=> Save ./models/logs_m_2/q_2/t_2/l_0/latency_Nones/model-60000.pth
Episode: 60000 Reward: -585.061 Loss: 22.436
episode: 60500
=> Save ./models/logs_m_2/q_2/t_2/l_0/latency_Nones/model-60500.pth
Episode: 60500 Reward: 105.205 Loss: 22.352
episode: 61000
=> Save ./models/logs_m_2/q_2/t_2/l_0/latency_Nones/model-61000.pth
Episode: 61000 Reward: 163.616 Loss: 16.129
episode: 61500
=> Save ./models/logs_m_2/q_2/t_2/l_0/latency_Nones/model-61500.pth
Episode: 61500 Reward: 470.792 Loss: 13.440
episode: 62000
=> Save ./models/logs_m_2/q_2/t_2/l_0/latency_Nones/model-62000.pth
Episode: 62000 Reward: 487.396 Loss: 18.299
episode: 62500
=> Save ./models/logs_m_2/q_2/t_2/l_0/latency_Nones/model-62500.pth
Episode: 62500 Reward: 499.252 Loss: 90.237
episode: 63000
=> Save ./models/logs_m_2/q_2/t_2/l_0/latency_Nones/model-63000.pth
Episode: 63000 Reward: 349.899 Loss: 168.706
episode: 63500
=> Save ./models/logs_m_2/q_2/t_2/l_0/latency_Nones/model-63500.pth
Episode: 63500 Reward: 330.146 Loss: 9.731
episode: 64000
=> Save ./models/logs_m_2/q_2/t_2/l_0/latency_Nones/model-64000.pth
Episode: 64000 Reward: 370.319 Loss: 18.074
episode: 64500
=> Save ./models/logs_m_2/q_2/t_2/l_0/latency_Nones/model-64500.pth
Episode: 64500 Reward: -217.690 Loss: 174.098
episode: 65000
=> Save ./models/logs_m_2/q_2/t_2/l_0/latency_Nones/model-65000.pth
Episode: 65000 Reward: 433.799 Loss: 56.262
episode: 65500
=> Save ./models/logs_m_2/q_2/t_2/l_0/latency_Nones/model-65500.pth
Episode: 65500 Reward: 475.242 Loss: 84.418
episode: 66000
=> Save ./models/logs_m_2/q_2/t_2/l_0/latency_Nones/model-66000.pth
Episode: 66000 Reward: 458.014 Loss: 59.366
episode: 66500
=> Save ./models/logs_m_2/q_2/t_2/l_0/latency_Nones/model-66500.pth
Episode: 66500 Reward: 295.576 Loss: 44.028
episode: 67000
=> Save ./models/logs_m_2/q_2/t_2/l_0/latency_Nones/model-67000.pth
Episode: 67000 Reward: 524.128 Loss: 87.720
episode: 67500
=> Save ./models/logs_m_2/q_2/t_2/l_0/latency_Nones/model-67500.pth
Episode: 67500 Reward: 467.516 Loss: 132.352
episode: 68000
=> Save ./models/logs_m_2/q_2/t_2/l_0/latency_Nones/model-68000.pth
Episode: 68000 Reward: 484.318 Loss: 21.261
episode: 68500
=> Save ./models/logs_m_2/q_2/t_2/l_0/latency_Nones/model-68500.pth
Episode: 68500 Reward: -115.132 Loss: 131.274
episode: 69000
=> Save ./models/logs_m_2/q_2/t_2/l_0/latency_Nones/model-69000.pth
Episode: 69000 Reward: 295.135 Loss: 89.625
episode: 69500
=> Save ./models/logs_m_2/q_2/t_2/l_0/latency_Nones/model-69500.pth
Episode: 69500 Reward: 384.101 Loss: 17.836
episode: 70000
=> Save ./models/logs_m_2/q_2/t_2/l_0/latency_Nones/model-70000.pth
Episode: 70000 Reward: 268.016 Loss: 39.864
episode: 70500
=> Save ./models/logs_m_2/q_2/t_2/l_0/latency_Nones/model-70500.pth
Episode: 70500 Reward: 165.250 Loss: 19.136
episode: 71000
=> Save ./models/logs_m_2/q_2/t_2/l_0/latency_Nones/model-71000.pth
Episode: 71000 Reward: 553.244 Loss: 144.435
episode: 71500
=> Save ./models/logs_m_2/q_2/t_2/l_0/latency_Nones/model-71500.pth
Episode: 71500 Reward: 270.136 Loss: 18.119
episode: 72000
=> Save ./models/logs_m_2/q_2/t_2/l_0/latency_Nones/model-72000.pth
Episode: 72000 Reward: 491.832 Loss: 20.149
episode: 72500
=> Save ./models/logs_m_2/q_2/t_2/l_0/latency_Nones/model-72500.pth
Episode: 72500 Reward: 462.379 Loss: 19.184
episode: 73000
=> Save ./models/logs_m_2/q_2/t_2/l_0/latency_Nones/model-73000.pth
Episode: 73000 Reward: 235.625 Loss: 31.969
episode: 73500
=> Save ./models/logs_m_2/q_2/t_2/l_0/latency_Nones/model-73500.pth
Episode: 73500 Reward: -241.872 Loss: 62.348
episode: 74000
=> Save ./models/logs_m_2/q_2/t_2/l_0/latency_Nones/model-74000.pth
Episode: 74000 Reward: 537.254 Loss: 76.539
episode: 74500
=> Save ./models/logs_m_2/q_2/t_2/l_0/latency_Nones/model-74500.pth
Episode: 74500 Reward: 549.778 Loss: 47.751
episode: 75000
=> Save ./models/logs_m_2/q_2/t_2/l_0/latency_Nones/model-75000.pth
Episode: 75000 Reward: 413.381 Loss: 43.450
episode: 75500
=> Save ./models/logs_m_2/q_2/t_2/l_0/latency_Nones/model-75500.pth
Episode: 75500 Reward: 539.799 Loss: 89.853
episode: 76000
=> Save ./models/logs_m_2/q_2/t_2/l_0/latency_Nones/model-76000.pth
Episode: 76000 Reward: -254.626 Loss: 84.380
episode: 76500
=> Save ./models/logs_m_2/q_2/t_2/l_0/latency_Nones/model-76500.pth
Episode: 76500 Reward: 324.595 Loss: 19.353
episode: 77000
=> Save ./models/logs_m_2/q_2/t_2/l_0/latency_Nones/model-77000.pth
Episode: 77000 Reward: 252.504 Loss: 94.480
episode: 77500
=> Save ./models/logs_m_2/q_2/t_2/l_0/latency_Nones/model-77500.pth
Episode: 77500 Reward: 486.856 Loss: 17.732
episode: 78000
=> Save ./models/logs_m_2/q_2/t_2/l_0/latency_Nones/model-78000.pth
Episode: 78000 Reward: 527.640 Loss: 72.674
episode: 78500
=> Save ./models/logs_m_2/q_2/t_2/l_0/latency_Nones/model-78500.pth
Episode: 78500 Reward: 546.321 Loss: 11.810
episode: 79000
=> Save ./models/logs_m_2/q_2/t_2/l_0/latency_Nones/model-79000.pth
Episode: 79000 Reward: 341.411 Loss: 11.798
episode: 79500
=> Save ./models/logs_m_2/q_2/t_2/l_0/latency_Nones/model-79500.pth
Episode: 79500 Reward: 195.573 Loss: 32.084
episode: 80000
=> Save ./models/logs_m_2/q_2/t_2/l_0/latency_Nones/model-80000.pth
Episode: 80000 Reward: 566.167 Loss: 87.533
episode: 80500
=> Save ./models/logs_m_2/q_2/t_2/l_0/latency_Nones/model-80500.pth
Episode: 80500 Reward: 472.804 Loss: 210.418
episode: 81000
=> Save ./models/logs_m_2/q_2/t_2/l_0/latency_Nones/model-81000.pth
Episode: 81000 Reward: 482.357 Loss: 62.069
episode: 81500
=> Save ./models/logs_m_2/q_2/t_2/l_0/latency_Nones/model-81500.pth
Episode: 81500 Reward: 427.765 Loss: 15.517
episode: 82000
=> Save ./models/logs_m_2/q_2/t_2/l_0/latency_Nones/model-82000.pth
Episode: 82000 Reward: -43.883 Loss: 19.424
episode: 82500
=> Save ./models/logs_m_2/q_2/t_2/l_0/latency_Nones/model-82500.pth
Episode: 82500 Reward: -39.998 Loss: 137.298
episode: 83000
=> Save ./models/logs_m_2/q_2/t_2/l_0/latency_Nones/model-83000.pth
Episode: 83000 Reward: 494.082 Loss: 154.933
episode: 83500
=> Save ./models/logs_m_2/q_2/t_2/l_0/latency_Nones/model-83500.pth
Episode: 83500 Reward: 517.448 Loss: 85.357
episode: 84000
=> Save ./models/logs_m_2/q_2/t_2/l_0/latency_Nones/model-84000.pth
Episode: 84000 Reward: 251.705 Loss: 27.631
episode: 84500
=> Save ./models/logs_m_2/q_2/t_2/l_0/latency_Nones/model-84500.pth
Episode: 84500 Reward: 437.421 Loss: 52.147
episode: 85000
=> Save ./models/logs_m_2/q_2/t_2/l_0/latency_Nones/model-85000.pth
Episode: 85000 Reward: -101.922 Loss: 71.193
episode: 85500
=> Save ./models/logs_m_2/q_2/t_2/l_0/latency_Nones/model-85500.pth
Episode: 85500 Reward: -16.305 Loss: 85.494
episode: 86000
=> Save ./models/logs_m_2/q_2/t_2/l_0/latency_Nones/model-86000.pth
Episode: 86000 Reward: -16.248 Loss: 16.511
episode: 86500
=> Save ./models/logs_m_2/q_2/t_2/l_0/latency_Nones/model-86500.pth
Episode: 86500 Reward: 381.807 Loss: 118.777
episode: 87000
=> Save ./models/logs_m_2/q_2/t_2/l_0/latency_Nones/model-87000.pth
Episode: 87000 Reward: 35.014 Loss: 23.951
episode: 87500
=> Save ./models/logs_m_2/q_2/t_2/l_0/latency_Nones/model-87500.pth
Episode: 87500 Reward: -29.885 Loss: 40.334
episode: 88000
=> Save ./models/logs_m_2/q_2/t_2/l_0/latency_Nones/model-88000.pth
Episode: 88000 Reward: 273.295 Loss: 184.045
episode: 88500
=> Save ./models/logs_m_2/q_2/t_2/l_0/latency_Nones/model-88500.pth
Episode: 88500 Reward: 554.900 Loss: 121.166
episode: 89000
=> Save ./models/logs_m_2/q_2/t_2/l_0/latency_Nones/model-89000.pth
Episode: 89000 Reward: 526.397 Loss: 16.513
episode: 89500
=> Save ./models/logs_m_2/q_2/t_2/l_0/latency_Nones/model-89500.pth
Episode: 89500 Reward: 566.950 Loss: 14.002
episode: 90000
=> Save ./models/logs_m_2/q_2/t_2/l_0/latency_Nones/model-90000.pth
Episode: 90000 Reward: 545.149 Loss: 83.367
episode: 90500
=> Save ./models/logs_m_2/q_2/t_2/l_0/latency_Nones/model-90500.pth
Episode: 90500 Reward: -238.786 Loss: 12.605
episode: 91000
=> Save ./models/logs_m_2/q_2/t_2/l_0/latency_Nones/model-91000.pth
Episode: 91000 Reward: 464.121 Loss: 71.334
episode: 91500
=> Save ./models/logs_m_2/q_2/t_2/l_0/latency_Nones/model-91500.pth
Episode: 91500 Reward: 125.292 Loss: 13.013
episode: 92000
=> Save ./models/logs_m_2/q_2/t_2/l_0/latency_Nones/model-92000.pth
Episode: 92000 Reward: 488.591 Loss: 11.326
episode: 92500
=> Save ./models/logs_m_2/q_2/t_2/l_0/latency_Nones/model-92500.pth
Episode: 92500 Reward: 131.535 Loss: 117.161
episode: 93000
=> Save ./models/logs_m_2/q_2/t_2/l_0/latency_Nones/model-93000.pth
Episode: 93000 Reward: 552.488 Loss: 9.577
episode: 93500
=> Save ./models/logs_m_2/q_2/t_2/l_0/latency_Nones/model-93500.pth
Episode: 93500 Reward: 599.575 Loss: 14.367
episode: 94000
=> Save ./models/logs_m_2/q_2/t_2/l_0/latency_Nones/model-94000.pth
Episode: 94000 Reward: 473.307 Loss: 8.809
episode: 94500
=> Save ./models/logs_m_2/q_2/t_2/l_0/latency_Nones/model-94500.pth
Episode: 94500 Reward: 608.784 Loss: 47.241
episode: 95000
=> Save ./models/logs_m_2/q_2/t_2/l_0/latency_Nones/model-95000.pth
Episode: 95000 Reward: 480.065 Loss: 14.950
episode: 95500
=> Save ./models/logs_m_2/q_2/t_2/l_0/latency_Nones/model-95500.pth
Episode: 95500 Reward: 533.796 Loss: 103.730
episode: 96000
=> Save ./models/logs_m_2/q_2/t_2/l_0/latency_Nones/model-96000.pth
Episode: 96000 Reward: 553.518 Loss: 117.492
episode: 96500
=> Save ./models/logs_m_2/q_2/t_2/l_0/latency_Nones/model-96500.pth
Episode: 96500 Reward: 480.674 Loss: 57.578
episode: 97000
=> Save ./models/logs_m_2/q_2/t_2/l_0/latency_Nones/model-97000.pth
Episode: 97000 Reward: 530.354 Loss: 99.777
episode: 97500
=> Save ./models/logs_m_2/q_2/t_2/l_0/latency_Nones/model-97500.pth
Episode: 97500 Reward: 118.077 Loss: 67.079
episode: 98000
=> Save ./models/logs_m_2/q_2/t_2/l_0/latency_Nones/model-98000.pth
Episode: 98000 Reward: 585.186 Loss: 10.085
episode: 98500
=> Save ./models/logs_m_2/q_2/t_2/l_0/latency_Nones/model-98500.pth
Episode: 98500 Reward: 477.067 Loss: 14.878
episode: 99000
=> Save ./models/logs_m_2/q_2/t_2/l_0/latency_Nones/model-99000.pth
Episode: 99000 Reward: 61.899 Loss: 11.601
episode: 99500
=> Save ./models/logs_m_2/q_2/t_2/l_0/latency_Nones/model-99500.pth
Episode: 99500 Reward: -19.978 Loss: 205.796
episode: 100000
=> Save ./models/logs_m_2/q_2/t_2/l_0/latency_Nones/model-100000.pth
Episode: 100000 Reward: 17.887 Loss: 9.288
