player initial finish
Episode starts from:  1
episode: 500
=> Save ./models/logs_m_2/q_2/t_2/l_0/latency_Nones/model-500.pth
Episode: 500 Reward: -1033.647 Loss: 14.387
episode: 1000
=> Save ./models/logs_m_2/q_2/t_2/l_0/latency_Nones/model-1000.pth
Episode: 1000 Reward: -1947.371 Loss: 55.759
episode: 1500
=> Save ./models/logs_m_2/q_2/t_2/l_0/latency_Nones/model-1500.pth
Episode: 1500 Reward: -878.773 Loss: 36.995
episode: 2000
=> Save ./models/logs_m_2/q_2/t_2/l_0/latency_Nones/model-2000.pth
Episode: 2000 Reward: -729.827 Loss: 120.850
episode: 2500
=> Save ./models/logs_m_2/q_2/t_2/l_0/latency_Nones/model-2500.pth
Episode: 2500 Reward: -1046.965 Loss: 27.508
episode: 3000
=> Save ./models/logs_m_2/q_2/t_2/l_0/latency_Nones/model-3000.pth
Episode: 3000 Reward: -550.411 Loss: 47.935
episode: 3500
=> Save ./models/logs_m_2/q_2/t_2/l_0/latency_Nones/model-3500.pth
Episode: 3500 Reward: -538.155 Loss: 41.853
episode: 4000
=> Save ./models/logs_m_2/q_2/t_2/l_0/latency_Nones/model-4000.pth
Episode: 4000 Reward: -728.767 Loss: 34.663
episode: 4500
=> Save ./models/logs_m_2/q_2/t_2/l_0/latency_Nones/model-4500.pth
Episode: 4500 Reward: -722.721 Loss: 24.573
episode: 5000
=> Save ./models/logs_m_2/q_2/t_2/l_0/latency_Nones/model-5000.pth
Episode: 5000 Reward: -1573.531 Loss: 83.126
episode: 5500
=> Save ./models/logs_m_2/q_2/t_2/l_0/latency_Nones/model-5500.pth
Episode: 5500 Reward: -1233.107 Loss: 61.871
episode: 6000
=> Save ./models/logs_m_2/q_2/t_2/l_0/latency_Nones/model-6000.pth
Episode: 6000 Reward: -497.146 Loss: 31.382
episode: 6500
=> Save ./models/logs_m_2/q_2/t_2/l_0/latency_Nones/model-6500.pth
Episode: 6500 Reward: -653.145 Loss: 55.582
episode: 7000
=> Save ./models/logs_m_2/q_2/t_2/l_0/latency_Nones/model-7000.pth
Episode: 7000 Reward: -916.783 Loss: 33.304
episode: 7500
=> Save ./models/logs_m_2/q_2/t_2/l_0/latency_Nones/model-7500.pth
Episode: 7500 Reward: -352.995 Loss: 41.500
episode: 8000
=> Save ./models/logs_m_2/q_2/t_2/l_0/latency_Nones/model-8000.pth
Episode: 8000 Reward: -735.058 Loss: 36.610
episode: 8500
=> Save ./models/logs_m_2/q_2/t_2/l_0/latency_Nones/model-8500.pth
Episode: 8500 Reward: -727.045 Loss: 202.631
episode: 9000
=> Save ./models/logs_m_2/q_2/t_2/l_0/latency_Nones/model-9000.pth
Episode: 9000 Reward: -344.656 Loss: 38.952
episode: 9500
=> Save ./models/logs_m_2/q_2/t_2/l_0/latency_Nones/model-9500.pth
Episode: 9500 Reward: -481.551 Loss: 31.811
episode: 10000
=> Save ./models/logs_m_2/q_2/t_2/l_0/latency_Nones/model-10000.pth
Episode: 10000 Reward: -509.228 Loss: 35.062
episode: 10500
=> Save ./models/logs_m_2/q_2/t_2/l_0/latency_Nones/model-10500.pth
Episode: 10500 Reward: -294.249 Loss: 22.680
episode: 11000
=> Save ./models/logs_m_2/q_2/t_2/l_0/latency_Nones/model-11000.pth
Episode: 11000 Reward: -197.784 Loss: 37.264
episode: 11500
=> Save ./models/logs_m_2/q_2/t_2/l_0/latency_Nones/model-11500.pth
Episode: 11500 Reward: -848.571 Loss: 39.144
episode: 12000
=> Save ./models/logs_m_2/q_2/t_2/l_0/latency_Nones/model-12000.pth
Episode: 12000 Reward: -274.752 Loss: 44.067
episode: 12500
=> Save ./models/logs_m_2/q_2/t_2/l_0/latency_Nones/model-12500.pth
Episode: 12500 Reward: -808.056 Loss: 31.963
episode: 13000
=> Save ./models/logs_m_2/q_2/t_2/l_0/latency_Nones/model-13000.pth
Episode: 13000 Reward: -345.878 Loss: 30.074
episode: 13500
=> Save ./models/logs_m_2/q_2/t_2/l_0/latency_Nones/model-13500.pth
Episode: 13500 Reward: -148.155 Loss: 47.180
episode: 14000
=> Save ./models/logs_m_2/q_2/t_2/l_0/latency_Nones/model-14000.pth
Episode: 14000 Reward: -1392.805 Loss: 67.279
episode: 14500
=> Save ./models/logs_m_2/q_2/t_2/l_0/latency_Nones/model-14500.pth
Episode: 14500 Reward: -758.220 Loss: 48.857
episode: 15000
=> Save ./models/logs_m_2/q_2/t_2/l_0/latency_Nones/model-15000.pth
Episode: 15000 Reward: -181.215 Loss: 54.926
episode: 15500
=> Save ./models/logs_m_2/q_2/t_2/l_0/latency_Nones/model-15500.pth
Episode: 15500 Reward: -348.735 Loss: 45.645
episode: 16000
=> Save ./models/logs_m_2/q_2/t_2/l_0/latency_Nones/model-16000.pth
Episode: 16000 Reward: -279.481 Loss: 40.035
episode: 16500
=> Save ./models/logs_m_2/q_2/t_2/l_0/latency_Nones/model-16500.pth
Episode: 16500 Reward: -100.248 Loss: 20.269
episode: 17000
=> Save ./models/logs_m_2/q_2/t_2/l_0/latency_Nones/model-17000.pth
Episode: 17000 Reward: -247.264 Loss: 14.608
episode: 17500
=> Save ./models/logs_m_2/q_2/t_2/l_0/latency_Nones/model-17500.pth
Episode: 17500 Reward: -256.317 Loss: 31.771
episode: 18000
=> Save ./models/logs_m_2/q_2/t_2/l_0/latency_Nones/model-18000.pth
Episode: 18000 Reward: -116.769 Loss: 46.069
episode: 18500
=> Save ./models/logs_m_2/q_2/t_2/l_0/latency_Nones/model-18500.pth
Episode: 18500 Reward: -575.504 Loss: 42.227
episode: 19000
=> Save ./models/logs_m_2/q_2/t_2/l_0/latency_Nones/model-19000.pth
Episode: 19000 Reward: -95.311 Loss: 40.499
episode: 19500
=> Save ./models/logs_m_2/q_2/t_2/l_0/latency_Nones/model-19500.pth
Episode: 19500 Reward: -201.232 Loss: 29.451
episode: 20000
=> Save ./models/logs_m_2/q_2/t_2/l_0/latency_Nones/model-20000.pth
Episode: 20000 Reward: 1.329 Loss: 98.686
episode: 20500
=> Save ./models/logs_m_2/q_2/t_2/l_0/latency_Nones/model-20500.pth
Episode: 20500 Reward: -171.869 Loss: 53.409
episode: 21000
=> Save ./models/logs_m_2/q_2/t_2/l_0/latency_Nones/model-21000.pth
Episode: 21000 Reward: -218.597 Loss: 84.900
episode: 21500
=> Save ./models/logs_m_2/q_2/t_2/l_0/latency_Nones/model-21500.pth
Episode: 21500 Reward: -35.425 Loss: 35.265
episode: 22000
=> Save ./models/logs_m_2/q_2/t_2/l_0/latency_Nones/model-22000.pth
Episode: 22000 Reward: -68.215 Loss: 76.268
episode: 22500
=> Save ./models/logs_m_2/q_2/t_2/l_0/latency_Nones/model-22500.pth
Episode: 22500 Reward: -203.483 Loss: 44.216
episode: 23000
=> Save ./models/logs_m_2/q_2/t_2/l_0/latency_Nones/model-23000.pth
Episode: 23000 Reward: -119.787 Loss: 26.782
episode: 23500
=> Save ./models/logs_m_2/q_2/t_2/l_0/latency_Nones/model-23500.pth
Episode: 23500 Reward: -10.112 Loss: 35.714
episode: 24000
=> Save ./models/logs_m_2/q_2/t_2/l_0/latency_Nones/model-24000.pth
Episode: 24000 Reward: -106.077 Loss: 51.704
episode: 24500
=> Save ./models/logs_m_2/q_2/t_2/l_0/latency_Nones/model-24500.pth
Episode: 24500 Reward: -62.900 Loss: 49.032
episode: 25000
=> Save ./models/logs_m_2/q_2/t_2/l_0/latency_Nones/model-25000.pth
Episode: 25000 Reward: -187.612 Loss: 57.577
episode: 25500
=> Save ./models/logs_m_2/q_2/t_2/l_0/latency_Nones/model-25500.pth
Episode: 25500 Reward: -83.357 Loss: 34.965
episode: 26000
=> Save ./models/logs_m_2/q_2/t_2/l_0/latency_Nones/model-26000.pth
Episode: 26000 Reward: 26.452 Loss: 44.629
episode: 26500
=> Save ./models/logs_m_2/q_2/t_2/l_0/latency_Nones/model-26500.pth
Episode: 26500 Reward: -45.401 Loss: 14.031
episode: 27000
=> Save ./models/logs_m_2/q_2/t_2/l_0/latency_Nones/model-27000.pth
Episode: 27000 Reward: -337.264 Loss: 38.985
episode: 27500
=> Save ./models/logs_m_2/q_2/t_2/l_0/latency_Nones/model-27500.pth
Episode: 27500 Reward: -37.252 Loss: 39.846
episode: 28000
=> Save ./models/logs_m_2/q_2/t_2/l_0/latency_Nones/model-28000.pth
Episode: 28000 Reward: -604.661 Loss: 71.843
episode: 28500
=> Save ./models/logs_m_2/q_2/t_2/l_0/latency_Nones/model-28500.pth
Episode: 28500 Reward: -250.366 Loss: 17.707
episode: 29000
=> Save ./models/logs_m_2/q_2/t_2/l_0/latency_Nones/model-29000.pth
Episode: 29000 Reward: -0.069 Loss: 56.845
episode: 29500
=> Save ./models/logs_m_2/q_2/t_2/l_0/latency_Nones/model-29500.pth
Episode: 29500 Reward: -818.768 Loss: 45.832
episode: 30000
=> Save ./models/logs_m_2/q_2/t_2/l_0/latency_Nones/model-30000.pth
Episode: 30000 Reward: 118.327 Loss: 12.622
episode: 30500
=> Save ./models/logs_m_2/q_2/t_2/l_0/latency_Nones/model-30500.pth
Episode: 30500 Reward: 90.785 Loss: 72.754
episode: 31000
=> Save ./models/logs_m_2/q_2/t_2/l_0/latency_Nones/model-31000.pth
Episode: 31000 Reward: -258.911 Loss: 51.968
episode: 31500
=> Save ./models/logs_m_2/q_2/t_2/l_0/latency_Nones/model-31500.pth
Episode: 31500 Reward: -209.804 Loss: 16.795
episode: 32000
=> Save ./models/logs_m_2/q_2/t_2/l_0/latency_Nones/model-32000.pth
Episode: 32000 Reward: -224.022 Loss: 25.969
episode: 32500
=> Save ./models/logs_m_2/q_2/t_2/l_0/latency_Nones/model-32500.pth
Episode: 32500 Reward: -69.928 Loss: 35.357
episode: 33000
=> Save ./models/logs_m_2/q_2/t_2/l_0/latency_Nones/model-33000.pth
Episode: 33000 Reward: -26.784 Loss: 55.175
episode: 33500
=> Save ./models/logs_m_2/q_2/t_2/l_0/latency_Nones/model-33500.pth
Episode: 33500 Reward: -44.097 Loss: 20.230
episode: 34000
=> Save ./models/logs_m_2/q_2/t_2/l_0/latency_Nones/model-34000.pth
Episode: 34000 Reward: 46.077 Loss: 17.704
episode: 34500
=> Save ./models/logs_m_2/q_2/t_2/l_0/latency_Nones/model-34500.pth
Episode: 34500 Reward: 199.517 Loss: 18.768
episode: 35000
=> Save ./models/logs_m_2/q_2/t_2/l_0/latency_Nones/model-35000.pth
Episode: 35000 Reward: 14.785 Loss: 76.314
episode: 35500
=> Save ./models/logs_m_2/q_2/t_2/l_0/latency_Nones/model-35500.pth
Episode: 35500 Reward: 114.533 Loss: 106.748
episode: 36000
=> Save ./models/logs_m_2/q_2/t_2/l_0/latency_Nones/model-36000.pth
Episode: 36000 Reward: -213.394 Loss: 16.031
episode: 36500
=> Save ./models/logs_m_2/q_2/t_2/l_0/latency_Nones/model-36500.pth
Episode: 36500 Reward: 8.653 Loss: 75.458
episode: 37000
=> Save ./models/logs_m_2/q_2/t_2/l_0/latency_Nones/model-37000.pth
Episode: 37000 Reward: -83.897 Loss: 29.637
episode: 37500
=> Save ./models/logs_m_2/q_2/t_2/l_0/latency_Nones/model-37500.pth
Episode: 37500 Reward: 125.885 Loss: 92.884
episode: 38000
=> Save ./models/logs_m_2/q_2/t_2/l_0/latency_Nones/model-38000.pth
Episode: 38000 Reward: 96.363 Loss: 13.673
episode: 38500
=> Save ./models/logs_m_2/q_2/t_2/l_0/latency_Nones/model-38500.pth
Episode: 38500 Reward: -125.657 Loss: 16.917
episode: 39000
=> Save ./models/logs_m_2/q_2/t_2/l_0/latency_Nones/model-39000.pth
Episode: 39000 Reward: -181.219 Loss: 93.744
episode: 39500
=> Save ./models/logs_m_2/q_2/t_2/l_0/latency_Nones/model-39500.pth
Episode: 39500 Reward: 109.416 Loss: 16.019
episode: 40000
=> Save ./models/logs_m_2/q_2/t_2/l_0/latency_Nones/model-40000.pth
Episode: 40000 Reward: 63.075 Loss: 60.205
episode: 40500
=> Save ./models/logs_m_2/q_2/t_2/l_0/latency_Nones/model-40500.pth
Episode: 40500 Reward: -397.542 Loss: 20.694
episode: 41000
=> Save ./models/logs_m_2/q_2/t_2/l_0/latency_Nones/model-41000.pth
Episode: 41000 Reward: -135.225 Loss: 88.564
episode: 41500
=> Save ./models/logs_m_2/q_2/t_2/l_0/latency_Nones/model-41500.pth
Episode: 41500 Reward: 68.119 Loss: 16.381
episode: 42000
=> Save ./models/logs_m_2/q_2/t_2/l_0/latency_Nones/model-42000.pth
Episode: 42000 Reward: 46.556 Loss: 17.466
episode: 42500
=> Save ./models/logs_m_2/q_2/t_2/l_0/latency_Nones/model-42500.pth
Episode: 42500 Reward: 35.485 Loss: 102.655
episode: 43000
=> Save ./models/logs_m_2/q_2/t_2/l_0/latency_Nones/model-43000.pth
Episode: 43000 Reward: -49.323 Loss: 55.063
episode: 43500
=> Save ./models/logs_m_2/q_2/t_2/l_0/latency_Nones/model-43500.pth
Episode: 43500 Reward: -153.717 Loss: 125.171
episode: 44000
=> Save ./models/logs_m_2/q_2/t_2/l_0/latency_Nones/model-44000.pth
Episode: 44000 Reward: 38.422 Loss: 110.641
episode: 44500
=> Save ./models/logs_m_2/q_2/t_2/l_0/latency_Nones/model-44500.pth
Episode: 44500 Reward: 96.123 Loss: 107.021
episode: 45000
=> Save ./models/logs_m_2/q_2/t_2/l_0/latency_Nones/model-45000.pth
Episode: 45000 Reward: 84.725 Loss: 92.232
episode: 45500
=> Save ./models/logs_m_2/q_2/t_2/l_0/latency_Nones/model-45500.pth
Episode: 45500 Reward: 162.698 Loss: 47.915
episode: 46000
=> Save ./models/logs_m_2/q_2/t_2/l_0/latency_Nones/model-46000.pth
Episode: 46000 Reward: 140.897 Loss: 8.875
episode: 46500
=> Save ./models/logs_m_2/q_2/t_2/l_0/latency_Nones/model-46500.pth
Episode: 46500 Reward: 153.269 Loss: 52.529
episode: 47000
=> Save ./models/logs_m_2/q_2/t_2/l_0/latency_Nones/model-47000.pth
Episode: 47000 Reward: -202.150 Loss: 166.310
episode: 47500
=> Save ./models/logs_m_2/q_2/t_2/l_0/latency_Nones/model-47500.pth
Episode: 47500 Reward: 217.839 Loss: 47.414
episode: 48000
=> Save ./models/logs_m_2/q_2/t_2/l_0/latency_Nones/model-48000.pth
Episode: 48000 Reward: -319.196 Loss: 19.289
episode: 48500
=> Save ./models/logs_m_2/q_2/t_2/l_0/latency_Nones/model-48500.pth
Episode: 48500 Reward: -17.256 Loss: 18.999
episode: 49000
=> Save ./models/logs_m_2/q_2/t_2/l_0/latency_Nones/model-49000.pth
Episode: 49000 Reward: -433.152 Loss: 16.147
episode: 49500
=> Save ./models/logs_m_2/q_2/t_2/l_0/latency_Nones/model-49500.pth
Episode: 49500 Reward: -149.101 Loss: 96.498
episode: 50000
=> Save ./models/logs_m_2/q_2/t_2/l_0/latency_Nones/model-50000.pth
Episode: 50000 Reward: -20.473 Loss: 60.311
episode: 50500
=> Save ./models/logs_m_2/q_2/t_2/l_0/latency_Nones/model-50500.pth
Episode: 50500 Reward: -127.283 Loss: 152.344
episode: 51000
=> Save ./models/logs_m_2/q_2/t_2/l_0/latency_Nones/model-51000.pth
Episode: 51000 Reward: -335.197 Loss: 170.485
episode: 51500
=> Save ./models/logs_m_2/q_2/t_2/l_0/latency_Nones/model-51500.pth
Episode: 51500 Reward: 88.731 Loss: 114.341
episode: 52000
=> Save ./models/logs_m_2/q_2/t_2/l_0/latency_Nones/model-52000.pth
Episode: 52000 Reward: 162.569 Loss: 10.242
episode: 52500
=> Save ./models/logs_m_2/q_2/t_2/l_0/latency_Nones/model-52500.pth
Episode: 52500 Reward: 185.578 Loss: 39.443
episode: 53000
=> Save ./models/logs_m_2/q_2/t_2/l_0/latency_Nones/model-53000.pth
Episode: 53000 Reward: -110.909 Loss: 26.962
episode: 53500
=> Save ./models/logs_m_2/q_2/t_2/l_0/latency_Nones/model-53500.pth
Episode: 53500 Reward: 241.858 Loss: 160.763
episode: 54000
=> Save ./models/logs_m_2/q_2/t_2/l_0/latency_Nones/model-54000.pth
Episode: 54000 Reward: -275.143 Loss: 105.650
episode: 54500
=> Save ./models/logs_m_2/q_2/t_2/l_0/latency_Nones/model-54500.pth
Episode: 54500 Reward: 16.377 Loss: 49.479
episode: 55000
=> Save ./models/logs_m_2/q_2/t_2/l_0/latency_Nones/model-55000.pth
Episode: 55000 Reward: 269.960 Loss: 76.826
episode: 55500
=> Save ./models/logs_m_2/q_2/t_2/l_0/latency_Nones/model-55500.pth
Episode: 55500 Reward: 242.258 Loss: 13.292
episode: 56000
=> Save ./models/logs_m_2/q_2/t_2/l_0/latency_Nones/model-56000.pth
Episode: 56000 Reward: 241.218 Loss: 128.732
episode: 56500
=> Save ./models/logs_m_2/q_2/t_2/l_0/latency_Nones/model-56500.pth
Episode: 56500 Reward: 220.614 Loss: 56.523
episode: 57000
=> Save ./models/logs_m_2/q_2/t_2/l_0/latency_Nones/model-57000.pth
Episode: 57000 Reward: 130.018 Loss: 55.345
episode: 57500
=> Save ./models/logs_m_2/q_2/t_2/l_0/latency_Nones/model-57500.pth
Episode: 57500 Reward: 291.698 Loss: 66.133
episode: 58000
=> Save ./models/logs_m_2/q_2/t_2/l_0/latency_Nones/model-58000.pth
Episode: 58000 Reward: 204.731 Loss: 131.769
episode: 58500
=> Save ./models/logs_m_2/q_2/t_2/l_0/latency_Nones/model-58500.pth
Episode: 58500 Reward: -98.349 Loss: 90.517
episode: 59000
=> Save ./models/logs_m_2/q_2/t_2/l_0/latency_Nones/model-59000.pth
Episode: 59000 Reward: 220.073 Loss: 65.594
episode: 59500
=> Save ./models/logs_m_2/q_2/t_2/l_0/latency_Nones/model-59500.pth
Episode: 59500 Reward: 253.455 Loss: 127.052
episode: 60000
=> Save ./models/logs_m_2/q_2/t_2/l_0/latency_Nones/model-60000.pth
Episode: 60000 Reward: 296.350 Loss: 14.417
episode: 60500
=> Save ./models/logs_m_2/q_2/t_2/l_0/latency_Nones/model-60500.pth
Episode: 60500 Reward: 212.051 Loss: 71.911
episode: 61000
=> Save ./models/logs_m_2/q_2/t_2/l_0/latency_Nones/model-61000.pth
Episode: 61000 Reward: 262.066 Loss: 63.281
episode: 61500
=> Save ./models/logs_m_2/q_2/t_2/l_0/latency_Nones/model-61500.pth
Episode: 61500 Reward: -131.566 Loss: 46.850
episode: 62000
=> Save ./models/logs_m_2/q_2/t_2/l_0/latency_Nones/model-62000.pth
Episode: 62000 Reward: 241.365 Loss: 64.850
episode: 62500
=> Save ./models/logs_m_2/q_2/t_2/l_0/latency_Nones/model-62500.pth
Episode: 62500 Reward: 335.656 Loss: 120.923
episode: 63000
=> Save ./models/logs_m_2/q_2/t_2/l_0/latency_Nones/model-63000.pth
Episode: 63000 Reward: 257.311 Loss: 119.696
episode: 63500
=> Save ./models/logs_m_2/q_2/t_2/l_0/latency_Nones/model-63500.pth
Episode: 63500 Reward: 31.812 Loss: 18.725
episode: 64000
=> Save ./models/logs_m_2/q_2/t_2/l_0/latency_Nones/model-64000.pth
Episode: 64000 Reward: 150.325 Loss: 181.361
episode: 64500
=> Save ./models/logs_m_2/q_2/t_2/l_0/latency_Nones/model-64500.pth
Episode: 64500 Reward: 329.558 Loss: 16.925
episode: 65000
=> Save ./models/logs_m_2/q_2/t_2/l_0/latency_Nones/model-65000.pth
Episode: 65000 Reward: 237.521 Loss: 20.954
episode: 65500
=> Save ./models/logs_m_2/q_2/t_2/l_0/latency_Nones/model-65500.pth
Episode: 65500 Reward: 254.887 Loss: 15.065
episode: 66000
=> Save ./models/logs_m_2/q_2/t_2/l_0/latency_Nones/model-66000.pth
Episode: 66000 Reward: 377.145 Loss: 57.920
episode: 66500
=> Save ./models/logs_m_2/q_2/t_2/l_0/latency_Nones/model-66500.pth
Episode: 66500 Reward: 168.291 Loss: 145.547
episode: 67000
=> Save ./models/logs_m_2/q_2/t_2/l_0/latency_Nones/model-67000.pth
Episode: 67000 Reward: -274.586 Loss: 168.395
episode: 67500
=> Save ./models/logs_m_2/q_2/t_2/l_0/latency_Nones/model-67500.pth
Episode: 67500 Reward: 34.979 Loss: 63.959
episode: 68000
=> Save ./models/logs_m_2/q_2/t_2/l_0/latency_Nones/model-68000.pth
Episode: 68000 Reward: 279.303 Loss: 11.718
episode: 68500
=> Save ./models/logs_m_2/q_2/t_2/l_0/latency_Nones/model-68500.pth
Episode: 68500 Reward: 293.034 Loss: 62.474
episode: 69000
=> Save ./models/logs_m_2/q_2/t_2/l_0/latency_Nones/model-69000.pth
Episode: 69000 Reward: 256.324 Loss: 79.602
episode: 69500
=> Save ./models/logs_m_2/q_2/t_2/l_0/latency_Nones/model-69500.pth
Episode: 69500 Reward: -53.973 Loss: 9.916
episode: 70000
=> Save ./models/logs_m_2/q_2/t_2/l_0/latency_Nones/model-70000.pth
Episode: 70000 Reward: 127.237 Loss: 98.178
episode: 70500
=> Save ./models/logs_m_2/q_2/t_2/l_0/latency_Nones/model-70500.pth
Episode: 70500 Reward: 140.386 Loss: 133.756
episode: 71000
=> Save ./models/logs_m_2/q_2/t_2/l_0/latency_Nones/model-71000.pth
Episode: 71000 Reward: 140.905 Loss: 14.194
episode: 71500
=> Save ./models/logs_m_2/q_2/t_2/l_0/latency_Nones/model-71500.pth
Episode: 71500 Reward: 135.950 Loss: 11.058
episode: 72000
=> Save ./models/logs_m_2/q_2/t_2/l_0/latency_Nones/model-72000.pth
Episode: 72000 Reward: -6.791 Loss: 96.424
episode: 72500
=> Save ./models/logs_m_2/q_2/t_2/l_0/latency_Nones/model-72500.pth
Episode: 72500 Reward: 191.731 Loss: 97.445
episode: 73000
=> Save ./models/logs_m_2/q_2/t_2/l_0/latency_Nones/model-73000.pth
Episode: 73000 Reward: 277.977 Loss: 8.661
episode: 73500
=> Save ./models/logs_m_2/q_2/t_2/l_0/latency_Nones/model-73500.pth
Episode: 73500 Reward: 264.614 Loss: 13.996
episode: 74000
=> Save ./models/logs_m_2/q_2/t_2/l_0/latency_Nones/model-74000.pth
Episode: 74000 Reward: 321.536 Loss: 64.517
episode: 74500
=> Save ./models/logs_m_2/q_2/t_2/l_0/latency_Nones/model-74500.pth
Episode: 74500 Reward: 12.808 Loss: 7.537
episode: 75000
=> Save ./models/logs_m_2/q_2/t_2/l_0/latency_Nones/model-75000.pth
Episode: 75000 Reward: 131.694 Loss: 75.120
episode: 75500
=> Save ./models/logs_m_2/q_2/t_2/l_0/latency_Nones/model-75500.pth
Episode: 75500 Reward: 272.385 Loss: 10.966
episode: 76000
=> Save ./models/logs_m_2/q_2/t_2/l_0/latency_Nones/model-76000.pth
Episode: 76000 Reward: 261.923 Loss: 63.948
episode: 76500
=> Save ./models/logs_m_2/q_2/t_2/l_0/latency_Nones/model-76500.pth
Episode: 76500 Reward: 182.680 Loss: 164.476
episode: 77000
=> Save ./models/logs_m_2/q_2/t_2/l_0/latency_Nones/model-77000.pth
Episode: 77000 Reward: 301.450 Loss: 95.105
episode: 77500
=> Save ./models/logs_m_2/q_2/t_2/l_0/latency_Nones/model-77500.pth
Episode: 77500 Reward: 301.492 Loss: 119.485
episode: 78000
=> Save ./models/logs_m_2/q_2/t_2/l_0/latency_Nones/model-78000.pth
Episode: 78000 Reward: 293.257 Loss: 11.211
episode: 78500
=> Save ./models/logs_m_2/q_2/t_2/l_0/latency_Nones/model-78500.pth
Episode: 78500 Reward: 247.363 Loss: 43.092
episode: 79000
=> Save ./models/logs_m_2/q_2/t_2/l_0/latency_Nones/model-79000.pth
Episode: 79000 Reward: 250.805 Loss: 15.764
episode: 79500
=> Save ./models/logs_m_2/q_2/t_2/l_0/latency_Nones/model-79500.pth
Episode: 79500 Reward: 303.858 Loss: 44.489
episode: 80000
=> Save ./models/logs_m_2/q_2/t_2/l_0/latency_Nones/model-80000.pth
Episode: 80000 Reward: 381.383 Loss: 110.964
episode: 80500
=> Save ./models/logs_m_2/q_2/t_2/l_0/latency_Nones/model-80500.pth
Episode: 80500 Reward: 365.992 Loss: 8.500
episode: 81000
=> Save ./models/logs_m_2/q_2/t_2/l_0/latency_Nones/model-81000.pth
Episode: 81000 Reward: 178.773 Loss: 19.934
episode: 81500
=> Save ./models/logs_m_2/q_2/t_2/l_0/latency_Nones/model-81500.pth
Episode: 81500 Reward: 268.646 Loss: 69.272
episode: 82000
=> Save ./models/logs_m_2/q_2/t_2/l_0/latency_Nones/model-82000.pth
Episode: 82000 Reward: 230.664 Loss: 118.192
episode: 82500
=> Save ./models/logs_m_2/q_2/t_2/l_0/latency_Nones/model-82500.pth
Episode: 82500 Reward: 78.321 Loss: 57.825
episode: 83000
=> Save ./models/logs_m_2/q_2/t_2/l_0/latency_Nones/model-83000.pth
Episode: 83000 Reward: -172.248 Loss: 102.292
episode: 83500
=> Save ./models/logs_m_2/q_2/t_2/l_0/latency_Nones/model-83500.pth
Episode: 83500 Reward: 124.684 Loss: 10.125
episode: 84000
=> Save ./models/logs_m_2/q_2/t_2/l_0/latency_Nones/model-84000.pth
Episode: 84000 Reward: -183.502 Loss: 106.718
episode: 84500
=> Save ./models/logs_m_2/q_2/t_2/l_0/latency_Nones/model-84500.pth
Episode: 84500 Reward: 93.835 Loss: 175.285
episode: 85000
=> Save ./models/logs_m_2/q_2/t_2/l_0/latency_Nones/model-85000.pth
Episode: 85000 Reward: 337.677 Loss: 94.414
episode: 85500
=> Save ./models/logs_m_2/q_2/t_2/l_0/latency_Nones/model-85500.pth
Episode: 85500 Reward: 164.844 Loss: 19.124
episode: 86000
=> Save ./models/logs_m_2/q_2/t_2/l_0/latency_Nones/model-86000.pth
Episode: 86000 Reward: 348.063 Loss: 124.058
episode: 86500
=> Save ./models/logs_m_2/q_2/t_2/l_0/latency_Nones/model-86500.pth
Episode: 86500 Reward: 50.162 Loss: 108.577
episode: 87000
=> Save ./models/logs_m_2/q_2/t_2/l_0/latency_Nones/model-87000.pth
Episode: 87000 Reward: 330.220 Loss: 39.706
episode: 87500
=> Save ./models/logs_m_2/q_2/t_2/l_0/latency_Nones/model-87500.pth
Episode: 87500 Reward: 356.933 Loss: 59.273
episode: 88000
=> Save ./models/logs_m_2/q_2/t_2/l_0/latency_Nones/model-88000.pth
Episode: 88000 Reward: 205.693 Loss: 76.825
episode: 88500
=> Save ./models/logs_m_2/q_2/t_2/l_0/latency_Nones/model-88500.pth
Episode: 88500 Reward: 366.447 Loss: 101.892
episode: 89000
=> Save ./models/logs_m_2/q_2/t_2/l_0/latency_Nones/model-89000.pth
Episode: 89000 Reward: -16.874 Loss: 18.658
episode: 89500
=> Save ./models/logs_m_2/q_2/t_2/l_0/latency_Nones/model-89500.pth
Episode: 89500 Reward: 297.235 Loss: 107.086
episode: 90000
=> Save ./models/logs_m_2/q_2/t_2/l_0/latency_Nones/model-90000.pth
Episode: 90000 Reward: 379.674 Loss: 186.971
episode: 90500
=> Save ./models/logs_m_2/q_2/t_2/l_0/latency_Nones/model-90500.pth
Episode: 90500 Reward: 398.923 Loss: 21.878
episode: 91000
=> Save ./models/logs_m_2/q_2/t_2/l_0/latency_Nones/model-91000.pth
Episode: 91000 Reward: 295.671 Loss: 54.123
episode: 91500
=> Save ./models/logs_m_2/q_2/t_2/l_0/latency_Nones/model-91500.pth
Episode: 91500 Reward: -90.565 Loss: 8.299
episode: 92000
=> Save ./models/logs_m_2/q_2/t_2/l_0/latency_Nones/model-92000.pth
Episode: 92000 Reward: 300.875 Loss: 94.045
episode: 92500
=> Save ./models/logs_m_2/q_2/t_2/l_0/latency_Nones/model-92500.pth
Episode: 92500 Reward: 78.147 Loss: 154.120
episode: 93000
=> Save ./models/logs_m_2/q_2/t_2/l_0/latency_Nones/model-93000.pth
Episode: 93000 Reward: 84.923 Loss: 9.861
episode: 93500
=> Save ./models/logs_m_2/q_2/t_2/l_0/latency_Nones/model-93500.pth
Episode: 93500 Reward: 386.493 Loss: 81.516
episode: 94000
=> Save ./models/logs_m_2/q_2/t_2/l_0/latency_Nones/model-94000.pth
Episode: 94000 Reward: 372.439 Loss: 15.129
episode: 94500
=> Save ./models/logs_m_2/q_2/t_2/l_0/latency_Nones/model-94500.pth
Episode: 94500 Reward: 17.803 Loss: 16.246
episode: 95000
=> Save ./models/logs_m_2/q_2/t_2/l_0/latency_Nones/model-95000.pth
Episode: 95000 Reward: 360.465 Loss: 72.189
episode: 95500
=> Save ./models/logs_m_2/q_2/t_2/l_0/latency_Nones/model-95500.pth
Episode: 95500 Reward: 357.684 Loss: 112.600
episode: 96000
=> Save ./models/logs_m_2/q_2/t_2/l_0/latency_Nones/model-96000.pth
Episode: 96000 Reward: 65.025 Loss: 50.827
episode: 96500
=> Save ./models/logs_m_2/q_2/t_2/l_0/latency_Nones/model-96500.pth
Episode: 96500 Reward: 297.739 Loss: 91.114
episode: 97000
=> Save ./models/logs_m_2/q_2/t_2/l_0/latency_Nones/model-97000.pth
Episode: 97000 Reward: 383.607 Loss: 68.255
episode: 97500
=> Save ./models/logs_m_2/q_2/t_2/l_0/latency_Nones/model-97500.pth
Episode: 97500 Reward: 89.780 Loss: 10.609
episode: 98000
=> Save ./models/logs_m_2/q_2/t_2/l_0/latency_Nones/model-98000.pth
Episode: 98000 Reward: 353.647 Loss: 99.597
episode: 98500
=> Save ./models/logs_m_2/q_2/t_2/l_0/latency_Nones/model-98500.pth
Episode: 98500 Reward: 329.554 Loss: 141.094
episode: 99000
=> Save ./models/logs_m_2/q_2/t_2/l_0/latency_Nones/model-99000.pth
Episode: 99000 Reward: 321.020 Loss: 129.194
episode: 99500
=> Save ./models/logs_m_2/q_2/t_2/l_0/latency_Nones/model-99500.pth
Episode: 99500 Reward: 316.435 Loss: 120.326
episode: 100000
=> Save ./models/logs_m_2/q_2/t_2/l_0/latency_Nones/model-100000.pth
Episode: 100000 Reward: 21.069 Loss: 76.107
