player initial finish
episode: 500
=> Save ./models/logs_m_2/q_2/t_2/l_0/latency_2s/model-500.pth
Episode: 500 Reward: -295.368 Loss: 19.805
episode: 1000
=> Save ./models/logs_m_2/q_2/t_2/l_0/latency_2s/model-1000.pth
Episode: 1000 Reward: -529.333 Loss: 35.257
episode: 1500
=> Save ./models/logs_m_2/q_2/t_2/l_0/latency_2s/model-1500.pth
Episode: 1500 Reward: -650.226 Loss: 38.909
episode: 2000
=> Save ./models/logs_m_2/q_2/t_2/l_0/latency_2s/model-2000.pth
Episode: 2000 Reward: -235.027 Loss: 35.475
episode: 2500
=> Save ./models/logs_m_2/q_2/t_2/l_0/latency_2s/model-2500.pth
Episode: 2500 Reward: -432.627 Loss: 27.467
episode: 3000
=> Save ./models/logs_m_2/q_2/t_2/l_0/latency_2s/model-3000.pth
Episode: 3000 Reward: -83.053 Loss: 39.459
episode: 3500
=> Save ./models/logs_m_2/q_2/t_2/l_0/latency_2s/model-3500.pth
Episode: 3500 Reward: -34.752 Loss: 49.349
episode: 4000
=> Save ./models/logs_m_2/q_2/t_2/l_0/latency_2s/model-4000.pth
Episode: 4000 Reward: -64.524 Loss: 54.082
episode: 4500
=> Save ./models/logs_m_2/q_2/t_2/l_0/latency_2s/model-4500.pth
Episode: 4500 Reward: -674.982 Loss: 34.591
episode: 5000
=> Save ./models/logs_m_2/q_2/t_2/l_0/latency_2s/model-5000.pth
Episode: 5000 Reward: -93.009 Loss: 28.183
episode: 5500
=> Save ./models/logs_m_2/q_2/t_2/l_0/latency_2s/model-5500.pth
Episode: 5500 Reward: 139.568 Loss: 35.648
episode: 6000
=> Save ./models/logs_m_2/q_2/t_2/l_0/latency_2s/model-6000.pth
Episode: 6000 Reward: -584.101 Loss: 28.997
episode: 6500
=> Save ./models/logs_m_2/q_2/t_2/l_0/latency_2s/model-6500.pth
Episode: 6500 Reward: 207.079 Loss: 37.560
episode: 7000
=> Save ./models/logs_m_2/q_2/t_2/l_0/latency_2s/model-7000.pth
Episode: 7000 Reward: 65.902 Loss: 36.277
episode: 7500
=> Save ./models/logs_m_2/q_2/t_2/l_0/latency_2s/model-7500.pth
Episode: 7500 Reward: 28.890 Loss: 43.627
episode: 8000
=> Save ./models/logs_m_2/q_2/t_2/l_0/latency_2s/model-8000.pth
Episode: 8000 Reward: 7.407 Loss: 38.242
episode: 8500
=> Save ./models/logs_m_2/q_2/t_2/l_0/latency_2s/model-8500.pth
Episode: 8500 Reward: 150.996 Loss: 33.984
episode: 9000
=> Save ./models/logs_m_2/q_2/t_2/l_0/latency_2s/model-9000.pth
Episode: 9000 Reward: 338.812 Loss: 27.633
episode: 9500
=> Save ./models/logs_m_2/q_2/t_2/l_0/latency_2s/model-9500.pth
Episode: 9500 Reward: 341.342 Loss: 35.778
episode: 10000
=> Save ./models/logs_m_2/q_2/t_2/l_0/latency_2s/model-10000.pth
Episode: 10000 Reward: 29.427 Loss: 23.367
episode: 10500
=> Save ./models/logs_m_2/q_2/t_2/l_0/latency_2s/model-10500.pth
Episode: 10500 Reward: 380.457 Loss: 21.218
episode: 11000
=> Save ./models/logs_m_2/q_2/t_2/l_0/latency_2s/model-11000.pth
Episode: 11000 Reward: 365.862 Loss: 38.866
episode: 11500
=> Save ./models/logs_m_2/q_2/t_2/l_0/latency_2s/model-11500.pth
Episode: 11500 Reward: 353.255 Loss: 39.125
episode: 12000
=> Save ./models/logs_m_2/q_2/t_2/l_0/latency_2s/model-12000.pth
Episode: 12000 Reward: -32.044 Loss: 32.511
episode: 12500
=> Save ./models/logs_m_2/q_2/t_2/l_0/latency_2s/model-12500.pth
Episode: 12500 Reward: 273.366 Loss: 27.096
episode: 13000
=> Save ./models/logs_m_2/q_2/t_2/l_0/latency_2s/model-13000.pth
Episode: 13000 Reward: 346.304 Loss: 27.964
episode: 13500
=> Save ./models/logs_m_2/q_2/t_2/l_0/latency_2s/model-13500.pth
Episode: 13500 Reward: 433.718 Loss: 21.486
episode: 14000
=> Save ./models/logs_m_2/q_2/t_2/l_0/latency_2s/model-14000.pth
Episode: 14000 Reward: 10.167 Loss: 45.424
episode: 14500
=> Save ./models/logs_m_2/q_2/t_2/l_0/latency_2s/model-14500.pth
Episode: 14500 Reward: 283.478 Loss: 41.730
episode: 15000
=> Save ./models/logs_m_2/q_2/t_2/l_0/latency_2s/model-15000.pth
Episode: 15000 Reward: 357.961 Loss: 34.829
episode: 15500
=> Save ./models/logs_m_2/q_2/t_2/l_0/latency_2s/model-15500.pth
Episode: 15500 Reward: 123.000 Loss: 26.016
episode: 16000
=> Save ./models/logs_m_2/q_2/t_2/l_0/latency_2s/model-16000.pth
Episode: 16000 Reward: 278.042 Loss: 33.653
episode: 16500
=> Save ./models/logs_m_2/q_2/t_2/l_0/latency_2s/model-16500.pth
Episode: 16500 Reward: 244.270 Loss: 26.783
episode: 17000
=> Save ./models/logs_m_2/q_2/t_2/l_0/latency_2s/model-17000.pth
Episode: 17000 Reward: 433.336 Loss: 17.793
episode: 17500
=> Save ./models/logs_m_2/q_2/t_2/l_0/latency_2s/model-17500.pth
Episode: 17500 Reward: 216.363 Loss: 31.059
episode: 18000
=> Save ./models/logs_m_2/q_2/t_2/l_0/latency_2s/model-18000.pth
Episode: 18000 Reward: 423.363 Loss: 22.111
episode: 18500
=> Save ./models/logs_m_2/q_2/t_2/l_0/latency_2s/model-18500.pth
Episode: 18500 Reward: 81.289 Loss: 26.952
episode: 19000
=> Save ./models/logs_m_2/q_2/t_2/l_0/latency_2s/model-19000.pth
Episode: 19000 Reward: 257.213 Loss: 22.914
episode: 19500
=> Save ./models/logs_m_2/q_2/t_2/l_0/latency_2s/model-19500.pth
Episode: 19500 Reward: 455.061 Loss: 31.363
episode: 20000
=> Save ./models/logs_m_2/q_2/t_2/l_0/latency_2s/model-20000.pth
Episode: 20000 Reward: 293.515 Loss: 30.681
episode: 20500
=> Save ./models/logs_m_2/q_2/t_2/l_0/latency_2s/model-20500.pth
Episode: 20500 Reward: 455.901 Loss: 27.544
episode: 21000
=> Save ./models/logs_m_2/q_2/t_2/l_0/latency_2s/model-21000.pth
Episode: 21000 Reward: 429.383 Loss: 38.374
episode: 21500
=> Save ./models/logs_m_2/q_2/t_2/l_0/latency_2s/model-21500.pth
Episode: 21500 Reward: 415.007 Loss: 40.269
episode: 22000
=> Save ./models/logs_m_2/q_2/t_2/l_0/latency_2s/model-22000.pth
Episode: 22000 Reward: 464.870 Loss: 33.187
episode: 22500
=> Save ./models/logs_m_2/q_2/t_2/l_0/latency_2s/model-22500.pth
Episode: 22500 Reward: 490.366 Loss: 40.296
episode: 23000
=> Save ./models/logs_m_2/q_2/t_2/l_0/latency_2s/model-23000.pth
Episode: 23000 Reward: 227.772 Loss: 43.525
episode: 23500
=> Save ./models/logs_m_2/q_2/t_2/l_0/latency_2s/model-23500.pth
Episode: 23500 Reward: 167.160 Loss: 36.544
episode: 24000
=> Save ./models/logs_m_2/q_2/t_2/l_0/latency_2s/model-24000.pth
Episode: 24000 Reward: 407.474 Loss: 28.894
episode: 24500
=> Save ./models/logs_m_2/q_2/t_2/l_0/latency_2s/model-24500.pth
Episode: 24500 Reward: 391.270 Loss: 56.689
episode: 25000
=> Save ./models/logs_m_2/q_2/t_2/l_0/latency_2s/model-25000.pth
Episode: 25000 Reward: 384.972 Loss: 34.538
episode: 25500
=> Save ./models/logs_m_2/q_2/t_2/l_0/latency_2s/model-25500.pth
Episode: 25500 Reward: 497.050 Loss: 30.519
episode: 26000
=> Save ./models/logs_m_2/q_2/t_2/l_0/latency_2s/model-26000.pth
Episode: 26000 Reward: 226.305 Loss: 24.430
episode: 26500
=> Save ./models/logs_m_2/q_2/t_2/l_0/latency_2s/model-26500.pth
Episode: 26500 Reward: 496.735 Loss: 27.655
episode: 27000
=> Save ./models/logs_m_2/q_2/t_2/l_0/latency_2s/model-27000.pth
Episode: 27000 Reward: 387.172 Loss: 38.867
episode: 27500
=> Save ./models/logs_m_2/q_2/t_2/l_0/latency_2s/model-27500.pth
Episode: 27500 Reward: 378.749 Loss: 22.852
episode: 28000
=> Save ./models/logs_m_2/q_2/t_2/l_0/latency_2s/model-28000.pth
Episode: 28000 Reward: 222.823 Loss: 21.266
episode: 28500
=> Save ./models/logs_m_2/q_2/t_2/l_0/latency_2s/model-28500.pth
Episode: 28500 Reward: 438.019 Loss: 44.022
episode: 29000
=> Save ./models/logs_m_2/q_2/t_2/l_0/latency_2s/model-29000.pth
Episode: 29000 Reward: 416.534 Loss: 22.124
episode: 29500
=> Save ./models/logs_m_2/q_2/t_2/l_0/latency_2s/model-29500.pth
Episode: 29500 Reward: 507.753 Loss: 15.885
episode: 30000
=> Save ./models/logs_m_2/q_2/t_2/l_0/latency_2s/model-30000.pth
Episode: 30000 Reward: 396.020 Loss: 25.832
episode: 30500
=> Save ./models/logs_m_2/q_2/t_2/l_0/latency_2s/model-30500.pth
Episode: 30500 Reward: 508.289 Loss: 33.569
episode: 31000
=> Save ./models/logs_m_2/q_2/t_2/l_0/latency_2s/model-31000.pth
Episode: 31000 Reward: 276.871 Loss: 23.472
episode: 31500
=> Save ./models/logs_m_2/q_2/t_2/l_0/latency_2s/model-31500.pth
Episode: 31500 Reward: 565.081 Loss: 22.474
episode: 32000
=> Save ./models/logs_m_2/q_2/t_2/l_0/latency_2s/model-32000.pth
Episode: 32000 Reward: 369.708 Loss: 27.696
episode: 32500
=> Save ./models/logs_m_2/q_2/t_2/l_0/latency_2s/model-32500.pth
Episode: 32500 Reward: 213.056 Loss: 26.543
episode: 33000
=> Save ./models/logs_m_2/q_2/t_2/l_0/latency_2s/model-33000.pth
Episode: 33000 Reward: 374.144 Loss: 20.632
episode: 33500
=> Save ./models/logs_m_2/q_2/t_2/l_0/latency_2s/model-33500.pth
Episode: 33500 Reward: 403.936 Loss: 17.650
episode: 34000
=> Save ./models/logs_m_2/q_2/t_2/l_0/latency_2s/model-34000.pth
Episode: 34000 Reward: 322.978 Loss: 20.574
episode: 34500
=> Save ./models/logs_m_2/q_2/t_2/l_0/latency_2s/model-34500.pth
Episode: 34500 Reward: 402.373 Loss: 24.033
episode: 35000
=> Save ./models/logs_m_2/q_2/t_2/l_0/latency_2s/model-35000.pth
Episode: 35000 Reward: 209.266 Loss: 23.189
episode: 35500
=> Save ./models/logs_m_2/q_2/t_2/l_0/latency_2s/model-35500.pth
Episode: 35500 Reward: 197.109 Loss: 26.645
episode: 36000
=> Save ./models/logs_m_2/q_2/t_2/l_0/latency_2s/model-36000.pth
Episode: 36000 Reward: 404.415 Loss: 33.546
episode: 36500
=> Save ./models/logs_m_2/q_2/t_2/l_0/latency_2s/model-36500.pth
Episode: 36500 Reward: 250.202 Loss: 22.770
episode: 37000
=> Save ./models/logs_m_2/q_2/t_2/l_0/latency_2s/model-37000.pth
Episode: 37000 Reward: 388.978 Loss: 34.454
episode: 37500
=> Save ./models/logs_m_2/q_2/t_2/l_0/latency_2s/model-37500.pth
Episode: 37500 Reward: 504.813 Loss: 18.375
episode: 38000
=> Save ./models/logs_m_2/q_2/t_2/l_0/latency_2s/model-38000.pth
Episode: 38000 Reward: 54.289 Loss: 28.173
episode: 38500
=> Save ./models/logs_m_2/q_2/t_2/l_0/latency_2s/model-38500.pth
Episode: 38500 Reward: 523.972 Loss: 27.844
episode: 39000
=> Save ./models/logs_m_2/q_2/t_2/l_0/latency_2s/model-39000.pth
Episode: 39000 Reward: 123.371 Loss: 20.289
episode: 39500
=> Save ./models/logs_m_2/q_2/t_2/l_0/latency_2s/model-39500.pth
Episode: 39500 Reward: 542.193 Loss: 24.555
episode: 40000
=> Save ./models/logs_m_2/q_2/t_2/l_0/latency_2s/model-40000.pth
Episode: 40000 Reward: 493.943 Loss: 28.303
episode: 40500
=> Save ./models/logs_m_2/q_2/t_2/l_0/latency_2s/model-40500.pth
Episode: 40500 Reward: 179.115 Loss: 31.145
episode: 41000
=> Save ./models/logs_m_2/q_2/t_2/l_0/latency_2s/model-41000.pth
Episode: 41000 Reward: 524.474 Loss: 31.931
episode: 41500
=> Save ./models/logs_m_2/q_2/t_2/l_0/latency_2s/model-41500.pth
Episode: 41500 Reward: 267.199 Loss: 29.999
episode: 42000
=> Save ./models/logs_m_2/q_2/t_2/l_0/latency_2s/model-42000.pth
Episode: 42000 Reward: 509.202 Loss: 27.023
episode: 42500
=> Save ./models/logs_m_2/q_2/t_2/l_0/latency_2s/model-42500.pth
Episode: 42500 Reward: 408.683 Loss: 43.445
episode: 43000
=> Save ./models/logs_m_2/q_2/t_2/l_0/latency_2s/model-43000.pth
Episode: 43000 Reward: -87.844 Loss: 30.736
episode: 43500
=> Save ./models/logs_m_2/q_2/t_2/l_0/latency_2s/model-43500.pth
Episode: 43500 Reward: 436.393 Loss: 28.764
episode: 44000
=> Save ./models/logs_m_2/q_2/t_2/l_0/latency_2s/model-44000.pth
Episode: 44000 Reward: 389.776 Loss: 32.775
episode: 44500
=> Save ./models/logs_m_2/q_2/t_2/l_0/latency_2s/model-44500.pth
Episode: 44500 Reward: 149.862 Loss: 23.794
episode: 45000
=> Save ./models/logs_m_2/q_2/t_2/l_0/latency_2s/model-45000.pth
Episode: 45000 Reward: 400.984 Loss: 23.841
episode: 45500
=> Save ./models/logs_m_2/q_2/t_2/l_0/latency_2s/model-45500.pth
Episode: 45500 Reward: 503.877 Loss: 18.628
episode: 46000
=> Save ./models/logs_m_2/q_2/t_2/l_0/latency_2s/model-46000.pth
Episode: 46000 Reward: 559.237 Loss: 18.299
episode: 46500
=> Save ./models/logs_m_2/q_2/t_2/l_0/latency_2s/model-46500.pth
Episode: 46500 Reward: 444.306 Loss: 22.390
episode: 47000
=> Save ./models/logs_m_2/q_2/t_2/l_0/latency_2s/model-47000.pth
Episode: 47000 Reward: 390.850 Loss: 22.694
episode: 47500
=> Save ./models/logs_m_2/q_2/t_2/l_0/latency_2s/model-47500.pth
Episode: 47500 Reward: 527.775 Loss: 20.751
episode: 48000
=> Save ./models/logs_m_2/q_2/t_2/l_0/latency_2s/model-48000.pth
Episode: 48000 Reward: 537.765 Loss: 12.820
episode: 48500
=> Save ./models/logs_m_2/q_2/t_2/l_0/latency_2s/model-48500.pth
Episode: 48500 Reward: 506.401 Loss: 12.219
episode: 49000
=> Save ./models/logs_m_2/q_2/t_2/l_0/latency_2s/model-49000.pth
Episode: 49000 Reward: 539.449 Loss: 20.695
episode: 49500
=> Save ./models/logs_m_2/q_2/t_2/l_0/latency_2s/model-49500.pth
Episode: 49500 Reward: 417.580 Loss: 21.681
episode: 50000
=> Save ./models/logs_m_2/q_2/t_2/l_0/latency_2s/model-50000.pth
Episode: 50000 Reward: 467.032 Loss: 24.196
episode: 50500
=> Save ./models/logs_m_2/q_2/t_2/l_0/latency_2s/model-50500.pth
Episode: 50500 Reward: 418.916 Loss: 23.719
episode: 51000
=> Save ./models/logs_m_2/q_2/t_2/l_0/latency_2s/model-51000.pth
Episode: 51000 Reward: 178.454 Loss: 27.515
episode: 51500
=> Save ./models/logs_m_2/q_2/t_2/l_0/latency_2s/model-51500.pth
Episode: 51500 Reward: 390.951 Loss: 28.136
episode: 52000
=> Save ./models/logs_m_2/q_2/t_2/l_0/latency_2s/model-52000.pth
Episode: 52000 Reward: 328.559 Loss: 23.060
episode: 52500
=> Save ./models/logs_m_2/q_2/t_2/l_0/latency_2s/model-52500.pth
Episode: 52500 Reward: 298.128 Loss: 34.679
episode: 53000
=> Save ./models/logs_m_2/q_2/t_2/l_0/latency_2s/model-53000.pth
Episode: 53000 Reward: 163.790 Loss: 23.210
episode: 53500
=> Save ./models/logs_m_2/q_2/t_2/l_0/latency_2s/model-53500.pth
Episode: 53500 Reward: 448.956 Loss: 21.467
episode: 54000
=> Save ./models/logs_m_2/q_2/t_2/l_0/latency_2s/model-54000.pth
Episode: 54000 Reward: 509.560 Loss: 26.681
episode: 54500
=> Save ./models/logs_m_2/q_2/t_2/l_0/latency_2s/model-54500.pth
Episode: 54500 Reward: 296.776 Loss: 22.387
episode: 55000
=> Save ./models/logs_m_2/q_2/t_2/l_0/latency_2s/model-55000.pth
Episode: 55000 Reward: 341.516 Loss: 22.824
episode: 55500
=> Save ./models/logs_m_2/q_2/t_2/l_0/latency_2s/model-55500.pth
Episode: 55500 Reward: 39.386 Loss: 17.158
episode: 56000
=> Save ./models/logs_m_2/q_2/t_2/l_0/latency_2s/model-56000.pth
Episode: 56000 Reward: 419.105 Loss: 20.015
episode: 56500
=> Save ./models/logs_m_2/q_2/t_2/l_0/latency_2s/model-56500.pth
Episode: 56500 Reward: -47.426 Loss: 30.873
episode: 57000
=> Save ./models/logs_m_2/q_2/t_2/l_0/latency_2s/model-57000.pth
Episode: 57000 Reward: 411.100 Loss: 20.189
episode: 57500
=> Save ./models/logs_m_2/q_2/t_2/l_0/latency_2s/model-57500.pth
Episode: 57500 Reward: 258.677 Loss: 23.808
episode: 58000
=> Save ./models/logs_m_2/q_2/t_2/l_0/latency_2s/model-58000.pth
Episode: 58000 Reward: -3.446 Loss: 32.180
episode: 58500
=> Save ./models/logs_m_2/q_2/t_2/l_0/latency_2s/model-58500.pth
Episode: 58500 Reward: 568.187 Loss: 26.245
episode: 59000
=> Save ./models/logs_m_2/q_2/t_2/l_0/latency_2s/model-59000.pth
Episode: 59000 Reward: 546.282 Loss: 39.448
episode: 59500
=> Save ./models/logs_m_2/q_2/t_2/l_0/latency_2s/model-59500.pth
Episode: 59500 Reward: 405.275 Loss: 29.357
episode: 60000
=> Save ./models/logs_m_2/q_2/t_2/l_0/latency_2s/model-60000.pth
Episode: 60000 Reward: 567.210 Loss: 22.356
episode: 60500
=> Save ./models/logs_m_2/q_2/t_2/l_0/latency_2s/model-60500.pth
Episode: 60500 Reward: 397.227 Loss: 38.456
episode: 61000
=> Save ./models/logs_m_2/q_2/t_2/l_0/latency_2s/model-61000.pth
Episode: 61000 Reward: 154.968 Loss: 37.022
episode: 61500
=> Save ./models/logs_m_2/q_2/t_2/l_0/latency_2s/model-61500.pth
Episode: 61500 Reward: 531.956 Loss: 22.198
episode: 62000
=> Save ./models/logs_m_2/q_2/t_2/l_0/latency_2s/model-62000.pth
Episode: 62000 Reward: 425.438 Loss: 27.952
episode: 62500
=> Save ./models/logs_m_2/q_2/t_2/l_0/latency_2s/model-62500.pth
Episode: 62500 Reward: 548.357 Loss: 29.270
episode: 63000
=> Save ./models/logs_m_2/q_2/t_2/l_0/latency_2s/model-63000.pth
Episode: 63000 Reward: 531.095 Loss: 35.452
episode: 63500
=> Save ./models/logs_m_2/q_2/t_2/l_0/latency_2s/model-63500.pth
Episode: 63500 Reward: 356.682 Loss: 17.568
episode: 64000
=> Save ./models/logs_m_2/q_2/t_2/l_0/latency_2s/model-64000.pth
Episode: 64000 Reward: 384.686 Loss: 26.110
episode: 64500
=> Save ./models/logs_m_2/q_2/t_2/l_0/latency_2s/model-64500.pth
Episode: 64500 Reward: 538.161 Loss: 20.161
episode: 65000
=> Save ./models/logs_m_2/q_2/t_2/l_0/latency_2s/model-65000.pth
Episode: 65000 Reward: 302.728 Loss: 19.369
episode: 65500
=> Save ./models/logs_m_2/q_2/t_2/l_0/latency_2s/model-65500.pth
Episode: 65500 Reward: 346.985 Loss: 17.828
episode: 66000
=> Save ./models/logs_m_2/q_2/t_2/l_0/latency_2s/model-66000.pth
Episode: 66000 Reward: 527.587 Loss: 24.389
episode: 66500
=> Save ./models/logs_m_2/q_2/t_2/l_0/latency_2s/model-66500.pth
Episode: 66500 Reward: 402.504 Loss: 20.565
episode: 67000
=> Save ./models/logs_m_2/q_2/t_2/l_0/latency_2s/model-67000.pth
Episode: 67000 Reward: 358.517 Loss: 38.826
episode: 67500
=> Save ./models/logs_m_2/q_2/t_2/l_0/latency_2s/model-67500.pth
Episode: 67500 Reward: 547.032 Loss: 26.798
episode: 68000
=> Save ./models/logs_m_2/q_2/t_2/l_0/latency_2s/model-68000.pth
Episode: 68000 Reward: 309.085 Loss: 33.010
episode: 68500
=> Save ./models/logs_m_2/q_2/t_2/l_0/latency_2s/model-68500.pth
Episode: 68500 Reward: 380.984 Loss: 21.013
episode: 69000
=> Save ./models/logs_m_2/q_2/t_2/l_0/latency_2s/model-69000.pth
Episode: 69000 Reward: 574.241 Loss: 19.456
episode: 69500
=> Save ./models/logs_m_2/q_2/t_2/l_0/latency_2s/model-69500.pth
Episode: 69500 Reward: 407.530 Loss: 16.324
episode: 70000
=> Save ./models/logs_m_2/q_2/t_2/l_0/latency_2s/model-70000.pth
Episode: 70000 Reward: 544.376 Loss: 18.813
