player initial finish
episode: 500
=> Save ./models/logs_m_2/q_2/t_2/l_0/latency_3s/model-500.pth
Episode: 500 Reward: -263.339 Loss: 48.644
episode: 1000
=> Save ./models/logs_m_2/q_2/t_2/l_0/latency_3s/model-1000.pth
Episode: 1000 Reward: -182.963 Loss: 20.238
episode: 1500
=> Save ./models/logs_m_2/q_2/t_2/l_0/latency_3s/model-1500.pth
Episode: 1500 Reward: -327.684 Loss: 26.512
episode: 2000
=> Save ./models/logs_m_2/q_2/t_2/l_0/latency_3s/model-2000.pth
Episode: 2000 Reward: -177.852 Loss: 28.184
episode: 2500
=> Save ./models/logs_m_2/q_2/t_2/l_0/latency_3s/model-2500.pth
Episode: 2500 Reward: -177.802 Loss: 42.524
episode: 3000
=> Save ./models/logs_m_2/q_2/t_2/l_0/latency_3s/model-3000.pth
Episode: 3000 Reward: -98.509 Loss: 25.689
episode: 3500
=> Save ./models/logs_m_2/q_2/t_2/l_0/latency_3s/model-3500.pth
Episode: 3500 Reward: -228.587 Loss: 42.249
episode: 4000
=> Save ./models/logs_m_2/q_2/t_2/l_0/latency_3s/model-4000.pth
Episode: 4000 Reward: -82.414 Loss: 36.301
episode: 4500
=> Save ./models/logs_m_2/q_2/t_2/l_0/latency_3s/model-4500.pth
Episode: 4500 Reward: -90.504 Loss: 38.142
episode: 5000
=> Save ./models/logs_m_2/q_2/t_2/l_0/latency_3s/model-5000.pth
Episode: 5000 Reward: -88.719 Loss: 26.253
episode: 5500
=> Save ./models/logs_m_2/q_2/t_2/l_0/latency_3s/model-5500.pth
Episode: 5500 Reward: -883.080 Loss: 28.092
episode: 6000
=> Save ./models/logs_m_2/q_2/t_2/l_0/latency_3s/model-6000.pth
Episode: 6000 Reward: -235.613 Loss: 48.018
episode: 6500
=> Save ./models/logs_m_2/q_2/t_2/l_0/latency_3s/model-6500.pth
Episode: 6500 Reward: -69.112 Loss: 38.881
episode: 7000
=> Save ./models/logs_m_2/q_2/t_2/l_0/latency_3s/model-7000.pth
Episode: 7000 Reward: -144.470 Loss: 39.434
episode: 7500
=> Save ./models/logs_m_2/q_2/t_2/l_0/latency_3s/model-7500.pth
Episode: 7500 Reward: 9.067 Loss: 35.596
episode: 8000
=> Save ./models/logs_m_2/q_2/t_2/l_0/latency_3s/model-8000.pth
Episode: 8000 Reward: -155.839 Loss: 34.676
episode: 8500
=> Save ./models/logs_m_2/q_2/t_2/l_0/latency_3s/model-8500.pth
Episode: 8500 Reward: -45.411 Loss: 30.745
episode: 9000
=> Save ./models/logs_m_2/q_2/t_2/l_0/latency_3s/model-9000.pth
Episode: 9000 Reward: -27.919 Loss: 26.772
episode: 9500
=> Save ./models/logs_m_2/q_2/t_2/l_0/latency_3s/model-9500.pth
Episode: 9500 Reward: -1.064 Loss: 30.244
episode: 10000
=> Save ./models/logs_m_2/q_2/t_2/l_0/latency_3s/model-10000.pth
Episode: 10000 Reward: -38.788 Loss: 30.537
episode: 10500
=> Save ./models/logs_m_2/q_2/t_2/l_0/latency_3s/model-10500.pth
Episode: 10500 Reward: 67.067 Loss: 42.192
episode: 11000
=> Save ./models/logs_m_2/q_2/t_2/l_0/latency_3s/model-11000.pth
Episode: 11000 Reward: 16.639 Loss: 28.472
episode: 11500
=> Save ./models/logs_m_2/q_2/t_2/l_0/latency_3s/model-11500.pth
Episode: 11500 Reward: -224.966 Loss: 36.488
episode: 12000
=> Save ./models/logs_m_2/q_2/t_2/l_0/latency_3s/model-12000.pth
Episode: 12000 Reward: -9.942 Loss: 28.017
episode: 12500
=> Save ./models/logs_m_2/q_2/t_2/l_0/latency_3s/model-12500.pth
Episode: 12500 Reward: -36.293 Loss: 35.252
episode: 13000
=> Save ./models/logs_m_2/q_2/t_2/l_0/latency_3s/model-13000.pth
Episode: 13000 Reward: -243.367 Loss: 33.620
episode: 13500
=> Save ./models/logs_m_2/q_2/t_2/l_0/latency_3s/model-13500.pth
Episode: 13500 Reward: 77.251 Loss: 29.989
episode: 14000
=> Save ./models/logs_m_2/q_2/t_2/l_0/latency_3s/model-14000.pth
Episode: 14000 Reward: 108.254 Loss: 26.815
episode: 14500
=> Save ./models/logs_m_2/q_2/t_2/l_0/latency_3s/model-14500.pth
Episode: 14500 Reward: -225.108 Loss: 34.925
episode: 15000
=> Save ./models/logs_m_2/q_2/t_2/l_0/latency_3s/model-15000.pth
Episode: 15000 Reward: -12.656 Loss: 30.093
episode: 15500
=> Save ./models/logs_m_2/q_2/t_2/l_0/latency_3s/model-15500.pth
Episode: 15500 Reward: 111.732 Loss: 28.136
episode: 16000
=> Save ./models/logs_m_2/q_2/t_2/l_0/latency_3s/model-16000.pth
Episode: 16000 Reward: 40.139 Loss: 39.236
episode: 16500
=> Save ./models/logs_m_2/q_2/t_2/l_0/latency_3s/model-16500.pth
Episode: 16500 Reward: 87.387 Loss: 45.153
episode: 17000
=> Save ./models/logs_m_2/q_2/t_2/l_0/latency_3s/model-17000.pth
Episode: 17000 Reward: 105.434 Loss: 32.140
episode: 17500
=> Save ./models/logs_m_2/q_2/t_2/l_0/latency_3s/model-17500.pth
Episode: 17500 Reward: 135.673 Loss: 35.682
episode: 18000
=> Save ./models/logs_m_2/q_2/t_2/l_0/latency_3s/model-18000.pth
Episode: 18000 Reward: 142.986 Loss: 28.377
episode: 18500
=> Save ./models/logs_m_2/q_2/t_2/l_0/latency_3s/model-18500.pth
Episode: 18500 Reward: 109.901 Loss: 34.476
episode: 19000
=> Save ./models/logs_m_2/q_2/t_2/l_0/latency_3s/model-19000.pth
Episode: 19000 Reward: 76.806 Loss: 34.830
episode: 19500
=> Save ./models/logs_m_2/q_2/t_2/l_0/latency_3s/model-19500.pth
Episode: 19500 Reward: 129.391 Loss: 30.888
episode: 20000
=> Save ./models/logs_m_2/q_2/t_2/l_0/latency_3s/model-20000.pth
Episode: 20000 Reward: 122.017 Loss: 45.196
episode: 20500
=> Save ./models/logs_m_2/q_2/t_2/l_0/latency_3s/model-20500.pth
Episode: 20500 Reward: 197.112 Loss: 30.390
episode: 21000
=> Save ./models/logs_m_2/q_2/t_2/l_0/latency_3s/model-21000.pth
Episode: 21000 Reward: 151.104 Loss: 32.761
episode: 21500
=> Save ./models/logs_m_2/q_2/t_2/l_0/latency_3s/model-21500.pth
Episode: 21500 Reward: 151.012 Loss: 32.473
episode: 22000
=> Save ./models/logs_m_2/q_2/t_2/l_0/latency_3s/model-22000.pth
Episode: 22000 Reward: -15.795 Loss: 28.030
episode: 22500
=> Save ./models/logs_m_2/q_2/t_2/l_0/latency_3s/model-22500.pth
Episode: 22500 Reward: 204.983 Loss: 26.174
episode: 23000
=> Save ./models/logs_m_2/q_2/t_2/l_0/latency_3s/model-23000.pth
Episode: 23000 Reward: 106.642 Loss: 44.587
episode: 23500
=> Save ./models/logs_m_2/q_2/t_2/l_0/latency_3s/model-23500.pth
Episode: 23500 Reward: 180.315 Loss: 45.763
episode: 24000
=> Save ./models/logs_m_2/q_2/t_2/l_0/latency_3s/model-24000.pth
Episode: 24000 Reward: 66.417 Loss: 28.503
episode: 24500
=> Save ./models/logs_m_2/q_2/t_2/l_0/latency_3s/model-24500.pth
Episode: 24500 Reward: 16.639 Loss: 40.522
episode: 25000
=> Save ./models/logs_m_2/q_2/t_2/l_0/latency_3s/model-25000.pth
Episode: 25000 Reward: 62.854 Loss: 43.528
episode: 25500
=> Save ./models/logs_m_2/q_2/t_2/l_0/latency_3s/model-25500.pth
Episode: 25500 Reward: 158.738 Loss: 39.344
episode: 26000
=> Save ./models/logs_m_2/q_2/t_2/l_0/latency_3s/model-26000.pth
Episode: 26000 Reward: 119.343 Loss: 30.280
episode: 26500
=> Save ./models/logs_m_2/q_2/t_2/l_0/latency_3s/model-26500.pth
Episode: 26500 Reward: 119.986 Loss: 27.203
episode: 27000
=> Save ./models/logs_m_2/q_2/t_2/l_0/latency_3s/model-27000.pth
Episode: 27000 Reward: 82.252 Loss: 48.303
episode: 27500
=> Save ./models/logs_m_2/q_2/t_2/l_0/latency_3s/model-27500.pth
Episode: 27500 Reward: 204.929 Loss: 44.895
episode: 28000
=> Save ./models/logs_m_2/q_2/t_2/l_0/latency_3s/model-28000.pth
Episode: 28000 Reward: 100.545 Loss: 43.294
episode: 28500
=> Save ./models/logs_m_2/q_2/t_2/l_0/latency_3s/model-28500.pth
Episode: 28500 Reward: 72.094 Loss: 39.608
episode: 29000
=> Save ./models/logs_m_2/q_2/t_2/l_0/latency_3s/model-29000.pth
Episode: 29000 Reward: 10.363 Loss: 35.203
episode: 29500
=> Save ./models/logs_m_2/q_2/t_2/l_0/latency_3s/model-29500.pth
Episode: 29500 Reward: 163.997 Loss: 30.723
episode: 30000
=> Save ./models/logs_m_2/q_2/t_2/l_0/latency_3s/model-30000.pth
Episode: 30000 Reward: -48.518 Loss: 29.292
episode: 30500
=> Save ./models/logs_m_2/q_2/t_2/l_0/latency_3s/model-30500.pth
Episode: 30500 Reward: 258.057 Loss: 42.228
episode: 31000
=> Save ./models/logs_m_2/q_2/t_2/l_0/latency_3s/model-31000.pth
Episode: 31000 Reward: 182.350 Loss: 37.260
episode: 31500
=> Save ./models/logs_m_2/q_2/t_2/l_0/latency_3s/model-31500.pth
Episode: 31500 Reward: 187.737 Loss: 24.511
episode: 32000
=> Save ./models/logs_m_2/q_2/t_2/l_0/latency_3s/model-32000.pth
Episode: 32000 Reward: 251.771 Loss: 33.217
episode: 32500
=> Save ./models/logs_m_2/q_2/t_2/l_0/latency_3s/model-32500.pth
Episode: 32500 Reward: -89.747 Loss: 19.780
episode: 33000
=> Save ./models/logs_m_2/q_2/t_2/l_0/latency_3s/model-33000.pth
Episode: 33000 Reward: 79.767 Loss: 32.356
episode: 33500
=> Save ./models/logs_m_2/q_2/t_2/l_0/latency_3s/model-33500.pth
Episode: 33500 Reward: 205.805 Loss: 32.398
episode: 34000
=> Save ./models/logs_m_2/q_2/t_2/l_0/latency_3s/model-34000.pth
Episode: 34000 Reward: 67.602 Loss: 30.104
episode: 34500
=> Save ./models/logs_m_2/q_2/t_2/l_0/latency_3s/model-34500.pth
Episode: 34500 Reward: 192.368 Loss: 20.886
episode: 35000
=> Save ./models/logs_m_2/q_2/t_2/l_0/latency_3s/model-35000.pth
Episode: 35000 Reward: 257.096 Loss: 34.900
episode: 35500
=> Save ./models/logs_m_2/q_2/t_2/l_0/latency_3s/model-35500.pth
Episode: 35500 Reward: 176.318 Loss: 27.096
episode: 36000
=> Save ./models/logs_m_2/q_2/t_2/l_0/latency_3s/model-36000.pth
Episode: 36000 Reward: 271.203 Loss: 44.389
episode: 36500
=> Save ./models/logs_m_2/q_2/t_2/l_0/latency_3s/model-36500.pth
Episode: 36500 Reward: 256.102 Loss: 31.586
episode: 37000
=> Save ./models/logs_m_2/q_2/t_2/l_0/latency_3s/model-37000.pth
Episode: 37000 Reward: 260.574 Loss: 32.380
episode: 37500
=> Save ./models/logs_m_2/q_2/t_2/l_0/latency_3s/model-37500.pth
Episode: 37500 Reward: 261.806 Loss: 25.153
episode: 38000
=> Save ./models/logs_m_2/q_2/t_2/l_0/latency_3s/model-38000.pth
Episode: 38000 Reward: 64.574 Loss: 29.281
episode: 38500
=> Save ./models/logs_m_2/q_2/t_2/l_0/latency_3s/model-38500.pth
Episode: 38500 Reward: 282.257 Loss: 31.456
episode: 39000
=> Save ./models/logs_m_2/q_2/t_2/l_0/latency_3s/model-39000.pth
Episode: 39000 Reward: 236.263 Loss: 37.609
episode: 39500
=> Save ./models/logs_m_2/q_2/t_2/l_0/latency_3s/model-39500.pth
Episode: 39500 Reward: 208.104 Loss: 37.682
episode: 40000
=> Save ./models/logs_m_2/q_2/t_2/l_0/latency_3s/model-40000.pth
Episode: 40000 Reward: 210.007 Loss: 44.371
episode: 40500
=> Save ./models/logs_m_2/q_2/t_2/l_0/latency_3s/model-40500.pth
Episode: 40500 Reward: 278.788 Loss: 38.372
episode: 41000
=> Save ./models/logs_m_2/q_2/t_2/l_0/latency_3s/model-41000.pth
Episode: 41000 Reward: 269.595 Loss: 45.554
episode: 41500
=> Save ./models/logs_m_2/q_2/t_2/l_0/latency_3s/model-41500.pth
Episode: 41500 Reward: 257.941 Loss: 54.576
episode: 42000
=> Save ./models/logs_m_2/q_2/t_2/l_0/latency_3s/model-42000.pth
Episode: 42000 Reward: 26.679 Loss: 39.655
episode: 42500
=> Save ./models/logs_m_2/q_2/t_2/l_0/latency_3s/model-42500.pth
Episode: 42500 Reward: 274.048 Loss: 24.490
episode: 43000
=> Save ./models/logs_m_2/q_2/t_2/l_0/latency_3s/model-43000.pth
Episode: 43000 Reward: 37.364 Loss: 32.978
episode: 43500
=> Save ./models/logs_m_2/q_2/t_2/l_0/latency_3s/model-43500.pth
Episode: 43500 Reward: 60.784 Loss: 33.093
episode: 44000
=> Save ./models/logs_m_2/q_2/t_2/l_0/latency_3s/model-44000.pth
Episode: 44000 Reward: 278.163 Loss: 40.606
episode: 44500
=> Save ./models/logs_m_2/q_2/t_2/l_0/latency_3s/model-44500.pth
Episode: 44500 Reward: 191.642 Loss: 33.629
episode: 45000
=> Save ./models/logs_m_2/q_2/t_2/l_0/latency_3s/model-45000.pth
Episode: 45000 Reward: -33.733 Loss: 32.435
episode: 45500
=> Save ./models/logs_m_2/q_2/t_2/l_0/latency_3s/model-45500.pth
Episode: 45500 Reward: 8.692 Loss: 47.412
episode: 46000
=> Save ./models/logs_m_2/q_2/t_2/l_0/latency_3s/model-46000.pth
Episode: 46000 Reward: 214.780 Loss: 40.011
episode: 46500
=> Save ./models/logs_m_2/q_2/t_2/l_0/latency_3s/model-46500.pth
Episode: 46500 Reward: 185.584 Loss: 35.140
episode: 47000
=> Save ./models/logs_m_2/q_2/t_2/l_0/latency_3s/model-47000.pth
Episode: 47000 Reward: 28.996 Loss: 40.104
episode: 47500
=> Save ./models/logs_m_2/q_2/t_2/l_0/latency_3s/model-47500.pth
Episode: 47500 Reward: -43.548 Loss: 54.700
episode: 48000
=> Save ./models/logs_m_2/q_2/t_2/l_0/latency_3s/model-48000.pth
Episode: 48000 Reward: 179.796 Loss: 35.778
episode: 48500
=> Save ./models/logs_m_2/q_2/t_2/l_0/latency_3s/model-48500.pth
Episode: 48500 Reward: 263.903 Loss: 32.434
episode: 49000
=> Save ./models/logs_m_2/q_2/t_2/l_0/latency_3s/model-49000.pth
Episode: 49000 Reward: -102.918 Loss: 55.300
episode: 49500
=> Save ./models/logs_m_2/q_2/t_2/l_0/latency_3s/model-49500.pth
Episode: 49500 Reward: 152.632 Loss: 38.214
episode: 50000
=> Save ./models/logs_m_2/q_2/t_2/l_0/latency_3s/model-50000.pth
Episode: 50000 Reward: 224.435 Loss: 48.063
episode: 50500
=> Save ./models/logs_m_2/q_2/t_2/l_0/latency_3s/model-50500.pth
Episode: 50500 Reward: 80.668 Loss: 45.939
episode: 51000
=> Save ./models/logs_m_2/q_2/t_2/l_0/latency_3s/model-51000.pth
Episode: 51000 Reward: 270.049 Loss: 34.166
episode: 51500
=> Save ./models/logs_m_2/q_2/t_2/l_0/latency_3s/model-51500.pth
Episode: 51500 Reward: 226.071 Loss: 40.806
episode: 52000
=> Save ./models/logs_m_2/q_2/t_2/l_0/latency_3s/model-52000.pth
Episode: 52000 Reward: 280.457 Loss: 39.007
episode: 52500
=> Save ./models/logs_m_2/q_2/t_2/l_0/latency_3s/model-52500.pth
Episode: 52500 Reward: 77.455 Loss: 44.875
episode: 53000
=> Save ./models/logs_m_2/q_2/t_2/l_0/latency_3s/model-53000.pth
Episode: 53000 Reward: 275.481 Loss: 20.948
episode: 53500
=> Save ./models/logs_m_2/q_2/t_2/l_0/latency_3s/model-53500.pth
Episode: 53500 Reward: 169.901 Loss: 30.699
episode: 54000
=> Save ./models/logs_m_2/q_2/t_2/l_0/latency_3s/model-54000.pth
Episode: 54000 Reward: 279.984 Loss: 38.768
episode: 54500
=> Save ./models/logs_m_2/q_2/t_2/l_0/latency_3s/model-54500.pth
Episode: 54500 Reward: 279.152 Loss: 36.063
episode: 55000
=> Save ./models/logs_m_2/q_2/t_2/l_0/latency_3s/model-55000.pth
Episode: 55000 Reward: 283.718 Loss: 38.004
episode: 55500
=> Save ./models/logs_m_2/q_2/t_2/l_0/latency_3s/model-55500.pth
Episode: 55500 Reward: 207.051 Loss: 56.605
episode: 56000
=> Save ./models/logs_m_2/q_2/t_2/l_0/latency_3s/model-56000.pth
Episode: 56000 Reward: 189.682 Loss: 39.291
episode: 56500
=> Save ./models/logs_m_2/q_2/t_2/l_0/latency_3s/model-56500.pth
Episode: 56500 Reward: 37.359 Loss: 34.878
episode: 57000
=> Save ./models/logs_m_2/q_2/t_2/l_0/latency_3s/model-57000.pth
Episode: 57000 Reward: 250.655 Loss: 33.578
episode: 57500
=> Save ./models/logs_m_2/q_2/t_2/l_0/latency_3s/model-57500.pth
Episode: 57500 Reward: 148.270 Loss: 34.979
episode: 58000
=> Save ./models/logs_m_2/q_2/t_2/l_0/latency_3s/model-58000.pth
Episode: 58000 Reward: 11.679 Loss: 50.222
episode: 58500
=> Save ./models/logs_m_2/q_2/t_2/l_0/latency_3s/model-58500.pth
Episode: 58500 Reward: 276.252 Loss: 41.122
episode: 59000
=> Save ./models/logs_m_2/q_2/t_2/l_0/latency_3s/model-59000.pth
Episode: 59000 Reward: 206.243 Loss: 44.223
episode: 59500
=> Save ./models/logs_m_2/q_2/t_2/l_0/latency_3s/model-59500.pth
Episode: 59500 Reward: 189.564 Loss: 50.324
episode: 60000
=> Save ./models/logs_m_2/q_2/t_2/l_0/latency_3s/model-60000.pth
Episode: 60000 Reward: 266.906 Loss: 37.340
episode: 60500
=> Save ./models/logs_m_2/q_2/t_2/l_0/latency_3s/model-60500.pth
Episode: 60500 Reward: 215.023 Loss: 38.009
episode: 61000
=> Save ./models/logs_m_2/q_2/t_2/l_0/latency_3s/model-61000.pth
Episode: 61000 Reward: 46.251 Loss: 32.307
episode: 61500
=> Save ./models/logs_m_2/q_2/t_2/l_0/latency_3s/model-61500.pth
Episode: 61500 Reward: 98.441 Loss: 30.630
episode: 62000
=> Save ./models/logs_m_2/q_2/t_2/l_0/latency_3s/model-62000.pth
Episode: 62000 Reward: 35.145 Loss: 28.716
episode: 62500
=> Save ./models/logs_m_2/q_2/t_2/l_0/latency_3s/model-62500.pth
Episode: 62500 Reward: 151.725 Loss: 30.912
episode: 63000
=> Save ./models/logs_m_2/q_2/t_2/l_0/latency_3s/model-63000.pth
Episode: 63000 Reward: 51.635 Loss: 28.541
episode: 63500
=> Save ./models/logs_m_2/q_2/t_2/l_0/latency_3s/model-63500.pth
Episode: 63500 Reward: 264.580 Loss: 30.851
episode: 64000
=> Save ./models/logs_m_2/q_2/t_2/l_0/latency_3s/model-64000.pth
Episode: 64000 Reward: 140.426 Loss: 22.842
episode: 64500
=> Save ./models/logs_m_2/q_2/t_2/l_0/latency_3s/model-64500.pth
Episode: 64500 Reward: 176.281 Loss: 45.348
episode: 65000
=> Save ./models/logs_m_2/q_2/t_2/l_0/latency_3s/model-65000.pth
Episode: 65000 Reward: 143.875 Loss: 32.394
episode: 65500
=> Save ./models/logs_m_2/q_2/t_2/l_0/latency_3s/model-65500.pth
Episode: 65500 Reward: 135.030 Loss: 33.628
episode: 66000
=> Save ./models/logs_m_2/q_2/t_2/l_0/latency_3s/model-66000.pth
Episode: 66000 Reward: 30.918 Loss: 35.599
episode: 66500
=> Save ./models/logs_m_2/q_2/t_2/l_0/latency_3s/model-66500.pth
Episode: 66500 Reward: 112.312 Loss: 25.210
episode: 67000
=> Save ./models/logs_m_2/q_2/t_2/l_0/latency_3s/model-67000.pth
Episode: 67000 Reward: 31.297 Loss: 29.335
episode: 67500
=> Save ./models/logs_m_2/q_2/t_2/l_0/latency_3s/model-67500.pth
Episode: 67500 Reward: 182.931 Loss: 37.068
episode: 68000
=> Save ./models/logs_m_2/q_2/t_2/l_0/latency_3s/model-68000.pth
Episode: 68000 Reward: 142.667 Loss: 32.108
episode: 68500
=> Save ./models/logs_m_2/q_2/t_2/l_0/latency_3s/model-68500.pth
Episode: 68500 Reward: 148.919 Loss: 26.567
episode: 69000
=> Save ./models/logs_m_2/q_2/t_2/l_0/latency_3s/model-69000.pth
Episode: 69000 Reward: 112.915 Loss: 22.847
episode: 69500
=> Save ./models/logs_m_2/q_2/t_2/l_0/latency_3s/model-69500.pth
Episode: 69500 Reward: 209.087 Loss: 22.382
episode: 70000
=> Save ./models/logs_m_2/q_2/t_2/l_0/latency_3s/model-70000.pth
Episode: 70000 Reward: 282.236 Loss: 22.400
episode: 70500
=> Save ./models/logs_m_2/q_2/t_2/l_0/latency_3s/model-70500.pth
Episode: 70500 Reward: 141.341 Loss: 19.810
episode: 71000
=> Save ./models/logs_m_2/q_2/t_2/l_0/latency_3s/model-71000.pth
Episode: 71000 Reward: 48.418 Loss: 31.568
episode: 71500
=> Save ./models/logs_m_2/q_2/t_2/l_0/latency_3s/model-71500.pth
Episode: 71500 Reward: 231.590 Loss: 21.786
episode: 72000
=> Save ./models/logs_m_2/q_2/t_2/l_0/latency_3s/model-72000.pth
Episode: 72000 Reward: 158.890 Loss: 20.571
episode: 72500
=> Save ./models/logs_m_2/q_2/t_2/l_0/latency_3s/model-72500.pth
Episode: 72500 Reward: 162.066 Loss: 21.091
episode: 73000
=> Save ./models/logs_m_2/q_2/t_2/l_0/latency_3s/model-73000.pth
Episode: 73000 Reward: 107.160 Loss: 29.719
episode: 73500
=> Save ./models/logs_m_2/q_2/t_2/l_0/latency_3s/model-73500.pth
Episode: 73500 Reward: 54.581 Loss: 29.547
episode: 74000
=> Save ./models/logs_m_2/q_2/t_2/l_0/latency_3s/model-74000.pth
Episode: 74000 Reward: 65.677 Loss: 25.988
episode: 74500
=> Save ./models/logs_m_2/q_2/t_2/l_0/latency_3s/model-74500.pth
Episode: 74500 Reward: 184.575 Loss: 28.737
episode: 75000
=> Save ./models/logs_m_2/q_2/t_2/l_0/latency_3s/model-75000.pth
Episode: 75000 Reward: 271.673 Loss: 30.464
episode: 75500
=> Save ./models/logs_m_2/q_2/t_2/l_0/latency_3s/model-75500.pth
Episode: 75500 Reward: 6.642 Loss: 30.327
episode: 76000
=> Save ./models/logs_m_2/q_2/t_2/l_0/latency_3s/model-76000.pth
Episode: 76000 Reward: 118.333 Loss: 33.773
episode: 76500
=> Save ./models/logs_m_2/q_2/t_2/l_0/latency_3s/model-76500.pth
Episode: 76500 Reward: 154.828 Loss: 32.111
episode: 77000
=> Save ./models/logs_m_2/q_2/t_2/l_0/latency_3s/model-77000.pth
Episode: 77000 Reward: 26.863 Loss: 22.750
episode: 77500
=> Save ./models/logs_m_2/q_2/t_2/l_0/latency_3s/model-77500.pth
Episode: 77500 Reward: 34.938 Loss: 22.477
episode: 78000
=> Save ./models/logs_m_2/q_2/t_2/l_0/latency_3s/model-78000.pth
Episode: 78000 Reward: 280.417 Loss: 34.794
episode: 78500
=> Save ./models/logs_m_2/q_2/t_2/l_0/latency_3s/model-78500.pth
Episode: 78500 Reward: 148.086 Loss: 28.541
episode: 79000
=> Save ./models/logs_m_2/q_2/t_2/l_0/latency_3s/model-79000.pth
Episode: 79000 Reward: 43.820 Loss: 30.024
episode: 79500
=> Save ./models/logs_m_2/q_2/t_2/l_0/latency_3s/model-79500.pth
Episode: 79500 Reward: 177.164 Loss: 25.138
episode: 80000
=> Save ./models/logs_m_2/q_2/t_2/l_0/latency_3s/model-80000.pth
Episode: 80000 Reward: 277.311 Loss: 31.881
episode: 80500
=> Save ./models/logs_m_2/q_2/t_2/l_0/latency_3s/model-80500.pth
Episode: 80500 Reward: 53.431 Loss: 26.096
episode: 81000
=> Save ./models/logs_m_2/q_2/t_2/l_0/latency_3s/model-81000.pth
Episode: 81000 Reward: 161.585 Loss: 23.340
episode: 81500
=> Save ./models/logs_m_2/q_2/t_2/l_0/latency_3s/model-81500.pth
Episode: 81500 Reward: 262.564 Loss: 21.876
episode: 82000
=> Save ./models/logs_m_2/q_2/t_2/l_0/latency_3s/model-82000.pth
Episode: 82000 Reward: 198.563 Loss: 34.738
episode: 82500
=> Save ./models/logs_m_2/q_2/t_2/l_0/latency_3s/model-82500.pth
Episode: 82500 Reward: 222.717 Loss: 28.340
episode: 83000
=> Save ./models/logs_m_2/q_2/t_2/l_0/latency_3s/model-83000.pth
Episode: 83000 Reward: 12.955 Loss: 14.999
episode: 83500
=> Save ./models/logs_m_2/q_2/t_2/l_0/latency_3s/model-83500.pth
Episode: 83500 Reward: 183.132 Loss: 31.525
episode: 84000
=> Save ./models/logs_m_2/q_2/t_2/l_0/latency_3s/model-84000.pth
Episode: 84000 Reward: 235.719 Loss: 23.022
episode: 84500
=> Save ./models/logs_m_2/q_2/t_2/l_0/latency_3s/model-84500.pth
Episode: 84500 Reward: 181.153 Loss: 16.526
episode: 85000
=> Save ./models/logs_m_2/q_2/t_2/l_0/latency_3s/model-85000.pth
Episode: 85000 Reward: 17.240 Loss: 34.781
episode: 85500
=> Save ./models/logs_m_2/q_2/t_2/l_0/latency_3s/model-85500.pth
Episode: 85500 Reward: 131.905 Loss: 37.396
episode: 86000
=> Save ./models/logs_m_2/q_2/t_2/l_0/latency_3s/model-86000.pth
Episode: 86000 Reward: 163.367 Loss: 24.710
episode: 86500
=> Save ./models/logs_m_2/q_2/t_2/l_0/latency_3s/model-86500.pth
Episode: 86500 Reward: 214.565 Loss: 27.013
episode: 87000
=> Save ./models/logs_m_2/q_2/t_2/l_0/latency_3s/model-87000.pth
Episode: 87000 Reward: 174.856 Loss: 47.195
episode: 87500
=> Save ./models/logs_m_2/q_2/t_2/l_0/latency_3s/model-87500.pth
Episode: 87500 Reward: 181.982 Loss: 29.047
episode: 88000
=> Save ./models/logs_m_2/q_2/t_2/l_0/latency_3s/model-88000.pth
Episode: 88000 Reward: 258.549 Loss: 34.662
episode: 88500
=> Save ./models/logs_m_2/q_2/t_2/l_0/latency_3s/model-88500.pth
Episode: 88500 Reward: 171.245 Loss: 26.027
episode: 89000
=> Save ./models/logs_m_2/q_2/t_2/l_0/latency_3s/model-89000.pth
Episode: 89000 Reward: 126.206 Loss: 31.266
episode: 89500
=> Save ./models/logs_m_2/q_2/t_2/l_0/latency_3s/model-89500.pth
Episode: 89500 Reward: 263.731 Loss: 24.287
episode: 90000
=> Save ./models/logs_m_2/q_2/t_2/l_0/latency_3s/model-90000.pth
Episode: 90000 Reward: 229.791 Loss: 28.250
episode: 90500
=> Save ./models/logs_m_2/q_2/t_2/l_0/latency_3s/model-90500.pth
Episode: 90500 Reward: 110.743 Loss: 27.713
episode: 91000
=> Save ./models/logs_m_2/q_2/t_2/l_0/latency_3s/model-91000.pth
Episode: 91000 Reward: 216.589 Loss: 29.773
episode: 91500
=> Save ./models/logs_m_2/q_2/t_2/l_0/latency_3s/model-91500.pth
Episode: 91500 Reward: 180.976 Loss: 27.595
episode: 92000
=> Save ./models/logs_m_2/q_2/t_2/l_0/latency_3s/model-92000.pth
Episode: 92000 Reward: 171.904 Loss: 19.900
episode: 92500
=> Save ./models/logs_m_2/q_2/t_2/l_0/latency_3s/model-92500.pth
Episode: 92500 Reward: 238.507 Loss: 27.516
episode: 93000
=> Save ./models/logs_m_2/q_2/t_2/l_0/latency_3s/model-93000.pth
Episode: 93000 Reward: 255.820 Loss: 31.534
episode: 93500
=> Save ./models/logs_m_2/q_2/t_2/l_0/latency_3s/model-93500.pth
Episode: 93500 Reward: 210.355 Loss: 24.404
episode: 94000
=> Save ./models/logs_m_2/q_2/t_2/l_0/latency_3s/model-94000.pth
Episode: 94000 Reward: 171.877 Loss: 24.505
episode: 94500
=> Save ./models/logs_m_2/q_2/t_2/l_0/latency_3s/model-94500.pth
Episode: 94500 Reward: 246.191 Loss: 24.387
episode: 95000
=> Save ./models/logs_m_2/q_2/t_2/l_0/latency_3s/model-95000.pth
Episode: 95000 Reward: 194.544 Loss: 26.205
episode: 95500
=> Save ./models/logs_m_2/q_2/t_2/l_0/latency_3s/model-95500.pth
Episode: 95500 Reward: 267.420 Loss: 24.869
episode: 96000
=> Save ./models/logs_m_2/q_2/t_2/l_0/latency_3s/model-96000.pth
Episode: 96000 Reward: 209.756 Loss: 35.052
episode: 96500
=> Save ./models/logs_m_2/q_2/t_2/l_0/latency_3s/model-96500.pth
Episode: 96500 Reward: 237.852 Loss: 34.607
episode: 97000
=> Save ./models/logs_m_2/q_2/t_2/l_0/latency_3s/model-97000.pth
Episode: 97000 Reward: 256.052 Loss: 38.568
episode: 97500
=> Save ./models/logs_m_2/q_2/t_2/l_0/latency_3s/model-97500.pth
Episode: 97500 Reward: 258.215 Loss: 34.679
episode: 98000
=> Save ./models/logs_m_2/q_2/t_2/l_0/latency_3s/model-98000.pth
Episode: 98000 Reward: 174.504 Loss: 26.691
episode: 98500
=> Save ./models/logs_m_2/q_2/t_2/l_0/latency_3s/model-98500.pth
Episode: 98500 Reward: 145.400 Loss: 27.669
episode: 99000
=> Save ./models/logs_m_2/q_2/t_2/l_0/latency_3s/model-99000.pth
Episode: 99000 Reward: 65.488 Loss: 28.935
episode: 99500
=> Save ./models/logs_m_2/q_2/t_2/l_0/latency_3s/model-99500.pth
Episode: 99500 Reward: 246.674 Loss: 26.726
episode: 100000
=> Save ./models/logs_m_2/q_2/t_2/l_0/latency_3s/model-100000.pth
Episode: 100000 Reward: 158.288 Loss: 33.626
