player initial finish
episode: 500
=> Save ./models/logs_m_2/q_2/t_2/l_0/latency_4s/model-500.pth
Episode: 500 Reward: -460.622 Loss: 18.303
episode: 1000
=> Save ./models/logs_m_2/q_2/t_2/l_0/latency_4s/model-1000.pth
Episode: 1000 Reward: -370.147 Loss: 28.356
episode: 1500
=> Save ./models/logs_m_2/q_2/t_2/l_0/latency_4s/model-1500.pth
Episode: 1500 Reward: -352.878 Loss: 45.604
episode: 2000
=> Save ./models/logs_m_2/q_2/t_2/l_0/latency_4s/model-2000.pth
Episode: 2000 Reward: -300.587 Loss: 36.718
episode: 2500
=> Save ./models/logs_m_2/q_2/t_2/l_0/latency_4s/model-2500.pth
Episode: 2500 Reward: -806.038 Loss: 41.865
episode: 3000
=> Save ./models/logs_m_2/q_2/t_2/l_0/latency_4s/model-3000.pth
Episode: 3000 Reward: -34.144 Loss: 28.237
episode: 3500
=> Save ./models/logs_m_2/q_2/t_2/l_0/latency_4s/model-3500.pth
Episode: 3500 Reward: -86.055 Loss: 33.937
episode: 4000
=> Save ./models/logs_m_2/q_2/t_2/l_0/latency_4s/model-4000.pth
Episode: 4000 Reward: -107.722 Loss: 44.176
episode: 4500
=> Save ./models/logs_m_2/q_2/t_2/l_0/latency_4s/model-4500.pth
Episode: 4500 Reward: -54.877 Loss: 30.985
episode: 5000
=> Save ./models/logs_m_2/q_2/t_2/l_0/latency_4s/model-5000.pth
Episode: 5000 Reward: -38.512 Loss: 42.887
episode: 5500
=> Save ./models/logs_m_2/q_2/t_2/l_0/latency_4s/model-5500.pth
Episode: 5500 Reward: -19.473 Loss: 54.486
episode: 6000
=> Save ./models/logs_m_2/q_2/t_2/l_0/latency_4s/model-6000.pth
Episode: 6000 Reward: -26.518 Loss: 36.194
episode: 6500
=> Save ./models/logs_m_2/q_2/t_2/l_0/latency_4s/model-6500.pth
Episode: 6500 Reward: 180.596 Loss: 33.518
episode: 7000
=> Save ./models/logs_m_2/q_2/t_2/l_0/latency_4s/model-7000.pth
Episode: 7000 Reward: 82.748 Loss: 27.416
episode: 7500
=> Save ./models/logs_m_2/q_2/t_2/l_0/latency_4s/model-7500.pth
Episode: 7500 Reward: 119.005 Loss: 46.031
episode: 8000
=> Save ./models/logs_m_2/q_2/t_2/l_0/latency_4s/model-8000.pth
Episode: 8000 Reward: -5.221 Loss: 28.797
episode: 8500
=> Save ./models/logs_m_2/q_2/t_2/l_0/latency_4s/model-8500.pth
Episode: 8500 Reward: 226.052 Loss: 47.415
episode: 9000
=> Save ./models/logs_m_2/q_2/t_2/l_0/latency_4s/model-9000.pth
Episode: 9000 Reward: -68.555 Loss: 23.039
episode: 9500
=> Save ./models/logs_m_2/q_2/t_2/l_0/latency_4s/model-9500.pth
Episode: 9500 Reward: -88.335 Loss: 32.118
episode: 10000
=> Save ./models/logs_m_2/q_2/t_2/l_0/latency_4s/model-10000.pth
Episode: 10000 Reward: 333.541 Loss: 39.759
episode: 10500
=> Save ./models/logs_m_2/q_2/t_2/l_0/latency_4s/model-10500.pth
Episode: 10500 Reward: 93.627 Loss: 36.301
episode: 11000
=> Save ./models/logs_m_2/q_2/t_2/l_0/latency_4s/model-11000.pth
Episode: 11000 Reward: 232.774 Loss: 31.440
episode: 11500
=> Save ./models/logs_m_2/q_2/t_2/l_0/latency_4s/model-11500.pth
Episode: 11500 Reward: 371.307 Loss: 49.105
episode: 12000
=> Save ./models/logs_m_2/q_2/t_2/l_0/latency_4s/model-12000.pth
Episode: 12000 Reward: 415.792 Loss: 42.329
episode: 12500
=> Save ./models/logs_m_2/q_2/t_2/l_0/latency_4s/model-12500.pth
Episode: 12500 Reward: 357.703 Loss: 34.358
episode: 13000
=> Save ./models/logs_m_2/q_2/t_2/l_0/latency_4s/model-13000.pth
Episode: 13000 Reward: 146.810 Loss: 42.457
episode: 13500
=> Save ./models/logs_m_2/q_2/t_2/l_0/latency_4s/model-13500.pth
Episode: 13500 Reward: 229.510 Loss: 23.788
episode: 14000
=> Save ./models/logs_m_2/q_2/t_2/l_0/latency_4s/model-14000.pth
Episode: 14000 Reward: 425.092 Loss: 23.120
episode: 14500
=> Save ./models/logs_m_2/q_2/t_2/l_0/latency_4s/model-14500.pth
Episode: 14500 Reward: 292.006 Loss: 39.195
episode: 15000
=> Save ./models/logs_m_2/q_2/t_2/l_0/latency_4s/model-15000.pth
Episode: 15000 Reward: 377.194 Loss: 27.686
episode: 15500
=> Save ./models/logs_m_2/q_2/t_2/l_0/latency_4s/model-15500.pth
Episode: 15500 Reward: 448.957 Loss: 27.578
episode: 16000
=> Save ./models/logs_m_2/q_2/t_2/l_0/latency_4s/model-16000.pth
Episode: 16000 Reward: 278.806 Loss: 36.920
episode: 16500
=> Save ./models/logs_m_2/q_2/t_2/l_0/latency_4s/model-16500.pth
Episode: 16500 Reward: 218.390 Loss: 43.599
episode: 17000
=> Save ./models/logs_m_2/q_2/t_2/l_0/latency_4s/model-17000.pth
Episode: 17000 Reward: 348.326 Loss: 24.543
episode: 17500
=> Save ./models/logs_m_2/q_2/t_2/l_0/latency_4s/model-17500.pth
Episode: 17500 Reward: 358.155 Loss: 23.112
episode: 18000
=> Save ./models/logs_m_2/q_2/t_2/l_0/latency_4s/model-18000.pth
Episode: 18000 Reward: 358.171 Loss: 30.876
episode: 18500
=> Save ./models/logs_m_2/q_2/t_2/l_0/latency_4s/model-18500.pth
Episode: 18500 Reward: 446.848 Loss: 36.113
episode: 19000
=> Save ./models/logs_m_2/q_2/t_2/l_0/latency_4s/model-19000.pth
Episode: 19000 Reward: 509.223 Loss: 19.406
episode: 19500
=> Save ./models/logs_m_2/q_2/t_2/l_0/latency_4s/model-19500.pth
Episode: 19500 Reward: 532.606 Loss: 28.365
episode: 20000
=> Save ./models/logs_m_2/q_2/t_2/l_0/latency_4s/model-20000.pth
Episode: 20000 Reward: 307.221 Loss: 25.538
episode: 20500
=> Save ./models/logs_m_2/q_2/t_2/l_0/latency_4s/model-20500.pth
Episode: 20500 Reward: -51.163 Loss: 27.243
episode: 21000
=> Save ./models/logs_m_2/q_2/t_2/l_0/latency_4s/model-21000.pth
Episode: 21000 Reward: 177.554 Loss: 18.068
episode: 21500
=> Save ./models/logs_m_2/q_2/t_2/l_0/latency_4s/model-21500.pth
Episode: 21500 Reward: 554.706 Loss: 28.307
episode: 22000
=> Save ./models/logs_m_2/q_2/t_2/l_0/latency_4s/model-22000.pth
Episode: 22000 Reward: -4.272 Loss: 22.505
episode: 22500
=> Save ./models/logs_m_2/q_2/t_2/l_0/latency_4s/model-22500.pth
Episode: 22500 Reward: 552.944 Loss: 21.282
episode: 23000
=> Save ./models/logs_m_2/q_2/t_2/l_0/latency_4s/model-23000.pth
Episode: 23000 Reward: 508.330 Loss: 16.443
episode: 23500
=> Save ./models/logs_m_2/q_2/t_2/l_0/latency_4s/model-23500.pth
Episode: 23500 Reward: 555.008 Loss: 29.859
episode: 24000
=> Save ./models/logs_m_2/q_2/t_2/l_0/latency_4s/model-24000.pth
Episode: 24000 Reward: 539.583 Loss: 22.547
episode: 24500
=> Save ./models/logs_m_2/q_2/t_2/l_0/latency_4s/model-24500.pth
Episode: 24500 Reward: 522.216 Loss: 26.117
episode: 25000
=> Save ./models/logs_m_2/q_2/t_2/l_0/latency_4s/model-25000.pth
Episode: 25000 Reward: 393.079 Loss: 19.165
episode: 25500
=> Save ./models/logs_m_2/q_2/t_2/l_0/latency_4s/model-25500.pth
Episode: 25500 Reward: 343.021 Loss: 30.612
episode: 26000
=> Save ./models/logs_m_2/q_2/t_2/l_0/latency_4s/model-26000.pth
Episode: 26000 Reward: 559.335 Loss: 31.679
episode: 26500
=> Save ./models/logs_m_2/q_2/t_2/l_0/latency_4s/model-26500.pth
Episode: 26500 Reward: 520.246 Loss: 16.660
episode: 27000
=> Save ./models/logs_m_2/q_2/t_2/l_0/latency_4s/model-27000.pth
Episode: 27000 Reward: 371.800 Loss: 45.286
episode: 27500
=> Save ./models/logs_m_2/q_2/t_2/l_0/latency_4s/model-27500.pth
Episode: 27500 Reward: 439.864 Loss: 24.660
episode: 28000
=> Save ./models/logs_m_2/q_2/t_2/l_0/latency_4s/model-28000.pth
Episode: 28000 Reward: 561.698 Loss: 27.306
episode: 28500
=> Save ./models/logs_m_2/q_2/t_2/l_0/latency_4s/model-28500.pth
Episode: 28500 Reward: 167.997 Loss: 35.512
episode: 29000
=> Save ./models/logs_m_2/q_2/t_2/l_0/latency_4s/model-29000.pth
Episode: 29000 Reward: 569.156 Loss: 29.312
episode: 29500
=> Save ./models/logs_m_2/q_2/t_2/l_0/latency_4s/model-29500.pth
Episode: 29500 Reward: 240.753 Loss: 27.286
episode: 30000
=> Save ./models/logs_m_2/q_2/t_2/l_0/latency_4s/model-30000.pth
Episode: 30000 Reward: 84.602 Loss: 25.491
episode: 30500
=> Save ./models/logs_m_2/q_2/t_2/l_0/latency_4s/model-30500.pth
Episode: 30500 Reward: 469.470 Loss: 34.444
episode: 31000
=> Save ./models/logs_m_2/q_2/t_2/l_0/latency_4s/model-31000.pth
Episode: 31000 Reward: 461.787 Loss: 39.050
episode: 31500
=> Save ./models/logs_m_2/q_2/t_2/l_0/latency_4s/model-31500.pth
Episode: 31500 Reward: 574.088 Loss: 27.004
episode: 32000
=> Save ./models/logs_m_2/q_2/t_2/l_0/latency_4s/model-32000.pth
Episode: 32000 Reward: 552.906 Loss: 32.741
episode: 32500
=> Save ./models/logs_m_2/q_2/t_2/l_0/latency_4s/model-32500.pth
Episode: 32500 Reward: 149.850 Loss: 27.380
episode: 33000
=> Save ./models/logs_m_2/q_2/t_2/l_0/latency_4s/model-33000.pth
Episode: 33000 Reward: 551.695 Loss: 20.613
episode: 33500
=> Save ./models/logs_m_2/q_2/t_2/l_0/latency_4s/model-33500.pth
Episode: 33500 Reward: 359.309 Loss: 26.586
episode: 34000
=> Save ./models/logs_m_2/q_2/t_2/l_0/latency_4s/model-34000.pth
Episode: 34000 Reward: 432.894 Loss: 42.780
episode: 34500
=> Save ./models/logs_m_2/q_2/t_2/l_0/latency_4s/model-34500.pth
Episode: 34500 Reward: 160.785 Loss: 30.345
episode: 35000
=> Save ./models/logs_m_2/q_2/t_2/l_0/latency_4s/model-35000.pth
Episode: 35000 Reward: 208.745 Loss: 27.086
episode: 35500
=> Save ./models/logs_m_2/q_2/t_2/l_0/latency_4s/model-35500.pth
Episode: 35500 Reward: 409.853 Loss: 38.886
episode: 36000
=> Save ./models/logs_m_2/q_2/t_2/l_0/latency_4s/model-36000.pth
Episode: 36000 Reward: 164.533 Loss: 29.170
episode: 36500
=> Save ./models/logs_m_2/q_2/t_2/l_0/latency_4s/model-36500.pth
Episode: 36500 Reward: 33.875 Loss: 45.917
episode: 37000
=> Save ./models/logs_m_2/q_2/t_2/l_0/latency_4s/model-37000.pth
Episode: 37000 Reward: 316.399 Loss: 23.950
episode: 37500
=> Save ./models/logs_m_2/q_2/t_2/l_0/latency_4s/model-37500.pth
Episode: 37500 Reward: 494.525 Loss: 23.472
episode: 38000
=> Save ./models/logs_m_2/q_2/t_2/l_0/latency_4s/model-38000.pth
Episode: 38000 Reward: 233.723 Loss: 20.885
episode: 38500
=> Save ./models/logs_m_2/q_2/t_2/l_0/latency_4s/model-38500.pth
Episode: 38500 Reward: -42.703 Loss: 20.135
episode: 39000
=> Save ./models/logs_m_2/q_2/t_2/l_0/latency_4s/model-39000.pth
Episode: 39000 Reward: 349.720 Loss: 15.694
episode: 39500
=> Save ./models/logs_m_2/q_2/t_2/l_0/latency_4s/model-39500.pth
Episode: 39500 Reward: 549.441 Loss: 21.423
episode: 40000
=> Save ./models/logs_m_2/q_2/t_2/l_0/latency_4s/model-40000.pth
Episode: 40000 Reward: 346.732 Loss: 34.077
episode: 40500
=> Save ./models/logs_m_2/q_2/t_2/l_0/latency_4s/model-40500.pth
Episode: 40500 Reward: 572.868 Loss: 33.173
episode: 41000
=> Save ./models/logs_m_2/q_2/t_2/l_0/latency_4s/model-41000.pth
Episode: 41000 Reward: 364.255 Loss: 37.717
episode: 41500
=> Save ./models/logs_m_2/q_2/t_2/l_0/latency_4s/model-41500.pth
Episode: 41500 Reward: -29.035 Loss: 24.203
episode: 42000
=> Save ./models/logs_m_2/q_2/t_2/l_0/latency_4s/model-42000.pth
Episode: 42000 Reward: 289.152 Loss: 32.900
episode: 42500
=> Save ./models/logs_m_2/q_2/t_2/l_0/latency_4s/model-42500.pth
Episode: 42500 Reward: 263.891 Loss: 27.763
episode: 43000
=> Save ./models/logs_m_2/q_2/t_2/l_0/latency_4s/model-43000.pth
Episode: 43000 Reward: 37.589 Loss: 23.306
episode: 43500
=> Save ./models/logs_m_2/q_2/t_2/l_0/latency_4s/model-43500.pth
Episode: 43500 Reward: 568.436 Loss: 17.801
episode: 44000
=> Save ./models/logs_m_2/q_2/t_2/l_0/latency_4s/model-44000.pth
Episode: 44000 Reward: 242.237 Loss: 20.875
episode: 44500
=> Save ./models/logs_m_2/q_2/t_2/l_0/latency_4s/model-44500.pth
Episode: 44500 Reward: 546.766 Loss: 27.689
episode: 45000
=> Save ./models/logs_m_2/q_2/t_2/l_0/latency_4s/model-45000.pth
Episode: 45000 Reward: 332.343 Loss: 18.919
episode: 45500
=> Save ./models/logs_m_2/q_2/t_2/l_0/latency_4s/model-45500.pth
Episode: 45500 Reward: 569.885 Loss: 36.138
episode: 46000
=> Save ./models/logs_m_2/q_2/t_2/l_0/latency_4s/model-46000.pth
Episode: 46000 Reward: 232.834 Loss: 30.716
episode: 46500
=> Save ./models/logs_m_2/q_2/t_2/l_0/latency_4s/model-46500.pth
Episode: 46500 Reward: -49.094 Loss: 25.537
episode: 47000
=> Save ./models/logs_m_2/q_2/t_2/l_0/latency_4s/model-47000.pth
Episode: 47000 Reward: 569.940 Loss: 36.628
episode: 47500
=> Save ./models/logs_m_2/q_2/t_2/l_0/latency_4s/model-47500.pth
Episode: 47500 Reward: 120.322 Loss: 40.902
episode: 48000
=> Save ./models/logs_m_2/q_2/t_2/l_0/latency_4s/model-48000.pth
Episode: 48000 Reward: 559.065 Loss: 34.003
episode: 48500
=> Save ./models/logs_m_2/q_2/t_2/l_0/latency_4s/model-48500.pth
Episode: 48500 Reward: 514.711 Loss: 60.396
episode: 49000
=> Save ./models/logs_m_2/q_2/t_2/l_0/latency_4s/model-49000.pth
Episode: 49000 Reward: 352.594 Loss: 29.234
episode: 49500
=> Save ./models/logs_m_2/q_2/t_2/l_0/latency_4s/model-49500.pth
Episode: 49500 Reward: 567.570 Loss: 38.894
episode: 50000
=> Save ./models/logs_m_2/q_2/t_2/l_0/latency_4s/model-50000.pth
Episode: 50000 Reward: 567.831 Loss: 34.451
episode: 50500
=> Save ./models/logs_m_2/q_2/t_2/l_0/latency_4s/model-50500.pth
Episode: 50500 Reward: 321.489 Loss: 34.754
episode: 51000
=> Save ./models/logs_m_2/q_2/t_2/l_0/latency_4s/model-51000.pth
Episode: 51000 Reward: 309.180 Loss: 21.815
episode: 51500
=> Save ./models/logs_m_2/q_2/t_2/l_0/latency_4s/model-51500.pth
Episode: 51500 Reward: 350.127 Loss: 26.243
episode: 52000
=> Save ./models/logs_m_2/q_2/t_2/l_0/latency_4s/model-52000.pth
Episode: 52000 Reward: 334.231 Loss: 19.325
episode: 52500
=> Save ./models/logs_m_2/q_2/t_2/l_0/latency_4s/model-52500.pth
Episode: 52500 Reward: 352.958 Loss: 20.628
episode: 53000
=> Save ./models/logs_m_2/q_2/t_2/l_0/latency_4s/model-53000.pth
Episode: 53000 Reward: 296.559 Loss: 29.847
episode: 53500
=> Save ./models/logs_m_2/q_2/t_2/l_0/latency_4s/model-53500.pth
Episode: 53500 Reward: 179.079 Loss: 26.457
episode: 54000
=> Save ./models/logs_m_2/q_2/t_2/l_0/latency_4s/model-54000.pth
Episode: 54000 Reward: 338.837 Loss: 19.486
episode: 54500
=> Save ./models/logs_m_2/q_2/t_2/l_0/latency_4s/model-54500.pth
Episode: 54500 Reward: 575.645 Loss: 29.778
episode: 55000
=> Save ./models/logs_m_2/q_2/t_2/l_0/latency_4s/model-55000.pth
Episode: 55000 Reward: 398.230 Loss: 24.601
episode: 55500
=> Save ./models/logs_m_2/q_2/t_2/l_0/latency_4s/model-55500.pth
Episode: 55500 Reward: 324.541 Loss: 42.352
episode: 56000
=> Save ./models/logs_m_2/q_2/t_2/l_0/latency_4s/model-56000.pth
Episode: 56000 Reward: 558.378 Loss: 18.045
episode: 56500
=> Save ./models/logs_m_2/q_2/t_2/l_0/latency_4s/model-56500.pth
Episode: 56500 Reward: 187.719 Loss: 27.180
episode: 57000
=> Save ./models/logs_m_2/q_2/t_2/l_0/latency_4s/model-57000.pth
Episode: 57000 Reward: 213.401 Loss: 33.142
episode: 57500
=> Save ./models/logs_m_2/q_2/t_2/l_0/latency_4s/model-57500.pth
Episode: 57500 Reward: 434.650 Loss: 28.774
episode: 58000
=> Save ./models/logs_m_2/q_2/t_2/l_0/latency_4s/model-58000.pth
Episode: 58000 Reward: 253.547 Loss: 28.869
episode: 58500
=> Save ./models/logs_m_2/q_2/t_2/l_0/latency_4s/model-58500.pth
Episode: 58500 Reward: 574.507 Loss: 25.391
episode: 59000
=> Save ./models/logs_m_2/q_2/t_2/l_0/latency_4s/model-59000.pth
Episode: 59000 Reward: 351.125 Loss: 30.549
episode: 59500
=> Save ./models/logs_m_2/q_2/t_2/l_0/latency_4s/model-59500.pth
Episode: 59500 Reward: 208.188 Loss: 43.576
episode: 60000
=> Save ./models/logs_m_2/q_2/t_2/l_0/latency_4s/model-60000.pth
Episode: 60000 Reward: 256.128 Loss: 31.831
episode: 60500
=> Save ./models/logs_m_2/q_2/t_2/l_0/latency_4s/model-60500.pth
Episode: 60500 Reward: 574.867 Loss: 29.022
episode: 61000
=> Save ./models/logs_m_2/q_2/t_2/l_0/latency_4s/model-61000.pth
Episode: 61000 Reward: 404.425 Loss: 29.929
episode: 61500
=> Save ./models/logs_m_2/q_2/t_2/l_0/latency_4s/model-61500.pth
Episode: 61500 Reward: 415.640 Loss: 25.701
episode: 62000
=> Save ./models/logs_m_2/q_2/t_2/l_0/latency_4s/model-62000.pth
Episode: 62000 Reward: 208.140 Loss: 36.032
episode: 62500
=> Save ./models/logs_m_2/q_2/t_2/l_0/latency_4s/model-62500.pth
Episode: 62500 Reward: 9.034 Loss: 46.855
episode: 63000
=> Save ./models/logs_m_2/q_2/t_2/l_0/latency_4s/model-63000.pth
Episode: 63000 Reward: 153.190 Loss: 61.117
episode: 63500
=> Save ./models/logs_m_2/q_2/t_2/l_0/latency_4s/model-63500.pth
Episode: 63500 Reward: 51.693 Loss: 44.422
episode: 64000
=> Save ./models/logs_m_2/q_2/t_2/l_0/latency_4s/model-64000.pth
Episode: 64000 Reward: 349.133 Loss: 34.158
episode: 64500
=> Save ./models/logs_m_2/q_2/t_2/l_0/latency_4s/model-64500.pth
Episode: 64500 Reward: 565.238 Loss: 19.637
episode: 65000
=> Save ./models/logs_m_2/q_2/t_2/l_0/latency_4s/model-65000.pth
Episode: 65000 Reward: 311.022 Loss: 28.505
episode: 65500
=> Save ./models/logs_m_2/q_2/t_2/l_0/latency_4s/model-65500.pth
Episode: 65500 Reward: 528.463 Loss: 27.567
episode: 66000
=> Save ./models/logs_m_2/q_2/t_2/l_0/latency_4s/model-66000.pth
Episode: 66000 Reward: 350.870 Loss: 19.804
episode: 66500
=> Save ./models/logs_m_2/q_2/t_2/l_0/latency_4s/model-66500.pth
Episode: 66500 Reward: 20.302 Loss: 26.250
episode: 67000
=> Save ./models/logs_m_2/q_2/t_2/l_0/latency_4s/model-67000.pth
Episode: 67000 Reward: 482.037 Loss: 33.399
episode: 67500
=> Save ./models/logs_m_2/q_2/t_2/l_0/latency_4s/model-67500.pth
Episode: 67500 Reward: 276.028 Loss: 29.937
episode: 68000
=> Save ./models/logs_m_2/q_2/t_2/l_0/latency_4s/model-68000.pth
Episode: 68000 Reward: 384.697 Loss: 30.137
episode: 68500
=> Save ./models/logs_m_2/q_2/t_2/l_0/latency_4s/model-68500.pth
Episode: 68500 Reward: 291.568 Loss: 27.624
episode: 69000
=> Save ./models/logs_m_2/q_2/t_2/l_0/latency_4s/model-69000.pth
Episode: 69000 Reward: 319.161 Loss: 28.934
episode: 69500
=> Save ./models/logs_m_2/q_2/t_2/l_0/latency_4s/model-69500.pth
Episode: 69500 Reward: 70.522 Loss: 24.680
episode: 70000
=> Save ./models/logs_m_2/q_2/t_2/l_0/latency_4s/model-70000.pth
Episode: 70000 Reward: 338.014 Loss: 23.114
