player initial finish
Traceback (most recent call last):
  File "main.py", line 115, in <module>
    main()
  File "main.py", line 28, in main
    agent = Agent(action_dims)
  File "/scratch/ls3817/low_latency_streaming/dyn_multispeed_torch/agent.py", line 27, in __init__
    self.build_network()
  File "/scratch/ls3817/low_latency_streaming/dyn_multispeed_torch/agent.py", line 30, in build_network
    self.Q_network = Model(self.action_dims, self.model_version, self.loss_version).cuda()
  File "/scratch/ls3817/torch/lib/python3.7/site-packages/torch/nn/modules/module.py", line 304, in cuda
    return self._apply(lambda t: t.cuda(device))
  File "/scratch/ls3817/torch/lib/python3.7/site-packages/torch/nn/modules/module.py", line 201, in _apply
    module._apply(fn)
  File "/scratch/ls3817/torch/lib/python3.7/site-packages/torch/nn/modules/rnn.py", line 132, in _apply
    ret = super(RNNBase, self)._apply(fn)
  File "/scratch/ls3817/torch/lib/python3.7/site-packages/torch/nn/modules/module.py", line 223, in _apply
    param_applied = fn(param)
  File "/scratch/ls3817/torch/lib/python3.7/site-packages/torch/nn/modules/module.py", line 304, in <lambda>
    return self._apply(lambda t: t.cuda(device))
  File "/scratch/ls3817/torch/lib/python3.7/site-packages/torch/cuda/__init__.py", line 196, in _lazy_init
    _check_driver()
  File "/scratch/ls3817/torch/lib/python3.7/site-packages/torch/cuda/__init__.py", line 101, in _check_driver
    http://www.nvidia.com/Download/index.aspx""")
AssertionError: 
Found no NVIDIA driver on your system. Please check that you
have an NVIDIA GPU and installed a driver from
http://www.nvidia.com/Download/index.aspx
