player initial finish
=> Restore ./models/logs_m_2/q_2/t_2/l_0/latency_3s/model-7500.pth
episode: 8000
=> Save ./models/logs_m_2/q_2/t_2/l_0/latency_3s/model-8000.pth
Episode: 8000 Reward: -84.764 Loss: 48.555
episode: 8500
=> Save ./models/logs_m_2/q_2/t_2/l_0/latency_3s/model-8500.pth
Episode: 8500 Reward: -223.258 Loss: 34.196
episode: 9000
=> Save ./models/logs_m_2/q_2/t_2/l_0/latency_3s/model-9000.pth
Episode: 9000 Reward: -75.327 Loss: 52.140
episode: 9500
=> Save ./models/logs_m_2/q_2/t_2/l_0/latency_3s/model-9500.pth
Episode: 9500 Reward: -58.702 Loss: 48.447
episode: 10000
=> Save ./models/logs_m_2/q_2/t_2/l_0/latency_3s/model-10000.pth
Episode: 10000 Reward: -355.632 Loss: 67.493
episode: 10500
=> Save ./models/logs_m_2/q_2/t_2/l_0/latency_3s/model-10500.pth
Episode: 10500 Reward: -68.852 Loss: 74.132
episode: 11000
=> Save ./models/logs_m_2/q_2/t_2/l_0/latency_3s/model-11000.pth
Episode: 11000 Reward: -120.410 Loss: 57.560
episode: 11500
=> Save ./models/logs_m_2/q_2/t_2/l_0/latency_3s/model-11500.pth
Episode: 11500 Reward: -418.073 Loss: 58.812
episode: 12000
=> Save ./models/logs_m_2/q_2/t_2/l_0/latency_3s/model-12000.pth
Episode: 12000 Reward: -60.626 Loss: 53.527
episode: 12500
=> Save ./models/logs_m_2/q_2/t_2/l_0/latency_3s/model-12500.pth
Episode: 12500 Reward: -39.242 Loss: 59.769
episode: 13000
=> Save ./models/logs_m_2/q_2/t_2/l_0/latency_3s/model-13000.pth
Episode: 13000 Reward: -90.230 Loss: 49.324
episode: 13500
=> Save ./models/logs_m_2/q_2/t_2/l_0/latency_3s/model-13500.pth
Episode: 13500 Reward: -60.623 Loss: 45.207
episode: 14000
=> Save ./models/logs_m_2/q_2/t_2/l_0/latency_3s/model-14000.pth
Episode: 14000 Reward: -63.034 Loss: 57.036
episode: 14500
=> Save ./models/logs_m_2/q_2/t_2/l_0/latency_3s/model-14500.pth
Episode: 14500 Reward: 22.080 Loss: 47.905
episode: 15000
=> Save ./models/logs_m_2/q_2/t_2/l_0/latency_3s/model-15000.pth
Episode: 15000 Reward: -55.548 Loss: 43.167
episode: 15500
=> Save ./models/logs_m_2/q_2/t_2/l_0/latency_3s/model-15500.pth
Episode: 15500 Reward: -122.093 Loss: 31.705
episode: 16000
=> Save ./models/logs_m_2/q_2/t_2/l_0/latency_3s/model-16000.pth
Episode: 16000 Reward: 14.259 Loss: 32.112
episode: 16500
=> Save ./models/logs_m_2/q_2/t_2/l_0/latency_3s/model-16500.pth
Episode: 16500 Reward: -417.487 Loss: 41.892
episode: 17000
=> Save ./models/logs_m_2/q_2/t_2/l_0/latency_3s/model-17000.pth
Episode: 17000 Reward: -27.048 Loss: 34.398
episode: 17500
=> Save ./models/logs_m_2/q_2/t_2/l_0/latency_3s/model-17500.pth
Episode: 17500 Reward: -67.839 Loss: 30.707
episode: 18000
=> Save ./models/logs_m_2/q_2/t_2/l_0/latency_3s/model-18000.pth
Episode: 18000 Reward: 41.776 Loss: 34.310
episode: 18500
=> Save ./models/logs_m_2/q_2/t_2/l_0/latency_3s/model-18500.pth
Episode: 18500 Reward: 21.318 Loss: 49.689
episode: 19000
=> Save ./models/logs_m_2/q_2/t_2/l_0/latency_3s/model-19000.pth
Episode: 19000 Reward: 62.424 Loss: 60.255
episode: 19500
=> Save ./models/logs_m_2/q_2/t_2/l_0/latency_3s/model-19500.pth
Episode: 19500 Reward: 78.716 Loss: 71.448
episode: 20000
=> Save ./models/logs_m_2/q_2/t_2/l_0/latency_3s/model-20000.pth
Episode: 20000 Reward: -64.393 Loss: 49.437
episode: 20500
=> Save ./models/logs_m_2/q_2/t_2/l_0/latency_3s/model-20500.pth
Episode: 20500 Reward: -66.076 Loss: 34.035
episode: 21000
=> Save ./models/logs_m_2/q_2/t_2/l_0/latency_3s/model-21000.pth
Episode: 21000 Reward: -100.892 Loss: 52.303
episode: 21500
=> Save ./models/logs_m_2/q_2/t_2/l_0/latency_3s/model-21500.pth
Episode: 21500 Reward: 72.686 Loss: 46.305
episode: 22000
=> Save ./models/logs_m_2/q_2/t_2/l_0/latency_3s/model-22000.pth
Episode: 22000 Reward: -61.027 Loss: 46.522
episode: 22500
=> Save ./models/logs_m_2/q_2/t_2/l_0/latency_3s/model-22500.pth
Episode: 22500 Reward: 42.315 Loss: 42.625
episode: 23000
=> Save ./models/logs_m_2/q_2/t_2/l_0/latency_3s/model-23000.pth
Episode: 23000 Reward: -34.620 Loss: 37.907
episode: 23500
=> Save ./models/logs_m_2/q_2/t_2/l_0/latency_3s/model-23500.pth
Episode: 23500 Reward: 83.964 Loss: 55.026
episode: 24000
=> Save ./models/logs_m_2/q_2/t_2/l_0/latency_3s/model-24000.pth
Episode: 24000 Reward: 64.286 Loss: 53.694
episode: 24500
=> Save ./models/logs_m_2/q_2/t_2/l_0/latency_3s/model-24500.pth
Episode: 24500 Reward: -232.816 Loss: 46.867
episode: 25000
=> Save ./models/logs_m_2/q_2/t_2/l_0/latency_3s/model-25000.pth
Episode: 25000 Reward: 14.307 Loss: 29.308
episode: 25500
=> Save ./models/logs_m_2/q_2/t_2/l_0/latency_3s/model-25500.pth
Episode: 25500 Reward: 26.536 Loss: 36.626
episode: 26000
=> Save ./models/logs_m_2/q_2/t_2/l_0/latency_3s/model-26000.pth
Episode: 26000 Reward: 24.951 Loss: 45.388
episode: 26500
=> Save ./models/logs_m_2/q_2/t_2/l_0/latency_3s/model-26500.pth
Episode: 26500 Reward: 76.033 Loss: 41.048
episode: 27000
=> Save ./models/logs_m_2/q_2/t_2/l_0/latency_3s/model-27000.pth
Episode: 27000 Reward: -56.107 Loss: 41.468
episode: 27500
=> Save ./models/logs_m_2/q_2/t_2/l_0/latency_3s/model-27500.pth
Episode: 27500 Reward: 51.402 Loss: 27.581
episode: 28000
=> Save ./models/logs_m_2/q_2/t_2/l_0/latency_3s/model-28000.pth
Episode: 28000 Reward: 63.506 Loss: 38.335
episode: 28500
=> Save ./models/logs_m_2/q_2/t_2/l_0/latency_3s/model-28500.pth
Episode: 28500 Reward: -83.573 Loss: 31.851
episode: 29000
=> Save ./models/logs_m_2/q_2/t_2/l_0/latency_3s/model-29000.pth
Episode: 29000 Reward: 178.706 Loss: 43.175
episode: 29500
=> Save ./models/logs_m_2/q_2/t_2/l_0/latency_3s/model-29500.pth
Episode: 29500 Reward: -126.888 Loss: 35.176
episode: 30000
=> Save ./models/logs_m_2/q_2/t_2/l_0/latency_3s/model-30000.pth
Episode: 30000 Reward: -255.858 Loss: 40.547
episode: 30500
=> Save ./models/logs_m_2/q_2/t_2/l_0/latency_3s/model-30500.pth
Episode: 30500 Reward: 42.799 Loss: 32.952
episode: 31000
=> Save ./models/logs_m_2/q_2/t_2/l_0/latency_3s/model-31000.pth
Episode: 31000 Reward: 70.706 Loss: 49.391
episode: 31500
=> Save ./models/logs_m_2/q_2/t_2/l_0/latency_3s/model-31500.pth
Episode: 31500 Reward: -52.907 Loss: 26.107
episode: 32000
=> Save ./models/logs_m_2/q_2/t_2/l_0/latency_3s/model-32000.pth
Episode: 32000 Reward: 154.468 Loss: 35.018
episode: 32500
=> Save ./models/logs_m_2/q_2/t_2/l_0/latency_3s/model-32500.pth
Episode: 32500 Reward: 39.262 Loss: 37.959
episode: 33000
=> Save ./models/logs_m_2/q_2/t_2/l_0/latency_3s/model-33000.pth
Episode: 33000 Reward: -181.339 Loss: 32.520
episode: 33500
=> Save ./models/logs_m_2/q_2/t_2/l_0/latency_3s/model-33500.pth
Episode: 33500 Reward: 76.010 Loss: 36.923
episode: 34000
=> Save ./models/logs_m_2/q_2/t_2/l_0/latency_3s/model-34000.pth
Episode: 34000 Reward: -201.621 Loss: 33.693
episode: 34500
=> Save ./models/logs_m_2/q_2/t_2/l_0/latency_3s/model-34500.pth
Episode: 34500 Reward: 131.448 Loss: 46.784
episode: 35000
=> Save ./models/logs_m_2/q_2/t_2/l_0/latency_3s/model-35000.pth
Episode: 35000 Reward: 61.676 Loss: 49.205
episode: 35500
=> Save ./models/logs_m_2/q_2/t_2/l_0/latency_3s/model-35500.pth
Episode: 35500 Reward: 93.560 Loss: 32.809
episode: 36000
=> Save ./models/logs_m_2/q_2/t_2/l_0/latency_3s/model-36000.pth
Episode: 36000 Reward: 78.326 Loss: 32.138
episode: 36500
=> Save ./models/logs_m_2/q_2/t_2/l_0/latency_3s/model-36500.pth
Episode: 36500 Reward: 193.422 Loss: 43.061
episode: 37000
=> Save ./models/logs_m_2/q_2/t_2/l_0/latency_3s/model-37000.pth
Episode: 37000 Reward: 105.663 Loss: 39.873
episode: 37500
=> Save ./models/logs_m_2/q_2/t_2/l_0/latency_3s/model-37500.pth
Episode: 37500 Reward: -13.802 Loss: 33.284
episode: 38000
=> Save ./models/logs_m_2/q_2/t_2/l_0/latency_3s/model-38000.pth
Episode: 38000 Reward: 51.615 Loss: 47.282
episode: 38500
=> Save ./models/logs_m_2/q_2/t_2/l_0/latency_3s/model-38500.pth
Episode: 38500 Reward: -114.185 Loss: 40.800
episode: 39000
=> Save ./models/logs_m_2/q_2/t_2/l_0/latency_3s/model-39000.pth
Episode: 39000 Reward: 152.989 Loss: 27.787
episode: 39500
=> Save ./models/logs_m_2/q_2/t_2/l_0/latency_3s/model-39500.pth
Episode: 39500 Reward: 129.917 Loss: 41.954
episode: 40000
=> Save ./models/logs_m_2/q_2/t_2/l_0/latency_3s/model-40000.pth
Episode: 40000 Reward: -119.870 Loss: 45.062
episode: 40500
=> Save ./models/logs_m_2/q_2/t_2/l_0/latency_3s/model-40500.pth
Episode: 40500 Reward: 99.570 Loss: 34.071
episode: 41000
=> Save ./models/logs_m_2/q_2/t_2/l_0/latency_3s/model-41000.pth
Episode: 41000 Reward: 170.674 Loss: 43.788
episode: 41500
=> Save ./models/logs_m_2/q_2/t_2/l_0/latency_3s/model-41500.pth
Episode: 41500 Reward: 135.681 Loss: 31.738
episode: 42000
=> Save ./models/logs_m_2/q_2/t_2/l_0/latency_3s/model-42000.pth
Episode: 42000 Reward: 64.015 Loss: 42.568
episode: 42500
=> Save ./models/logs_m_2/q_2/t_2/l_0/latency_3s/model-42500.pth
Episode: 42500 Reward: 105.397 Loss: 40.759
episode: 43000
=> Save ./models/logs_m_2/q_2/t_2/l_0/latency_3s/model-43000.pth
Episode: 43000 Reward: 129.822 Loss: 41.290
episode: 43500
=> Save ./models/logs_m_2/q_2/t_2/l_0/latency_3s/model-43500.pth
Episode: 43500 Reward: 90.240 Loss: 50.732
episode: 44000
=> Save ./models/logs_m_2/q_2/t_2/l_0/latency_3s/model-44000.pth
Episode: 44000 Reward: 197.931 Loss: 48.645
episode: 44500
=> Save ./models/logs_m_2/q_2/t_2/l_0/latency_3s/model-44500.pth
Episode: 44500 Reward: 183.728 Loss: 37.272
episode: 45000
=> Save ./models/logs_m_2/q_2/t_2/l_0/latency_3s/model-45000.pth
Episode: 45000 Reward: 157.640 Loss: 33.769
episode: 45500
=> Save ./models/logs_m_2/q_2/t_2/l_0/latency_3s/model-45500.pth
Episode: 45500 Reward: -2.001 Loss: 32.917
episode: 46000
=> Save ./models/logs_m_2/q_2/t_2/l_0/latency_3s/model-46000.pth
Episode: 46000 Reward: 26.589 Loss: 42.518
episode: 46500
=> Save ./models/logs_m_2/q_2/t_2/l_0/latency_3s/model-46500.pth
Episode: 46500 Reward: 114.087 Loss: 45.944
episode: 47000
=> Save ./models/logs_m_2/q_2/t_2/l_0/latency_3s/model-47000.pth
Episode: 47000 Reward: 55.459 Loss: 35.757
episode: 47500
=> Save ./models/logs_m_2/q_2/t_2/l_0/latency_3s/model-47500.pth
Episode: 47500 Reward: 3.594 Loss: 45.110
episode: 48000
=> Save ./models/logs_m_2/q_2/t_2/l_0/latency_3s/model-48000.pth
Episode: 48000 Reward: 24.628 Loss: 43.271
episode: 48500
=> Save ./models/logs_m_2/q_2/t_2/l_0/latency_3s/model-48500.pth
Episode: 48500 Reward: 158.947 Loss: 57.400
episode: 49000
=> Save ./models/logs_m_2/q_2/t_2/l_0/latency_3s/model-49000.pth
Episode: 49000 Reward: 125.342 Loss: 45.440
episode: 49500
=> Save ./models/logs_m_2/q_2/t_2/l_0/latency_3s/model-49500.pth
Episode: 49500 Reward: -85.068 Loss: 40.540
episode: 50000
=> Save ./models/logs_m_2/q_2/t_2/l_0/latency_3s/model-50000.pth
Episode: 50000 Reward: 133.037 Loss: 37.250
episode: 50500
=> Save ./models/logs_m_2/q_2/t_2/l_0/latency_3s/model-50500.pth
Episode: 50500 Reward: -11.603 Loss: 44.701
episode: 51000
=> Save ./models/logs_m_2/q_2/t_2/l_0/latency_3s/model-51000.pth
Episode: 51000 Reward: 108.551 Loss: 36.813
episode: 51500
=> Save ./models/logs_m_2/q_2/t_2/l_0/latency_3s/model-51500.pth
Episode: 51500 Reward: 153.582 Loss: 40.108
episode: 52000
=> Save ./models/logs_m_2/q_2/t_2/l_0/latency_3s/model-52000.pth
Episode: 52000 Reward: 75.673 Loss: 37.068
episode: 52500
=> Save ./models/logs_m_2/q_2/t_2/l_0/latency_3s/model-52500.pth
Episode: 52500 Reward: 201.093 Loss: 44.810
episode: 53000
=> Save ./models/logs_m_2/q_2/t_2/l_0/latency_3s/model-53000.pth
Episode: 53000 Reward: 123.979 Loss: 24.346
episode: 53500
=> Save ./models/logs_m_2/q_2/t_2/l_0/latency_3s/model-53500.pth
Episode: 53500 Reward: 153.217 Loss: 25.853
episode: 54000
=> Save ./models/logs_m_2/q_2/t_2/l_0/latency_3s/model-54000.pth
Episode: 54000 Reward: 201.757 Loss: 25.476
episode: 54500
=> Save ./models/logs_m_2/q_2/t_2/l_0/latency_3s/model-54500.pth
Episode: 54500 Reward: 29.552 Loss: 26.076
episode: 55000
=> Save ./models/logs_m_2/q_2/t_2/l_0/latency_3s/model-55000.pth
Episode: 55000 Reward: 177.081 Loss: 25.392
episode: 55500
=> Save ./models/logs_m_2/q_2/t_2/l_0/latency_3s/model-55500.pth
Episode: 55500 Reward: 31.327 Loss: 26.888
episode: 56000
=> Save ./models/logs_m_2/q_2/t_2/l_0/latency_3s/model-56000.pth
Episode: 56000 Reward: -89.247 Loss: 35.719
episode: 56500
=> Save ./models/logs_m_2/q_2/t_2/l_0/latency_3s/model-56500.pth
Episode: 56500 Reward: 107.715 Loss: 28.933
episode: 57000
=> Save ./models/logs_m_2/q_2/t_2/l_0/latency_3s/model-57000.pth
Episode: 57000 Reward: 162.036 Loss: 33.644
episode: 57500
=> Save ./models/logs_m_2/q_2/t_2/l_0/latency_3s/model-57500.pth
Episode: 57500 Reward: -53.419 Loss: 24.478
episode: 58000
=> Save ./models/logs_m_2/q_2/t_2/l_0/latency_3s/model-58000.pth
Episode: 58000 Reward: 55.443 Loss: 43.515
episode: 58500
=> Save ./models/logs_m_2/q_2/t_2/l_0/latency_3s/model-58500.pth
Episode: 58500 Reward: 241.475 Loss: 32.946
episode: 59000
=> Save ./models/logs_m_2/q_2/t_2/l_0/latency_3s/model-59000.pth
Episode: 59000 Reward: 247.710 Loss: 35.594
episode: 59500
=> Save ./models/logs_m_2/q_2/t_2/l_0/latency_3s/model-59500.pth
Episode: 59500 Reward: 219.862 Loss: 35.837
episode: 60000
=> Save ./models/logs_m_2/q_2/t_2/l_0/latency_3s/model-60000.pth
Episode: 60000 Reward: 121.595 Loss: 41.541
episode: 60500
=> Save ./models/logs_m_2/q_2/t_2/l_0/latency_3s/model-60500.pth
Episode: 60500 Reward: 153.133 Loss: 45.276
episode: 61000
=> Save ./models/logs_m_2/q_2/t_2/l_0/latency_3s/model-61000.pth
Episode: 61000 Reward: 165.679 Loss: 49.724
episode: 61500
=> Save ./models/logs_m_2/q_2/t_2/l_0/latency_3s/model-61500.pth
Episode: 61500 Reward: 106.812 Loss: 36.537
episode: 62000
=> Save ./models/logs_m_2/q_2/t_2/l_0/latency_3s/model-62000.pth
Episode: 62000 Reward: 225.943 Loss: 39.324
episode: 62500
=> Save ./models/logs_m_2/q_2/t_2/l_0/latency_3s/model-62500.pth
Episode: 62500 Reward: 98.176 Loss: 28.238
episode: 63000
=> Save ./models/logs_m_2/q_2/t_2/l_0/latency_3s/model-63000.pth
Episode: 63000 Reward: 83.943 Loss: 43.759
episode: 63500
=> Save ./models/logs_m_2/q_2/t_2/l_0/latency_3s/model-63500.pth
Episode: 63500 Reward: 240.004 Loss: 48.034
episode: 64000
=> Save ./models/logs_m_2/q_2/t_2/l_0/latency_3s/model-64000.pth
Episode: 64000 Reward: 233.830 Loss: 43.002
episode: 64500
=> Save ./models/logs_m_2/q_2/t_2/l_0/latency_3s/model-64500.pth
Episode: 64500 Reward: 140.159 Loss: 47.641
episode: 65000
=> Save ./models/logs_m_2/q_2/t_2/l_0/latency_3s/model-65000.pth
Episode: 65000 Reward: -0.938 Loss: 76.226
episode: 65500
=> Save ./models/logs_m_2/q_2/t_2/l_0/latency_3s/model-65500.pth
Episode: 65500 Reward: -25.488 Loss: 58.101
episode: 66000
=> Save ./models/logs_m_2/q_2/t_2/l_0/latency_3s/model-66000.pth
Episode: 66000 Reward: 136.699 Loss: 48.868
episode: 66500
=> Save ./models/logs_m_2/q_2/t_2/l_0/latency_3s/model-66500.pth
Episode: 66500 Reward: 247.388 Loss: 49.244
episode: 67000
=> Save ./models/logs_m_2/q_2/t_2/l_0/latency_3s/model-67000.pth
Episode: 67000 Reward: 246.085 Loss: 56.966
episode: 67500
=> Save ./models/logs_m_2/q_2/t_2/l_0/latency_3s/model-67500.pth
Episode: 67500 Reward: 112.457 Loss: 60.682
episode: 68000
=> Save ./models/logs_m_2/q_2/t_2/l_0/latency_3s/model-68000.pth
Episode: 68000 Reward: 44.686 Loss: 49.784
episode: 68500
=> Save ./models/logs_m_2/q_2/t_2/l_0/latency_3s/model-68500.pth
Episode: 68500 Reward: 176.234 Loss: 51.331
episode: 69000
=> Save ./models/logs_m_2/q_2/t_2/l_0/latency_3s/model-69000.pth
Episode: 69000 Reward: 253.078 Loss: 28.803
episode: 69500
=> Save ./models/logs_m_2/q_2/t_2/l_0/latency_3s/model-69500.pth
Episode: 69500 Reward: 193.355 Loss: 35.947
episode: 70000
=> Save ./models/logs_m_2/q_2/t_2/l_0/latency_3s/model-70000.pth
Episode: 70000 Reward: 200.360 Loss: 29.908
episode: 70500
=> Save ./models/logs_m_2/q_2/t_2/l_0/latency_3s/model-70500.pth
Episode: 70500 Reward: 253.138 Loss: 38.988
episode: 71000
=> Save ./models/logs_m_2/q_2/t_2/l_0/latency_3s/model-71000.pth
Episode: 71000 Reward: 214.984 Loss: 52.087
episode: 71500
=> Save ./models/logs_m_2/q_2/t_2/l_0/latency_3s/model-71500.pth
Episode: 71500 Reward: 108.347 Loss: 48.936
episode: 72000
=> Save ./models/logs_m_2/q_2/t_2/l_0/latency_3s/model-72000.pth
Episode: 72000 Reward: -79.008 Loss: 60.707
episode: 72500
=> Save ./models/logs_m_2/q_2/t_2/l_0/latency_3s/model-72500.pth
Episode: 72500 Reward: 248.099 Loss: 39.641
episode: 73000
=> Save ./models/logs_m_2/q_2/t_2/l_0/latency_3s/model-73000.pth
Episode: 73000 Reward: 228.368 Loss: 24.725
episode: 73500
=> Save ./models/logs_m_2/q_2/t_2/l_0/latency_3s/model-73500.pth
Episode: 73500 Reward: 110.572 Loss: 41.579
episode: 74000
=> Save ./models/logs_m_2/q_2/t_2/l_0/latency_3s/model-74000.pth
Episode: 74000 Reward: 173.254 Loss: 53.305
episode: 74500
=> Save ./models/logs_m_2/q_2/t_2/l_0/latency_3s/model-74500.pth
Episode: 74500 Reward: 83.974 Loss: 44.646
episode: 75000
=> Save ./models/logs_m_2/q_2/t_2/l_0/latency_3s/model-75000.pth
Episode: 75000 Reward: 176.179 Loss: 48.010
episode: 75500
=> Save ./models/logs_m_2/q_2/t_2/l_0/latency_3s/model-75500.pth
Episode: 75500 Reward: 272.640 Loss: 42.837
episode: 76000
=> Save ./models/logs_m_2/q_2/t_2/l_0/latency_3s/model-76000.pth
Episode: 76000 Reward: 40.051 Loss: 44.786
episode: 76500
=> Save ./models/logs_m_2/q_2/t_2/l_0/latency_3s/model-76500.pth
Episode: 76500 Reward: 267.743 Loss: 37.385
episode: 77000
=> Save ./models/logs_m_2/q_2/t_2/l_0/latency_3s/model-77000.pth
Episode: 77000 Reward: 260.802 Loss: 35.807
episode: 77500
=> Save ./models/logs_m_2/q_2/t_2/l_0/latency_3s/model-77500.pth
Episode: 77500 Reward: 150.881 Loss: 56.983
episode: 78000
=> Save ./models/logs_m_2/q_2/t_2/l_0/latency_3s/model-78000.pth
Episode: 78000 Reward: 198.704 Loss: 64.735
episode: 78500
=> Save ./models/logs_m_2/q_2/t_2/l_0/latency_3s/model-78500.pth
Episode: 78500 Reward: 161.769 Loss: 44.595
episode: 79000
=> Save ./models/logs_m_2/q_2/t_2/l_0/latency_3s/model-79000.pth
Episode: 79000 Reward: 279.358 Loss: 48.034
episode: 79500
=> Save ./models/logs_m_2/q_2/t_2/l_0/latency_3s/model-79500.pth
Episode: 79500 Reward: 182.109 Loss: 41.998
episode: 80000
=> Save ./models/logs_m_2/q_2/t_2/l_0/latency_3s/model-80000.pth
Episode: 80000 Reward: -33.134 Loss: 58.185
episode: 80500
=> Save ./models/logs_m_2/q_2/t_2/l_0/latency_3s/model-80500.pth
Episode: 80500 Reward: 255.307 Loss: 45.818
episode: 81000
=> Save ./models/logs_m_2/q_2/t_2/l_0/latency_3s/model-81000.pth
Episode: 81000 Reward: 124.135 Loss: 66.512
episode: 81500
=> Save ./models/logs_m_2/q_2/t_2/l_0/latency_3s/model-81500.pth
Episode: 81500 Reward: 225.054 Loss: 48.252
episode: 82000
=> Save ./models/logs_m_2/q_2/t_2/l_0/latency_3s/model-82000.pth
Episode: 82000 Reward: -235.744 Loss: 49.231
episode: 82500
=> Save ./models/logs_m_2/q_2/t_2/l_0/latency_3s/model-82500.pth
Episode: 82500 Reward: 0.825 Loss: 52.397
episode: 83000
=> Save ./models/logs_m_2/q_2/t_2/l_0/latency_3s/model-83000.pth
Episode: 83000 Reward: 272.454 Loss: 52.486
episode: 83500
=> Save ./models/logs_m_2/q_2/t_2/l_0/latency_3s/model-83500.pth
Episode: 83500 Reward: 226.473 Loss: 57.129
episode: 84000
=> Save ./models/logs_m_2/q_2/t_2/l_0/latency_3s/model-84000.pth
Episode: 84000 Reward: 150.046 Loss: 54.753
episode: 84500
=> Save ./models/logs_m_2/q_2/t_2/l_0/latency_3s/model-84500.pth
Episode: 84500 Reward: -87.896 Loss: 55.933
episode: 85000
=> Save ./models/logs_m_2/q_2/t_2/l_0/latency_3s/model-85000.pth
Episode: 85000 Reward: 200.684 Loss: 67.737
episode: 85500
=> Save ./models/logs_m_2/q_2/t_2/l_0/latency_3s/model-85500.pth
Episode: 85500 Reward: 114.672 Loss: 68.377
episode: 86000
=> Save ./models/logs_m_2/q_2/t_2/l_0/latency_3s/model-86000.pth
Episode: 86000 Reward: 242.540 Loss: 49.030
episode: 86500
=> Save ./models/logs_m_2/q_2/t_2/l_0/latency_3s/model-86500.pth
Episode: 86500 Reward: 121.538 Loss: 41.567
episode: 87000
=> Save ./models/logs_m_2/q_2/t_2/l_0/latency_3s/model-87000.pth
Episode: 87000 Reward: 242.051 Loss: 61.938
episode: 87500
=> Save ./models/logs_m_2/q_2/t_2/l_0/latency_3s/model-87500.pth
Episode: 87500 Reward: -8.262 Loss: 43.616
episode: 88000
=> Save ./models/logs_m_2/q_2/t_2/l_0/latency_3s/model-88000.pth
Episode: 88000 Reward: -223.703 Loss: 54.884
episode: 88500
=> Save ./models/logs_m_2/q_2/t_2/l_0/latency_3s/model-88500.pth
Episode: 88500 Reward: 218.976 Loss: 53.139
episode: 89000
=> Save ./models/logs_m_2/q_2/t_2/l_0/latency_3s/model-89000.pth
Episode: 89000 Reward: 163.493 Loss: 45.058
episode: 89500
=> Save ./models/logs_m_2/q_2/t_2/l_0/latency_3s/model-89500.pth
Episode: 89500 Reward: -21.414 Loss: 50.238
episode: 90000
=> Save ./models/logs_m_2/q_2/t_2/l_0/latency_3s/model-90000.pth
Episode: 90000 Reward: 194.270 Loss: 52.437
episode: 90500
=> Save ./models/logs_m_2/q_2/t_2/l_0/latency_3s/model-90500.pth
Episode: 90500 Reward: 116.251 Loss: 58.575
episode: 91000
=> Save ./models/logs_m_2/q_2/t_2/l_0/latency_3s/model-91000.pth
Episode: 91000 Reward: 151.654 Loss: 50.734
episode: 91500
=> Save ./models/logs_m_2/q_2/t_2/l_0/latency_3s/model-91500.pth
Episode: 91500 Reward: 203.403 Loss: 57.938
episode: 92000
=> Save ./models/logs_m_2/q_2/t_2/l_0/latency_3s/model-92000.pth
Episode: 92000 Reward: 116.967 Loss: 58.441
episode: 92500
=> Save ./models/logs_m_2/q_2/t_2/l_0/latency_3s/model-92500.pth
Episode: 92500 Reward: 146.246 Loss: 37.962
episode: 93000
=> Save ./models/logs_m_2/q_2/t_2/l_0/latency_3s/model-93000.pth
Episode: 93000 Reward: 225.243 Loss: 50.134
episode: 93500
=> Save ./models/logs_m_2/q_2/t_2/l_0/latency_3s/model-93500.pth
Episode: 93500 Reward: 269.800 Loss: 45.173
episode: 94000
=> Save ./models/logs_m_2/q_2/t_2/l_0/latency_3s/model-94000.pth
Episode: 94000 Reward: 164.986 Loss: 41.022
episode: 94500
=> Save ./models/logs_m_2/q_2/t_2/l_0/latency_3s/model-94500.pth
Episode: 94500 Reward: 158.701 Loss: 48.058
episode: 95000
=> Save ./models/logs_m_2/q_2/t_2/l_0/latency_3s/model-95000.pth
Episode: 95000 Reward: 178.492 Loss: 56.069
episode: 95500
=> Save ./models/logs_m_2/q_2/t_2/l_0/latency_3s/model-95500.pth
Episode: 95500 Reward: 206.776 Loss: 58.509
episode: 96000
=> Save ./models/logs_m_2/q_2/t_2/l_0/latency_3s/model-96000.pth
Episode: 96000 Reward: 145.124 Loss: 75.226
episode: 96500
=> Save ./models/logs_m_2/q_2/t_2/l_0/latency_3s/model-96500.pth
Episode: 96500 Reward: 142.808 Loss: 51.048
episode: 97000
=> Save ./models/logs_m_2/q_2/t_2/l_0/latency_3s/model-97000.pth
Episode: 97000 Reward: 279.154 Loss: 44.387
episode: 97500
=> Save ./models/logs_m_2/q_2/t_2/l_0/latency_3s/model-97500.pth
Episode: 97500 Reward: 232.917 Loss: 35.398
episode: 98000
=> Save ./models/logs_m_2/q_2/t_2/l_0/latency_3s/model-98000.pth
Episode: 98000 Reward: 261.173 Loss: 42.794
episode: 98500
=> Save ./models/logs_m_2/q_2/t_2/l_0/latency_3s/model-98500.pth
Episode: 98500 Reward: 277.525 Loss: 58.924
episode: 99000
=> Save ./models/logs_m_2/q_2/t_2/l_0/latency_3s/model-99000.pth
Episode: 99000 Reward: 156.756 Loss: 41.011
episode: 99500
=> Save ./models/logs_m_2/q_2/t_2/l_0/latency_3s/model-99500.pth
Episode: 99500 Reward: 273.965 Loss: 66.004
episode: 100000
=> Save ./models/logs_m_2/q_2/t_2/l_0/latency_3s/model-100000.pth
Episode: 100000 Reward: 257.855 Loss: 62.194
