player initial finish
episode: 500
=> Save ./models/logs_m_2/q_2/t_2/l_0/latency_4s/model-500.pth
Episode: 500 Reward: -892.837 Loss: 14.324
episode: 1000
=> Save ./models/logs_m_2/q_2/t_2/l_0/latency_4s/model-1000.pth
Episode: 1000 Reward: -791.533 Loss: 16.614
episode: 1500
=> Save ./models/logs_m_2/q_2/t_2/l_0/latency_4s/model-1500.pth
Episode: 1500 Reward: -871.621 Loss: 6.328
episode: 2000
=> Save ./models/logs_m_2/q_2/t_2/l_0/latency_4s/model-2000.pth
Episode: 2000 Reward: -936.985 Loss: 13.776
episode: 2500
=> Save ./models/logs_m_2/q_2/t_2/l_0/latency_4s/model-2500.pth
Episode: 2500 Reward: -785.550 Loss: 18.582
episode: 3000
=> Save ./models/logs_m_2/q_2/t_2/l_0/latency_4s/model-3000.pth
Episode: 3000 Reward: -740.592 Loss: 22.789
episode: 3500
=> Save ./models/logs_m_2/q_2/t_2/l_0/latency_4s/model-3500.pth
Episode: 3500 Reward: -282.891 Loss: 45.898
episode: 4000
=> Save ./models/logs_m_2/q_2/t_2/l_0/latency_4s/model-4000.pth
Episode: 4000 Reward: 35.899 Loss: 33.913
episode: 4500
=> Save ./models/logs_m_2/q_2/t_2/l_0/latency_4s/model-4500.pth
Episode: 4500 Reward: 17.683 Loss: 15.961
episode: 5000
=> Save ./models/logs_m_2/q_2/t_2/l_0/latency_4s/model-5000.pth
Episode: 5000 Reward: -470.309 Loss: 22.111
episode: 5500
=> Save ./models/logs_m_2/q_2/t_2/l_0/latency_4s/model-5500.pth
Episode: 5500 Reward: 11.736 Loss: 19.549
episode: 6000
=> Save ./models/logs_m_2/q_2/t_2/l_0/latency_4s/model-6000.pth
Episode: 6000 Reward: -263.747 Loss: 27.097
episode: 6500
=> Save ./models/logs_m_2/q_2/t_2/l_0/latency_4s/model-6500.pth
Episode: 6500 Reward: 95.617 Loss: 18.177
episode: 7000
=> Save ./models/logs_m_2/q_2/t_2/l_0/latency_4s/model-7000.pth
Episode: 7000 Reward: 90.817 Loss: 16.143
episode: 7500
=> Save ./models/logs_m_2/q_2/t_2/l_0/latency_4s/model-7500.pth
Episode: 7500 Reward: 76.599 Loss: 35.802
episode: 8000
=> Save ./models/logs_m_2/q_2/t_2/l_0/latency_4s/model-8000.pth
Episode: 8000 Reward: 86.492 Loss: 19.256
episode: 8500
=> Save ./models/logs_m_2/q_2/t_2/l_0/latency_4s/model-8500.pth
Episode: 8500 Reward: 234.126 Loss: 22.310
episode: 9000
=> Save ./models/logs_m_2/q_2/t_2/l_0/latency_4s/model-9000.pth
Episode: 9000 Reward: 248.857 Loss: 31.166
episode: 9500
=> Save ./models/logs_m_2/q_2/t_2/l_0/latency_4s/model-9500.pth
Episode: 9500 Reward: -4.696 Loss: 31.990
episode: 10000
=> Save ./models/logs_m_2/q_2/t_2/l_0/latency_4s/model-10000.pth
Episode: 10000 Reward: 204.313 Loss: 31.067
episode: 10500
=> Save ./models/logs_m_2/q_2/t_2/l_0/latency_4s/model-10500.pth
Episode: 10500 Reward: 255.467 Loss: 38.435
episode: 11000
=> Save ./models/logs_m_2/q_2/t_2/l_0/latency_4s/model-11000.pth
Episode: 11000 Reward: 259.450 Loss: 37.486
episode: 11500
=> Save ./models/logs_m_2/q_2/t_2/l_0/latency_4s/model-11500.pth
Episode: 11500 Reward: 172.418 Loss: 37.446
episode: 12000
=> Save ./models/logs_m_2/q_2/t_2/l_0/latency_4s/model-12000.pth
Episode: 12000 Reward: 348.515 Loss: 24.557
episode: 12500
=> Save ./models/logs_m_2/q_2/t_2/l_0/latency_4s/model-12500.pth
Episode: 12500 Reward: 283.765 Loss: 34.695
episode: 13000
=> Save ./models/logs_m_2/q_2/t_2/l_0/latency_4s/model-13000.pth
Episode: 13000 Reward: 347.980 Loss: 17.519
episode: 13500
=> Save ./models/logs_m_2/q_2/t_2/l_0/latency_4s/model-13500.pth
Episode: 13500 Reward: 329.476 Loss: 18.747
episode: 14000
=> Save ./models/logs_m_2/q_2/t_2/l_0/latency_4s/model-14000.pth
Episode: 14000 Reward: 342.166 Loss: 13.838
episode: 14500
=> Save ./models/logs_m_2/q_2/t_2/l_0/latency_4s/model-14500.pth
Episode: 14500 Reward: 338.581 Loss: 9.349
episode: 15000
=> Save ./models/logs_m_2/q_2/t_2/l_0/latency_4s/model-15000.pth
Episode: 15000 Reward: 365.143 Loss: 13.631
episode: 15500
=> Save ./models/logs_m_2/q_2/t_2/l_0/latency_4s/model-15500.pth
Episode: 15500 Reward: 357.038 Loss: 6.541
episode: 16000
=> Save ./models/logs_m_2/q_2/t_2/l_0/latency_4s/model-16000.pth
Episode: 16000 Reward: 380.951 Loss: 7.814
episode: 16500
=> Save ./models/logs_m_2/q_2/t_2/l_0/latency_4s/model-16500.pth
Episode: 16500 Reward: 114.796 Loss: 10.304
episode: 17000
=> Save ./models/logs_m_2/q_2/t_2/l_0/latency_4s/model-17000.pth
Episode: 17000 Reward: 403.016 Loss: 9.476
episode: 17500
=> Save ./models/logs_m_2/q_2/t_2/l_0/latency_4s/model-17500.pth
Episode: 17500 Reward: 256.600 Loss: 14.158
episode: 18000
=> Save ./models/logs_m_2/q_2/t_2/l_0/latency_4s/model-18000.pth
Episode: 18000 Reward: 370.887 Loss: 12.868
episode: 18500
=> Save ./models/logs_m_2/q_2/t_2/l_0/latency_4s/model-18500.pth
Episode: 18500 Reward: 173.033 Loss: 15.548
episode: 19000
=> Save ./models/logs_m_2/q_2/t_2/l_0/latency_4s/model-19000.pth
Episode: 19000 Reward: 427.663 Loss: 7.798
episode: 19500
=> Save ./models/logs_m_2/q_2/t_2/l_0/latency_4s/model-19500.pth
Episode: 19500 Reward: 409.321 Loss: 8.951
episode: 20000
=> Save ./models/logs_m_2/q_2/t_2/l_0/latency_4s/model-20000.pth
Episode: 20000 Reward: 378.544 Loss: 8.365
episode: 20500
=> Save ./models/logs_m_2/q_2/t_2/l_0/latency_4s/model-20500.pth
Episode: 20500 Reward: 424.321 Loss: 12.135
episode: 21000
=> Save ./models/logs_m_2/q_2/t_2/l_0/latency_4s/model-21000.pth
Episode: 21000 Reward: 131.816 Loss: 13.296
episode: 21500
=> Save ./models/logs_m_2/q_2/t_2/l_0/latency_4s/model-21500.pth
Episode: 21500 Reward: 427.009 Loss: 12.650
episode: 22000
=> Save ./models/logs_m_2/q_2/t_2/l_0/latency_4s/model-22000.pth
Episode: 22000 Reward: 326.999 Loss: 11.272
episode: 22500
=> Save ./models/logs_m_2/q_2/t_2/l_0/latency_4s/model-22500.pth
Episode: 22500 Reward: 435.911 Loss: 10.084
episode: 23000
=> Save ./models/logs_m_2/q_2/t_2/l_0/latency_4s/model-23000.pth
Episode: 23000 Reward: 147.668 Loss: 12.884
episode: 23500
=> Save ./models/logs_m_2/q_2/t_2/l_0/latency_4s/model-23500.pth
Episode: 23500 Reward: 435.042 Loss: 14.560
episode: 24000
=> Save ./models/logs_m_2/q_2/t_2/l_0/latency_4s/model-24000.pth
Episode: 24000 Reward: 333.403 Loss: 14.950
episode: 24500
=> Save ./models/logs_m_2/q_2/t_2/l_0/latency_4s/model-24500.pth
Episode: 24500 Reward: 434.290 Loss: 9.178
episode: 25000
=> Save ./models/logs_m_2/q_2/t_2/l_0/latency_4s/model-25000.pth
Episode: 25000 Reward: 415.857 Loss: 8.149
episode: 25500
=> Save ./models/logs_m_2/q_2/t_2/l_0/latency_4s/model-25500.pth
Episode: 25500 Reward: 393.659 Loss: 13.280
episode: 26000
=> Save ./models/logs_m_2/q_2/t_2/l_0/latency_4s/model-26000.pth
Episode: 26000 Reward: 95.153 Loss: 10.892
episode: 26500
=> Save ./models/logs_m_2/q_2/t_2/l_0/latency_4s/model-26500.pth
Episode: 26500 Reward: 420.405 Loss: 12.260
episode: 27000
=> Save ./models/logs_m_2/q_2/t_2/l_0/latency_4s/model-27000.pth
Episode: 27000 Reward: 419.763 Loss: 16.217
episode: 27500
=> Save ./models/logs_m_2/q_2/t_2/l_0/latency_4s/model-27500.pth
Episode: 27500 Reward: 414.268 Loss: 8.148
episode: 28000
=> Save ./models/logs_m_2/q_2/t_2/l_0/latency_4s/model-28000.pth
Episode: 28000 Reward: 293.350 Loss: 12.908
episode: 28500
=> Save ./models/logs_m_2/q_2/t_2/l_0/latency_4s/model-28500.pth
Episode: 28500 Reward: 417.187 Loss: 13.425
episode: 29000
=> Save ./models/logs_m_2/q_2/t_2/l_0/latency_4s/model-29000.pth
Episode: 29000 Reward: 431.890 Loss: 10.273
episode: 29500
=> Save ./models/logs_m_2/q_2/t_2/l_0/latency_4s/model-29500.pth
Episode: 29500 Reward: 227.633 Loss: 10.728
episode: 30000
=> Save ./models/logs_m_2/q_2/t_2/l_0/latency_4s/model-30000.pth
Episode: 30000 Reward: 352.572 Loss: 7.729
episode: 30500
=> Save ./models/logs_m_2/q_2/t_2/l_0/latency_4s/model-30500.pth
Episode: 30500 Reward: 398.852 Loss: 15.591
episode: 31000
=> Save ./models/logs_m_2/q_2/t_2/l_0/latency_4s/model-31000.pth
Episode: 31000 Reward: 352.510 Loss: 12.617
episode: 31500
=> Save ./models/logs_m_2/q_2/t_2/l_0/latency_4s/model-31500.pth
Episode: 31500 Reward: 64.689 Loss: 13.191
episode: 32000
=> Save ./models/logs_m_2/q_2/t_2/l_0/latency_4s/model-32000.pth
Episode: 32000 Reward: 435.387 Loss: 15.368
episode: 32500
=> Save ./models/logs_m_2/q_2/t_2/l_0/latency_4s/model-32500.pth
Episode: 32500 Reward: 436.840 Loss: 11.000
episode: 33000
=> Save ./models/logs_m_2/q_2/t_2/l_0/latency_4s/model-33000.pth
Episode: 33000 Reward: 402.227 Loss: 11.161
episode: 33500
=> Save ./models/logs_m_2/q_2/t_2/l_0/latency_4s/model-33500.pth
Episode: 33500 Reward: 435.665 Loss: 12.350
episode: 34000
=> Save ./models/logs_m_2/q_2/t_2/l_0/latency_4s/model-34000.pth
Episode: 34000 Reward: 240.283 Loss: 9.122
episode: 34500
=> Save ./models/logs_m_2/q_2/t_2/l_0/latency_4s/model-34500.pth
Episode: 34500 Reward: 141.516 Loss: 5.904
episode: 35000
=> Save ./models/logs_m_2/q_2/t_2/l_0/latency_4s/model-35000.pth
Episode: 35000 Reward: 149.740 Loss: 8.399
episode: 35500
=> Save ./models/logs_m_2/q_2/t_2/l_0/latency_4s/model-35500.pth
Episode: 35500 Reward: 336.934 Loss: 4.325
episode: 36000
=> Save ./models/logs_m_2/q_2/t_2/l_0/latency_4s/model-36000.pth
Episode: 36000 Reward: 293.279 Loss: 14.414
episode: 36500
=> Save ./models/logs_m_2/q_2/t_2/l_0/latency_4s/model-36500.pth
Episode: 36500 Reward: 356.138 Loss: 6.906
episode: 37000
=> Save ./models/logs_m_2/q_2/t_2/l_0/latency_4s/model-37000.pth
Episode: 37000 Reward: 330.999 Loss: 10.598
episode: 37500
=> Save ./models/logs_m_2/q_2/t_2/l_0/latency_4s/model-37500.pth
Episode: 37500 Reward: 227.625 Loss: 9.514
episode: 38000
=> Save ./models/logs_m_2/q_2/t_2/l_0/latency_4s/model-38000.pth
Episode: 38000 Reward: 241.447 Loss: 9.636
episode: 38500
=> Save ./models/logs_m_2/q_2/t_2/l_0/latency_4s/model-38500.pth
Episode: 38500 Reward: 356.441 Loss: 4.590
episode: 39000
=> Save ./models/logs_m_2/q_2/t_2/l_0/latency_4s/model-39000.pth
Episode: 39000 Reward: 374.656 Loss: 4.732
episode: 39500
=> Save ./models/logs_m_2/q_2/t_2/l_0/latency_4s/model-39500.pth
Episode: 39500 Reward: 59.253 Loss: 8.490
episode: 40000
=> Save ./models/logs_m_2/q_2/t_2/l_0/latency_4s/model-40000.pth
Episode: 40000 Reward: 372.109 Loss: 4.768
episode: 40500
=> Save ./models/logs_m_2/q_2/t_2/l_0/latency_4s/model-40500.pth
Episode: 40500 Reward: 244.478 Loss: 7.566
episode: 41000
=> Save ./models/logs_m_2/q_2/t_2/l_0/latency_4s/model-41000.pth
Episode: 41000 Reward: 370.135 Loss: 7.571
episode: 41500
=> Save ./models/logs_m_2/q_2/t_2/l_0/latency_4s/model-41500.pth
Episode: 41500 Reward: 361.328 Loss: 3.578
episode: 42000
=> Save ./models/logs_m_2/q_2/t_2/l_0/latency_4s/model-42000.pth
Episode: 42000 Reward: 369.167 Loss: 8.434
episode: 42500
=> Save ./models/logs_m_2/q_2/t_2/l_0/latency_4s/model-42500.pth
Episode: 42500 Reward: 243.855 Loss: 8.683
episode: 43000
=> Save ./models/logs_m_2/q_2/t_2/l_0/latency_4s/model-43000.pth
Episode: 43000 Reward: 353.491 Loss: 5.627
episode: 43500
=> Save ./models/logs_m_2/q_2/t_2/l_0/latency_4s/model-43500.pth
Episode: 43500 Reward: 289.034 Loss: 7.214
episode: 44000
=> Save ./models/logs_m_2/q_2/t_2/l_0/latency_4s/model-44000.pth
Episode: 44000 Reward: 277.483 Loss: 9.977
episode: 44500
=> Save ./models/logs_m_2/q_2/t_2/l_0/latency_4s/model-44500.pth
Episode: 44500 Reward: 358.978 Loss: 6.497
episode: 45000
=> Save ./models/logs_m_2/q_2/t_2/l_0/latency_4s/model-45000.pth
Episode: 45000 Reward: 269.262 Loss: 7.711
episode: 45500
=> Save ./models/logs_m_2/q_2/t_2/l_0/latency_4s/model-45500.pth
Episode: 45500 Reward: 367.363 Loss: 8.813
episode: 46000
=> Save ./models/logs_m_2/q_2/t_2/l_0/latency_4s/model-46000.pth
Episode: 46000 Reward: 343.109 Loss: 8.706
episode: 46500
=> Save ./models/logs_m_2/q_2/t_2/l_0/latency_4s/model-46500.pth
Episode: 46500 Reward: 296.760 Loss: 5.089
episode: 47000
=> Save ./models/logs_m_2/q_2/t_2/l_0/latency_4s/model-47000.pth
Episode: 47000 Reward: 279.369 Loss: 4.797
episode: 47500
=> Save ./models/logs_m_2/q_2/t_2/l_0/latency_4s/model-47500.pth
Episode: 47500 Reward: 341.316 Loss: 6.989
episode: 48000
=> Save ./models/logs_m_2/q_2/t_2/l_0/latency_4s/model-48000.pth
Episode: 48000 Reward: 361.923 Loss: 5.116
episode: 48500
=> Save ./models/logs_m_2/q_2/t_2/l_0/latency_4s/model-48500.pth
Episode: 48500 Reward: 361.582 Loss: 6.271
episode: 49000
=> Save ./models/logs_m_2/q_2/t_2/l_0/latency_4s/model-49000.pth
Episode: 49000 Reward: 116.223 Loss: 9.013
episode: 49500
=> Save ./models/logs_m_2/q_2/t_2/l_0/latency_4s/model-49500.pth
Episode: 49500 Reward: 348.896 Loss: 6.851
episode: 50000
=> Save ./models/logs_m_2/q_2/t_2/l_0/latency_4s/model-50000.pth
Episode: 50000 Reward: 369.254 Loss: 4.522
